2023-07-31 14:02:16.557554: W tensorflow/stream_executor/platform/default/dso_loader.cc:64] Could not load dynamic library 'libcudart.so.11.0'; dlerror: libcudart.so.11.0: cannot open shared object file: No such file or directory
2023-07-31 14:02:16.557592: I tensorflow/stream_executor/cuda/cudart_stub.cc:29] Ignore above cudart dlerror if you do not have a GPU set up on your machine.
2023-07-31 14:02:21.633731: W tensorflow/stream_executor/platform/default/dso_loader.cc:64] Could not load dynamic library 'libcuda.so.1'; dlerror: libcuda.so.1: cannot open shared object file: No such file or directory
2023-07-31 14:02:21.633765: W tensorflow/stream_executor/cuda/cuda_driver.cc:269] failed call to cuInit: UNKNOWN ERROR (303)
2023-07-31 14:02:21.633787: I tensorflow/stream_executor/cuda/cuda_diagnostics.cc:156] kernel driver does not appear to be running on this host (bnode0316.rc.int.colorado.edu): /proc/driver/nvidia/version does not exist
2023-07-31 14:02:21.634171: I tensorflow/core/platform/cpu_feature_guard.cc:151] This TensorFlow binary is optimized with oneAPI Deep Neural Network Library (oneDNN) to use the following CPU instructions in performance-critical operations:  AVX2 FMA
To enable them in other operations, rebuild TensorFlow with the appropriate compiler flags.
WARNING:tensorflow:No training configuration found in the save file, so the model was *not* compiled. Compile it manually.
/projects/etpi5866/igm2/igm/modules/preproc/optimize.py:736: RuntimeWarning: invalid value encountered in divide
  costs[:, i] /= np.max(costs[:, i])
WARNING:tensorflow:No training configuration found in the save file, so the model was *not* compiled. Compile it manually.
/projects/etpi5866/software/anaconda/envs/igm2/lib/python3.10/site-packages/numpy/core/fromnumeric.py:3504: RuntimeWarning: Mean of empty slice.
  return _methods._mean(a, axis=axis, dtype=dtype,
/projects/etpi5866/software/anaconda/envs/igm2/lib/python3.10/site-packages/numpy/core/_methods.py:129: RuntimeWarning: invalid value encountered in scalar divide
  ret = ret.dtype.type(ret / rcount)
                   Step  |  ICE_VOL |  COST_U  |  COST_H  |  COST_D  |  COST_S  |   REGU_H |   REGU_S | COST_GLEN  
OPTI 14:02:35 :        0 |    24.83 |   1792.01 |     0.00 |     0.00 |     0.00 |   508.06 |     0.00 |     6.30 |
OPTI 14:07:38 :       50 |    23.11 |   166.24 |     0.20 |     0.00 |     0.00 |   298.95 |    18.66 |    -0.57 |
OPTI 14:12:43 :      100 |    21.13 |   170.71 |     0.74 |     0.00 |     0.00 |   251.42 |    22.34 |    -0.48 |
OPTI 14:17:48 :      150 |    19.17 |   153.48 |     1.60 |     0.00 |     0.00 |   211.91 |    18.45 |    -0.38 |
OPTI 14:22:54 :      200 |    17.47 |   143.57 |     2.61 |     0.00 |     0.00 |   182.78 |    13.13 |    -0.31 |
OPTI 14:27:58 :      250 |    16.00 |   136.63 |     3.69 |     0.00 |     0.00 |   160.34 |     9.30 |    -0.27 |
OPTI 14:33:05 :      300 |    14.76 |   130.44 |     4.74 |     0.00 |     0.00 |   144.50 |     6.44 |    -0.23 |
OPTI 14:38:08 :      350 |    13.69 |   125.85 |     5.75 |     0.00 |     0.00 |   133.16 |     4.87 |    -0.21 |
OPTI 14:43:11 :      400 |    12.76 |   121.62 |     6.70 |     0.00 |     0.00 |   122.55 |     4.02 |    -0.19 |
OPTI 14:48:14 :      450 |    11.99 |   118.58 |     7.59 |     0.00 |     0.00 |   113.52 |     3.64 |    -0.17 |
IGM %s :         Iterations   |         Time (y)     |     Time Step (y)   |   Ice Volume (km^3) 
Computational statistics report:
                      iceflow  |  mean time per it :      nan  |  total :   0.0000  |  number it  :        0
                     optimize  |  mean time per it :   6.0970  |  total : 3048.5039  |  number it  :      500
                    time_step  |  mean time per it :      nan  |  total :   0.0000  |  number it  :        0
                          thk  |  mean time per it :      nan  |  total :   0.0000  |  number it  :        0
             vertical_iceflow  |  mean time per it :      nan  |  total :   0.0000  |  number it  :        0
