2023-10-05 11:32:38.226278: I tensorflow/tsl/cuda/cudart_stub.cc:28] Could not find cuda drivers on your machine, GPU will not be used.
2023-10-05 11:32:38.280772: E tensorflow/compiler/xla/stream_executor/cuda/cuda_dnn.cc:9342] Unable to register cuDNN factory: Attempting to register factory for plugin cuDNN when one has already been registered
2023-10-05 11:32:38.280805: E tensorflow/compiler/xla/stream_executor/cuda/cuda_fft.cc:609] Unable to register cuFFT factory: Attempting to register factory for plugin cuFFT when one has already been registered
2023-10-05 11:32:38.280834: E tensorflow/compiler/xla/stream_executor/cuda/cuda_blas.cc:1518] Unable to register cuBLAS factory: Attempting to register factory for plugin cuBLAS when one has already been registered
2023-10-05 11:32:38.290935: I tensorflow/tsl/cuda/cudart_stub.cc:28] Could not find cuda drivers on your machine, GPU will not be used.
2023-10-05 11:32:38.291152: I tensorflow/core/platform/cpu_feature_guard.cc:182] This TensorFlow binary is optimized to use available CPU instructions in performance-critical operations.
To enable the following instructions: AVX2 FMA, in other operations, rebuild TensorFlow with the appropriate compiler flags.
2023-10-05 11:32:39.518897: W tensorflow/compiler/tf2tensorrt/utils/py_utils.cc:38] TF-TRT Warning: Could not find TensorRT
/projects/etpi5866/igm/igm/modules/preproc/optimize.py:755: RuntimeWarning: invalid value encountered in divide
  costs[:, i] /= np.max(costs[:, i])
/projects/etpi5866/software/anaconda/envs/igm/lib/python3.10/site-packages/numpy/core/fromnumeric.py:3504: RuntimeWarning: Mean of empty slice.
  return _methods._mean(a, axis=axis, dtype=dtype,
/projects/etpi5866/software/anaconda/envs/igm/lib/python3.10/site-packages/numpy/core/_methods.py:129: RuntimeWarning: invalid value encountered in scalar divide
  ret = ret.dtype.type(ret / rcount)
                   Step  |  ICE_VOL |  COST_U  |  COST_H  |  COST_D  |  COST_S  |   REGU_H |   REGU_S | COST_GLEN  
OPTI 11:32:52 :        0 |    23.33 |    50.33 |     0.00 |     0.00 |     0.00 |    10.33 |     0.00 |    -0.33 |
OPTI 11:35:18 :       50 |    21.70 |     9.29 |     0.00 |     0.00 |     0.99 |     8.21 |     0.00 |    -0.25 |
OPTI 11:37:43 :      100 |    20.84 |     5.49 |     0.00 |     0.00 |     0.55 |     7.20 |     0.00 |    -0.24 |
OPTI 11:40:10 :      150 |    20.17 |     3.66 |     0.00 |     0.00 |     0.39 |     6.75 |     0.00 |    -0.24 |
OPTI 11:42:36 :      200 |    19.56 |     2.74 |     0.00 |     0.00 |     0.32 |     6.52 |     0.00 |    -0.25 |
OPTI 11:45:04 :      250 |    19.03 |     2.26 |     0.00 |     0.00 |     0.25 |     6.32 |     0.00 |    -0.25 |
OPTI 11:47:30 :      300 |    18.55 |     1.98 |     0.00 |     0.00 |     0.21 |     6.10 |     0.00 |    -0.25 |
OPTI 11:49:57 :      350 |    18.15 |     1.86 |     0.00 |     0.00 |     0.19 |     5.90 |     0.00 |    -0.25 |
OPTI 11:52:22 :      400 |    17.83 |     1.77 |     0.00 |     0.00 |     0.18 |     5.79 |     0.00 |    -0.25 |
OPTI 11:54:47 :      450 |    17.60 |     1.71 |     0.00 |     0.00 |     0.17 |     5.66 |     0.00 |    -0.26 |
OPTI 11:57:12 :      500 |    17.39 |     1.68 |     0.00 |     0.00 |     0.16 |     5.58 |     0.00 |    -0.26 |
OPTI 11:59:37 :      550 |    17.23 |     1.67 |     0.00 |     0.00 |     0.16 |     5.48 |     0.00 |    -0.26 |
OPTI 12:02:00 :      600 |    17.08 |     1.66 |     0.00 |     0.00 |     0.15 |     5.43 |     0.00 |    -0.26 |
OPTI 12:04:25 :      650 |    16.96 |     1.66 |     0.00 |     0.00 |     0.15 |     5.44 |     0.00 |    -0.26 |
OPTI 12:06:49 :      700 |    16.87 |     1.67 |     0.00 |     0.00 |     0.15 |     5.48 |     0.00 |    -0.26 |
OPTI 12:09:13 :      750 |    16.79 |     1.67 |     0.00 |     0.00 |     0.14 |     5.58 |     0.00 |    -0.26 |
OPTI 12:11:36 :      800 |    16.74 |     1.67 |     0.00 |     0.00 |     0.14 |     5.66 |     0.00 |    -0.26 |
OPTI 12:13:58 :      850 |    16.69 |     1.67 |     0.00 |     0.00 |     0.14 |     5.66 |     0.00 |    -0.26 |
OPTI 12:16:20 :      900 |    16.64 |     1.67 |     0.00 |     0.00 |     0.14 |     5.63 |     0.00 |    -0.26 |
OPTI 12:18:43 :      950 |    16.61 |     1.67 |     0.00 |     0.00 |     0.14 |     5.63 |     0.00 |    -0.26 |
OPTI 12:21:04 :     1000 |    16.59 |     1.67 |     0.00 |     0.00 |     0.14 |     5.62 |     0.00 |    -0.26 |
OPTI 12:23:26 :     1050 |    16.59 |     1.67 |     0.00 |     0.00 |     0.15 |     5.63 |     0.00 |    -0.26 |
OPTI 12:25:51 :     1100 |    16.58 |     1.66 |     0.00 |     0.00 |     0.15 |     5.63 |     0.00 |    -0.26 |
OPTI 12:28:15 :     1150 |    16.59 |     1.67 |     0.00 |     0.00 |     0.15 |     5.60 |     0.00 |    -0.26 |
OPTI 12:30:40 :     1200 |    16.59 |     1.67 |     0.00 |     0.00 |     0.14 |     5.59 |     0.00 |    -0.26 |
OPTI 12:33:04 :     1250 |    16.61 |     1.66 |     0.00 |     0.00 |     0.14 |     5.58 |     0.00 |    -0.26 |
OPTI 12:35:28 :     1300 |    16.60 |     1.69 |     0.00 |     0.00 |     0.14 |     5.59 |     0.00 |    -0.26 |
OPTI 12:37:47 :     1350 |    16.60 |     1.67 |     0.00 |     0.00 |     0.14 |     5.61 |     0.00 |    -0.26 |
OPTI 12:40:05 :     1400 |    16.60 |     1.66 |     0.00 |     0.00 |     0.14 |     5.59 |     0.00 |    -0.26 |
OPTI 12:42:21 :     1450 |    16.60 |     1.67 |     0.00 |     0.00 |     0.14 |     5.59 |     0.00 |    -0.26 |
OPTI 12:44:39 :     1500 |    16.61 |     1.67 |     0.00 |     0.00 |     0.14 |     5.61 |     0.00 |    -0.26 |
OPTI 12:46:57 :     1550 |    16.62 |     1.69 |     0.00 |     0.00 |     0.14 |     5.62 |     0.00 |    -0.26 |
OPTI 12:49:14 :     1600 |    16.63 |     1.71 |     0.00 |     0.00 |     0.14 |     5.62 |     0.00 |    -0.26 |
OPTI 12:51:28 :     1650 |    16.63 |     1.68 |     0.00 |     0.00 |     0.14 |     5.64 |     0.00 |    -0.26 |
OPTI 12:53:42 :     1700 |    16.63 |     1.68 |     0.00 |     0.00 |     0.14 |     5.68 |     0.00 |    -0.26 |
OPTI 12:55:55 :     1750 |    16.62 |     1.68 |     0.00 |     0.00 |     0.14 |     5.71 |     0.00 |    -0.26 |
OPTI 12:58:08 :     1800 |    16.62 |     1.71 |     0.00 |     0.00 |     0.14 |     5.77 |     0.00 |    -0.26 |
OPTI 13:00:23 :     1850 |    16.61 |     1.71 |     0.00 |     0.00 |     0.14 |     5.79 |     0.00 |    -0.26 |
OPTI 13:02:39 :     1900 |    16.60 |     1.69 |     0.00 |     0.00 |     0.14 |     5.80 |     0.00 |    -0.26 |
OPTI 13:04:55 :     1950 |    16.59 |     1.74 |     0.00 |     0.00 |     0.14 |     5.68 |     0.00 |    -0.26 |
IGM %s :         Iterations   |         Time (y)     |     Time Step (y)   |   Ice Volume (km^3) 
Computational statistics report:
                      iceflow  |  mean time per it :      nan  |  total :   0.0000  |  number it  :        0
                     optimize  |  mean time per it :   2.8221  |  total : 5644.2712  |  number it  :     2000
                    time_step  |  mean time per it :      nan  |  total :   0.0000  |  number it  :        0
                          thk  |  mean time per it :      nan  |  total :   0.0000  |  number it  :        0
                write_ncdf_ex  |  mean time per it :      nan  |  total :   0.0000  |  number it  :        0
                 write_plot2d  |  mean time per it :      nan  |  total :   0.0000  |  number it  :        0
