2023-10-05 13:41:18.186880: I tensorflow/tsl/cuda/cudart_stub.cc:28] Could not find cuda drivers on your machine, GPU will not be used.
2023-10-05 13:41:18.235472: E tensorflow/compiler/xla/stream_executor/cuda/cuda_dnn.cc:9342] Unable to register cuDNN factory: Attempting to register factory for plugin cuDNN when one has already been registered
2023-10-05 13:41:18.235497: E tensorflow/compiler/xla/stream_executor/cuda/cuda_fft.cc:609] Unable to register cuFFT factory: Attempting to register factory for plugin cuFFT when one has already been registered
2023-10-05 13:41:18.235523: E tensorflow/compiler/xla/stream_executor/cuda/cuda_blas.cc:1518] Unable to register cuBLAS factory: Attempting to register factory for plugin cuBLAS when one has already been registered
2023-10-05 13:41:18.244613: I tensorflow/tsl/cuda/cudart_stub.cc:28] Could not find cuda drivers on your machine, GPU will not be used.
2023-10-05 13:41:18.244862: I tensorflow/core/platform/cpu_feature_guard.cc:182] This TensorFlow binary is optimized to use available CPU instructions in performance-critical operations.
To enable the following instructions: AVX2 FMA, in other operations, rebuild TensorFlow with the appropriate compiler flags.
2023-10-05 13:41:21.342202: W tensorflow/compiler/tf2tensorrt/utils/py_utils.cc:38] TF-TRT Warning: Could not find TensorRT
/projects/etpi5866/igm/igm/modules/preproc/optimize.py:755: RuntimeWarning: invalid value encountered in divide
  costs[:, i] /= np.max(costs[:, i])
                   Step  |  ICE_VOL |  COST_U  |  COST_H  |  COST_D  |  COST_S  |   REGU_H |   REGU_S | COST_GLEN  
OPTI 13:41:38 :        0 |    23.33 |    50.33 |     0.00 |     0.00 |     0.00 |    10.33 |     0.00 |    -0.33 |
OPTI 13:44:04 :       50 |    21.70 |     9.29 |     0.00 |     0.00 |     0.99 |     8.21 |     0.00 |    -0.25 |
OPTI 13:46:30 :      100 |    20.84 |     5.49 |     0.00 |     0.00 |     0.55 |     7.20 |     0.00 |    -0.24 |
OPTI 13:48:56 :      150 |    20.17 |     3.66 |     0.00 |     0.00 |     0.39 |     6.75 |     0.00 |    -0.24 |
OPTI 13:51:22 :      200 |    19.56 |     2.74 |     0.00 |     0.00 |     0.32 |     6.52 |     0.00 |    -0.25 |
OPTI 13:53:47 :      250 |    19.03 |     2.26 |     0.00 |     0.00 |     0.25 |     6.32 |     0.00 |    -0.25 |
OPTI 13:56:13 :      300 |    18.55 |     1.98 |     0.00 |     0.00 |     0.21 |     6.10 |     0.00 |    -0.25 |
OPTI 13:58:39 :      350 |    18.15 |     1.86 |     0.00 |     0.00 |     0.19 |     5.90 |     0.00 |    -0.25 |
OPTI 14:01:03 :      400 |    17.83 |     1.77 |     0.00 |     0.00 |     0.18 |     5.79 |     0.00 |    -0.25 |
OPTI 14:03:29 :      450 |    17.60 |     1.71 |     0.00 |     0.00 |     0.17 |     5.66 |     0.00 |    -0.26 |
OPTI 14:05:53 :      500 |    17.39 |     1.68 |     0.00 |     0.00 |     0.16 |     5.58 |     0.00 |    -0.26 |
OPTI 14:08:17 :      550 |    17.23 |     1.67 |     0.00 |     0.00 |     0.16 |     5.48 |     0.00 |    -0.26 |
OPTI 14:10:39 :      600 |    17.08 |     1.66 |     0.00 |     0.00 |     0.15 |     5.43 |     0.00 |    -0.26 |
OPTI 14:13:01 :      650 |    16.96 |     1.66 |     0.00 |     0.00 |     0.15 |     5.44 |     0.00 |    -0.26 |
OPTI 14:15:26 :      700 |    16.87 |     1.67 |     0.00 |     0.00 |     0.15 |     5.48 |     0.00 |    -0.26 |
OPTI 14:17:51 :      750 |    16.79 |     1.67 |     0.00 |     0.00 |     0.14 |     5.58 |     0.00 |    -0.26 |
OPTI 14:20:15 :      800 |    16.74 |     1.67 |     0.00 |     0.00 |     0.14 |     5.66 |     0.00 |    -0.26 |
OPTI 14:22:40 :      850 |    16.69 |     1.67 |     0.00 |     0.00 |     0.14 |     5.66 |     0.00 |    -0.26 |
OPTI 14:25:05 :      900 |    16.64 |     1.67 |     0.00 |     0.00 |     0.14 |     5.63 |     0.00 |    -0.26 |
OPTI 14:27:28 :      950 |    16.61 |     1.67 |     0.00 |     0.00 |     0.14 |     5.63 |     0.00 |    -0.26 |
OPTI 14:29:53 :     1000 |    16.59 |     1.67 |     0.00 |     0.00 |     0.14 |     5.62 |     0.00 |    -0.26 |
OPTI 14:32:18 :     1050 |    16.59 |     1.67 |     0.00 |     0.00 |     0.15 |     5.63 |     0.00 |    -0.26 |
OPTI 14:34:43 :     1100 |    16.58 |     1.66 |     0.00 |     0.00 |     0.15 |     5.63 |     0.00 |    -0.26 |
OPTI 14:37:08 :     1150 |    16.59 |     1.67 |     0.00 |     0.00 |     0.15 |     5.60 |     0.00 |    -0.26 |
OPTI 14:39:33 :     1200 |    16.59 |     1.67 |     0.00 |     0.00 |     0.14 |     5.59 |     0.00 |    -0.26 |
OPTI 14:41:58 :     1250 |    16.61 |     1.66 |     0.00 |     0.00 |     0.14 |     5.58 |     0.00 |    -0.26 |
OPTI 14:44:22 :     1300 |    16.60 |     1.69 |     0.00 |     0.00 |     0.14 |     5.59 |     0.00 |    -0.26 |
OPTI 14:46:47 :     1350 |    16.60 |     1.67 |     0.00 |     0.00 |     0.14 |     5.61 |     0.00 |    -0.26 |
OPTI 14:49:12 :     1400 |    16.60 |     1.66 |     0.00 |     0.00 |     0.14 |     5.59 |     0.00 |    -0.26 |
OPTI 14:51:36 :     1450 |    16.60 |     1.67 |     0.00 |     0.00 |     0.14 |     5.59 |     0.00 |    -0.26 |
OPTI 14:54:01 :     1500 |    16.61 |     1.67 |     0.00 |     0.00 |     0.14 |     5.61 |     0.00 |    -0.26 |
OPTI 14:56:26 :     1550 |    16.62 |     1.69 |     0.00 |     0.00 |     0.14 |     5.62 |     0.00 |    -0.26 |
OPTI 14:58:50 :     1600 |    16.63 |     1.71 |     0.00 |     0.00 |     0.14 |     5.62 |     0.00 |    -0.26 |
OPTI 15:01:16 :     1650 |    16.63 |     1.68 |     0.00 |     0.00 |     0.14 |     5.64 |     0.00 |    -0.26 |
OPTI 15:03:42 :     1700 |    16.63 |     1.68 |     0.00 |     0.00 |     0.14 |     5.68 |     0.00 |    -0.26 |
OPTI 15:06:06 :     1750 |    16.62 |     1.68 |     0.00 |     0.00 |     0.14 |     5.71 |     0.00 |    -0.26 |
OPTI 15:08:31 :     1800 |    16.62 |     1.71 |     0.00 |     0.00 |     0.14 |     5.77 |     0.00 |    -0.26 |
OPTI 15:10:55 :     1850 |    16.61 |     1.71 |     0.00 |     0.00 |     0.14 |     5.79 |     0.00 |    -0.26 |
OPTI 15:13:21 :     1900 |    16.60 |     1.69 |     0.00 |     0.00 |     0.14 |     5.80 |     0.00 |    -0.26 |
OPTI 15:15:46 :     1950 |    16.59 |     1.74 |     0.00 |     0.00 |     0.14 |     5.68 |     0.00 |    -0.26 |
IGM %s :         Iterations   |         Time (y)     |     Time Step (y)   |   Ice Volume (km^3) 
IGM 15:18:15 :           0    |          2000        |        0.24        |          16.59 
IGM 15:18:17 :           1    |          2000        |        0.27        |          16.59 
Computational statistics report:
                      iceflow  |  mean time per it :   2.8676  |  total :   5.7351  |  number it  :        2
                     optimize  |  mean time per it :   2.8893  |  total : 5778.5546  |  number it  :     2000
                    time_step  |  mean time per it :   0.0031  |  total :   0.0063  |  number it  :        2
                          thk  |  mean time per it :   0.0034  |  total :   0.0067  |  number it  :        2
                write_ncdf_ex  |  mean time per it :   0.0280  |  total :   0.0559  |  number it  :        2
                 write_plot2d  |  mean time per it :   0.3835  |  total :   0.7670  |  number it  :        2
