2023-09-29 11:24:41.247940: I tensorflow/tsl/cuda/cudart_stub.cc:28] Could not find cuda drivers on your machine, GPU will not be used.
2023-09-29 11:24:41.295168: E tensorflow/compiler/xla/stream_executor/cuda/cuda_dnn.cc:9342] Unable to register cuDNN factory: Attempting to register factory for plugin cuDNN when one has already been registered
2023-09-29 11:24:41.295205: E tensorflow/compiler/xla/stream_executor/cuda/cuda_fft.cc:609] Unable to register cuFFT factory: Attempting to register factory for plugin cuFFT when one has already been registered
2023-09-29 11:24:41.295233: E tensorflow/compiler/xla/stream_executor/cuda/cuda_blas.cc:1518] Unable to register cuBLAS factory: Attempting to register factory for plugin cuBLAS when one has already been registered
2023-09-29 11:24:41.304481: I tensorflow/tsl/cuda/cudart_stub.cc:28] Could not find cuda drivers on your machine, GPU will not be used.
2023-09-29 11:24:41.304742: I tensorflow/core/platform/cpu_feature_guard.cc:182] This TensorFlow binary is optimized to use available CPU instructions in performance-critical operations.
To enable the following instructions: AVX2 AVX512F FMA, in other operations, rebuild TensorFlow with the appropriate compiler flags.
2023-09-29 11:24:42.724079: W tensorflow/compiler/tf2tensorrt/utils/py_utils.cc:38] TF-TRT Warning: Could not find TensorRT
/projects/etpi5866/igm/igm/modules/preproc/optimize.py:755: RuntimeWarning: invalid value encountered in divide
  costs[:, i] /= np.max(costs[:, i])
                   Step  |  ICE_VOL |  COST_U  |  COST_H  |  COST_D  |  COST_S  |   REGU_H |   REGU_S | COST_GLEN  
OPTI 11:24:54 :        0 |    23.33 |    34.07 |     0.00 |     0.00 |     0.00 |     6.69 |     0.00 |    -0.26 |
OPTI 11:26:48 :       50 |    22.13 |    10.26 |     0.00 |     0.00 |     0.68 |     5.40 |     0.00 |    -0.22 |
OPTI 11:28:44 :      100 |    21.58 |     6.04 |     0.00 |     0.00 |     0.38 |     4.83 |     0.00 |    -0.23 |
OPTI 11:30:40 :      150 |    21.16 |     4.07 |     0.00 |     0.00 |     0.29 |     4.55 |     0.00 |    -0.24 |
OPTI 11:32:36 :      200 |    20.76 |     2.83 |     0.00 |     0.00 |     0.27 |     4.41 |     0.00 |    -0.25 |
OPTI 11:34:31 :      250 |    20.34 |     2.41 |     0.00 |     0.00 |     0.23 |     4.32 |     0.00 |    -0.26 |
OPTI 11:36:23 :      300 |    19.97 |     2.16 |     0.00 |     0.00 |     0.21 |     4.26 |     0.00 |    -0.26 |
OPTI 11:38:18 :      350 |    19.70 |     1.95 |     0.00 |     0.00 |     0.19 |     4.20 |     0.00 |    -0.26 |
OPTI 11:40:15 :      400 |    19.46 |     1.80 |     0.00 |     0.00 |     0.17 |     4.16 |     0.00 |    -0.27 |
OPTI 11:42:12 :      450 |    19.23 |     1.70 |     0.00 |     0.00 |     0.17 |     4.16 |     0.00 |    -0.27 |
IGM %s :         Iterations   |         Time (y)     |     Time Step (y)   |   Ice Volume (km^3) 
IGM 11:44:08 :           0    |          2000        |        0.24        |          19.06 
IGM 11:44:10 :           4    |          2001        |        0.28        |          19.06 
Computational statistics report:
                      iceflow  |  mean time per it :   0.8657  |  total :   4.3283  |  number it  :        5
                     optimize  |  mean time per it :   2.3107  |  total : 1155.3287  |  number it  :      500
                    time_step  |  mean time per it :   0.0017  |  total :   0.0085  |  number it  :        5
                          thk  |  mean time per it :   0.0030  |  total :   0.0152  |  number it  :        5
                write_ncdf_ex  |  mean time per it :   0.0249  |  total :   0.0498  |  number it  :        2
                 write_plot2d  |  mean time per it :   0.3170  |  total :   0.6341  |  number it  :        2
