2023-09-29 10:36:17.226693: I tensorflow/tsl/cuda/cudart_stub.cc:28] Could not find cuda drivers on your machine, GPU will not be used.
2023-09-29 10:36:17.274955: E tensorflow/compiler/xla/stream_executor/cuda/cuda_dnn.cc:9342] Unable to register cuDNN factory: Attempting to register factory for plugin cuDNN when one has already been registered
2023-09-29 10:36:17.274994: E tensorflow/compiler/xla/stream_executor/cuda/cuda_fft.cc:609] Unable to register cuFFT factory: Attempting to register factory for plugin cuFFT when one has already been registered
2023-09-29 10:36:17.275021: E tensorflow/compiler/xla/stream_executor/cuda/cuda_blas.cc:1518] Unable to register cuBLAS factory: Attempting to register factory for plugin cuBLAS when one has already been registered
2023-09-29 10:36:17.284184: I tensorflow/tsl/cuda/cudart_stub.cc:28] Could not find cuda drivers on your machine, GPU will not be used.
2023-09-29 10:36:17.284432: I tensorflow/core/platform/cpu_feature_guard.cc:182] This TensorFlow binary is optimized to use available CPU instructions in performance-critical operations.
To enable the following instructions: AVX2 AVX512F FMA, in other operations, rebuild TensorFlow with the appropriate compiler flags.
2023-09-29 10:36:18.640781: W tensorflow/compiler/tf2tensorrt/utils/py_utils.cc:38] TF-TRT Warning: Could not find TensorRT
/projects/etpi5866/igm/igm/modules/preproc/optimize.py:755: RuntimeWarning: invalid value encountered in divide
  costs[:, i] /= np.max(costs[:, i])
                   Step  |  ICE_VOL |  COST_U  |  COST_H  |  COST_D  |  COST_S  |   REGU_H |   REGU_S | COST_GLEN  
OPTI 10:36:30 :        0 |    23.33 |    71.51 |     0.00 |     0.00 |     0.00 |     7.06 |     0.00 |    -0.39 |
OPTI 10:38:37 :       50 |    21.59 |     9.94 |     0.00 |     0.00 |     1.81 |     5.69 |     0.00 |    -0.28 |
OPTI 10:40:43 :      100 |    20.65 |     4.98 |     0.00 |     0.00 |     0.76 |     5.00 |     0.00 |    -0.26 |
OPTI 10:42:50 :      150 |    19.95 |     3.28 |     0.00 |     0.00 |     0.48 |     4.73 |     0.00 |    -0.25 |
OPTI 10:44:57 :      200 |    19.35 |     2.43 |     0.00 |     0.00 |     0.33 |     4.61 |     0.00 |    -0.25 |
OPTI 10:47:02 :      250 |    18.84 |     1.99 |     0.00 |     0.00 |     0.25 |     4.51 |     0.00 |    -0.25 |
OPTI 10:49:08 :      300 |    18.42 |     1.74 |     0.00 |     0.00 |     0.20 |     4.43 |     0.00 |    -0.25 |
OPTI 10:51:14 :      350 |    18.06 |     1.53 |     0.00 |     0.00 |     0.17 |     4.32 |     0.00 |    -0.26 |
OPTI 10:53:20 :      400 |    17.73 |     1.42 |     0.00 |     0.00 |     0.15 |     4.13 |     0.00 |    -0.26 |
OPTI 10:55:25 :      450 |    17.43 |     1.37 |     0.00 |     0.00 |     0.14 |     4.04 |     0.00 |    -0.26 |
IGM %s :         Iterations   |         Time (y)     |     Time Step (y)   |   Ice Volume (km^3) 
IGM 10:57:33 :           0    |          2000        |        0.17        |          17.18 
IGM 10:57:35 :           5    |          2001        |        0.21        |          17.18 
Computational statistics report:
                      iceflow  |  mean time per it :   0.8485  |  total :   5.0911  |  number it  :        6
                     optimize  |  mean time per it :   2.5291  |  total : 1264.5273  |  number it  :      500
                    time_step  |  mean time per it :   0.0017  |  total :   0.0099  |  number it  :        6
                          thk  |  mean time per it :   0.0023  |  total :   0.0137  |  number it  :        6
                write_ncdf_ex  |  mean time per it :   0.0296  |  total :   0.0592  |  number it  :        2
                 write_plot2d  |  mean time per it :   0.3194  |  total :   0.6388  |  number it  :        2
