2023-09-29 11:59:34.015666: I tensorflow/tsl/cuda/cudart_stub.cc:28] Could not find cuda drivers on your machine, GPU will not be used.
2023-09-29 11:59:35.314912: E tensorflow/compiler/xla/stream_executor/cuda/cuda_dnn.cc:9342] Unable to register cuDNN factory: Attempting to register factory for plugin cuDNN when one has already been registered
2023-09-29 11:59:35.314967: E tensorflow/compiler/xla/stream_executor/cuda/cuda_fft.cc:609] Unable to register cuFFT factory: Attempting to register factory for plugin cuFFT when one has already been registered
2023-09-29 11:59:35.314998: E tensorflow/compiler/xla/stream_executor/cuda/cuda_blas.cc:1518] Unable to register cuBLAS factory: Attempting to register factory for plugin cuBLAS when one has already been registered
2023-09-29 11:59:35.956791: I tensorflow/tsl/cuda/cudart_stub.cc:28] Could not find cuda drivers on your machine, GPU will not be used.
2023-09-29 11:59:35.957346: I tensorflow/core/platform/cpu_feature_guard.cc:182] This TensorFlow binary is optimized to use available CPU instructions in performance-critical operations.
To enable the following instructions: AVX2 FMA, in other operations, rebuild TensorFlow with the appropriate compiler flags.
2023-09-29 11:59:52.510100: W tensorflow/compiler/tf2tensorrt/utils/py_utils.cc:38] TF-TRT Warning: Could not find TensorRT
/projects/etpi5866/igm/igm/modules/preproc/optimize.py:755: RuntimeWarning: invalid value encountered in divide
  costs[:, i] /= np.max(costs[:, i])
                   Step  |  ICE_VOL |  COST_U  |  COST_H  |  COST_D  |  COST_S  |   REGU_H |   REGU_S | COST_GLEN  
OPTI 12:00:47 :        0 |    23.33 |    71.51 |     0.00 |     0.00 |     0.00 |    35.29 |     0.00 |    -0.39 |
OPTI 12:04:22 :       50 |    21.25 |     9.95 |     0.00 |     0.00 |     1.86 |    27.30 |     0.00 |    -0.28 |
OPTI 12:07:48 :      100 |    19.84 |     5.19 |     0.00 |     0.00 |     0.79 |    23.29 |     0.00 |    -0.25 |
OPTI 12:11:15 :      150 |    18.71 |     3.69 |     0.00 |     0.00 |     0.51 |    21.10 |     0.00 |    -0.24 |
OPTI 12:14:45 :      200 |    17.77 |     3.00 |     0.00 |     0.00 |     0.39 |    19.82 |     0.00 |    -0.23 |
OPTI 12:18:21 :      250 |    17.01 |     2.70 |     0.00 |     0.00 |     0.31 |    18.99 |     0.00 |    -0.23 |
OPTI 12:21:53 :      300 |    16.40 |     2.60 |     0.00 |     0.00 |     0.28 |    18.28 |     0.00 |    -0.23 |
OPTI 12:25:22 :      350 |    15.91 |     2.56 |     0.00 |     0.00 |     0.24 |    17.98 |     0.00 |    -0.23 |
OPTI 12:28:50 :      400 |    15.51 |     2.54 |     0.00 |     0.00 |     0.22 |    17.97 |     0.00 |    -0.23 |
OPTI 12:32:17 :      450 |    15.18 |     2.57 |     0.00 |     0.00 |     0.20 |    17.84 |     0.00 |    -0.23 |
IGM %s :         Iterations   |         Time (y)     |     Time Step (y)   |   Ice Volume (km^3) 
IGM 12:35:38 :           0    |          2000        |        0.20        |          14.90 
IGM 12:35:42 :           4    |          2001        |        0.28        |          14.90 
Computational statistics report:
                      iceflow  |  mean time per it :   1.5114  |  total :   7.5569  |  number it  :        5
                     optimize  |  mean time per it :   4.1858  |  total : 2092.8896  |  number it  :      500
                    time_step  |  mean time per it :   0.0023  |  total :   0.0116  |  number it  :        5
                          thk  |  mean time per it :   0.0028  |  total :   0.0140  |  number it  :        5
                write_ncdf_ex  |  mean time per it :   0.0276  |  total :   0.0552  |  number it  :        2
                 write_plot2d  |  mean time per it :   0.4082  |  total :   0.8164  |  number it  :        2
