2023-09-29 14:17:11.768586: I tensorflow/tsl/cuda/cudart_stub.cc:28] Could not find cuda drivers on your machine, GPU will not be used.
2023-09-29 14:17:13.050103: E tensorflow/compiler/xla/stream_executor/cuda/cuda_dnn.cc:9342] Unable to register cuDNN factory: Attempting to register factory for plugin cuDNN when one has already been registered
2023-09-29 14:17:13.050179: E tensorflow/compiler/xla/stream_executor/cuda/cuda_fft.cc:609] Unable to register cuFFT factory: Attempting to register factory for plugin cuFFT when one has already been registered
2023-09-29 14:17:13.050216: E tensorflow/compiler/xla/stream_executor/cuda/cuda_blas.cc:1518] Unable to register cuBLAS factory: Attempting to register factory for plugin cuBLAS when one has already been registered
2023-09-29 14:17:13.702385: I tensorflow/tsl/cuda/cudart_stub.cc:28] Could not find cuda drivers on your machine, GPU will not be used.
2023-09-29 14:17:13.702837: I tensorflow/core/platform/cpu_feature_guard.cc:182] This TensorFlow binary is optimized to use available CPU instructions in performance-critical operations.
To enable the following instructions: AVX2 FMA, in other operations, rebuild TensorFlow with the appropriate compiler flags.
2023-09-29 14:17:32.712206: W tensorflow/compiler/tf2tensorrt/utils/py_utils.cc:38] TF-TRT Warning: Could not find TensorRT
/projects/etpi5866/igm/igm/modules/preproc/optimize.py:755: RuntimeWarning: invalid value encountered in divide
  costs[:, i] /= np.max(costs[:, i])
                   Step  |  ICE_VOL |  COST_U  |  COST_H  |  COST_D  |  COST_S  |   REGU_H |   REGU_S | COST_GLEN  
OPTI 14:18:36 :        0 |    23.33 |    50.33 |     0.00 |     0.00 |     0.00 |     3.19 |     0.00 |    -0.33 |
OPTI 14:22:32 :       50 |    21.93 |     9.29 |     0.00 |     0.00 |     0.97 |     2.61 |     0.00 |    -0.25 |
OPTI 14:26:25 :      100 |    21.39 |     5.48 |     0.00 |     0.00 |     0.55 |     2.34 |     0.00 |    -0.24 |
OPTI 14:30:01 :      150 |    21.01 |     3.68 |     0.00 |     0.00 |     0.39 |     2.24 |     0.00 |    -0.25 |
OPTI 14:33:00 :      200 |    20.69 |     2.72 |     0.00 |     0.00 |     0.28 |     2.22 |     0.00 |    -0.26 |
OPTI 14:35:54 :      250 |    20.39 |     2.18 |     0.00 |     0.00 |     0.23 |     2.20 |     0.00 |    -0.26 |
OPTI 14:38:43 :      300 |    20.11 |     1.85 |     0.00 |     0.00 |     0.19 |     2.15 |     0.00 |    -0.27 |
OPTI 14:41:36 :      350 |    19.87 |     1.61 |     0.00 |     0.00 |     0.17 |     2.10 |     0.00 |    -0.27 |
OPTI 14:44:29 :      400 |    19.65 |     1.42 |     0.00 |     0.00 |     0.15 |     2.05 |     0.00 |    -0.28 |
OPTI 14:47:24 :      450 |    19.43 |     1.29 |     0.00 |     0.00 |     0.14 |     2.02 |     0.00 |    -0.28 |
IGM %s :         Iterations   |         Time (y)     |     Time Step (y)   |   Ice Volume (km^3) 
IGM 14:51:02 :           0    |          2000        |        0.20        |          19.20 
IGM 14:51:07 :           5    |          2001        |        0.22        |          19.20 
Computational statistics report:
                      iceflow  |  mean time per it :   1.8438  |  total :  11.0629  |  number it  :        6
                     optimize  |  mean time per it :   3.9085  |  total : 1954.2526  |  number it  :      500
                    time_step  |  mean time per it :   0.0038  |  total :   0.0226  |  number it  :        6
                          thk  |  mean time per it :   0.0060  |  total :   0.0361  |  number it  :        6
                write_ncdf_ex  |  mean time per it :   0.0578  |  total :   0.1155  |  number it  :        2
                 write_plot2d  |  mean time per it :   0.6153  |  total :   1.2307  |  number it  :        2
