2023-10-05 09:25:41.467480: I tensorflow/tsl/cuda/cudart_stub.cc:28] Could not find cuda drivers on your machine, GPU will not be used.
2023-10-05 09:25:41.519499: E tensorflow/compiler/xla/stream_executor/cuda/cuda_dnn.cc:9342] Unable to register cuDNN factory: Attempting to register factory for plugin cuDNN when one has already been registered
2023-10-05 09:25:41.519545: E tensorflow/compiler/xla/stream_executor/cuda/cuda_fft.cc:609] Unable to register cuFFT factory: Attempting to register factory for plugin cuFFT when one has already been registered
2023-10-05 09:25:41.519587: E tensorflow/compiler/xla/stream_executor/cuda/cuda_blas.cc:1518] Unable to register cuBLAS factory: Attempting to register factory for plugin cuBLAS when one has already been registered
2023-10-05 09:25:41.529623: I tensorflow/tsl/cuda/cudart_stub.cc:28] Could not find cuda drivers on your machine, GPU will not be used.
2023-10-05 09:25:41.529843: I tensorflow/core/platform/cpu_feature_guard.cc:182] This TensorFlow binary is optimized to use available CPU instructions in performance-critical operations.
To enable the following instructions: AVX2 FMA, in other operations, rebuild TensorFlow with the appropriate compiler flags.
2023-10-05 09:25:42.863257: W tensorflow/compiler/tf2tensorrt/utils/py_utils.cc:38] TF-TRT Warning: Could not find TensorRT
/projects/etpi5866/igm/igm/modules/preproc/optimize.py:755: RuntimeWarning: invalid value encountered in divide
  costs[:, i] /= np.max(costs[:, i])
                   Step  |  ICE_VOL |  COST_U  |  COST_H  |  COST_D  |  COST_S  |   REGU_H |   REGU_S | COST_GLEN  
OPTI 09:26:01 :        0 |    23.33 |    50.33 |     0.00 |     0.00 |     0.00 |    10.33 |     0.00 |    -0.33 |
OPTI 09:28:28 :       50 |    21.70 |     9.29 |     0.00 |     0.00 |     0.99 |     8.21 |     0.00 |    -0.25 |
OPTI 09:30:55 :      100 |    20.84 |     5.49 |     0.00 |     0.00 |     0.55 |     7.20 |     0.00 |    -0.24 |
OPTI 09:33:22 :      150 |    20.17 |     3.66 |     0.00 |     0.00 |     0.39 |     6.75 |     0.00 |    -0.24 |
OPTI 09:35:49 :      200 |    19.56 |     2.74 |     0.00 |     0.00 |     0.32 |     6.52 |     0.00 |    -0.25 |
OPTI 09:38:17 :      250 |    19.03 |     2.26 |     0.00 |     0.00 |     0.25 |     6.32 |     0.00 |    -0.25 |
OPTI 09:40:44 :      300 |    18.55 |     1.98 |     0.00 |     0.00 |     0.21 |     6.10 |     0.00 |    -0.25 |
OPTI 09:43:13 :      350 |    18.15 |     1.86 |     0.00 |     0.00 |     0.19 |     5.90 |     0.00 |    -0.25 |
OPTI 09:45:40 :      400 |    17.83 |     1.77 |     0.00 |     0.00 |     0.18 |     5.79 |     0.00 |    -0.25 |
OPTI 09:48:08 :      450 |    17.60 |     1.71 |     0.00 |     0.00 |     0.17 |     5.66 |     0.00 |    -0.26 |
OPTI 09:50:36 :      500 |    17.39 |     1.68 |     0.00 |     0.00 |     0.16 |     5.58 |     0.00 |    -0.26 |
OPTI 09:53:02 :      550 |    17.23 |     1.67 |     0.00 |     0.00 |     0.16 |     5.48 |     0.00 |    -0.26 |
OPTI 09:55:28 :      600 |    17.08 |     1.66 |     0.00 |     0.00 |     0.15 |     5.43 |     0.00 |    -0.26 |
OPTI 09:57:54 :      650 |    16.96 |     1.66 |     0.00 |     0.00 |     0.15 |     5.44 |     0.00 |    -0.26 |
OPTI 10:00:19 :      700 |    16.87 |     1.67 |     0.00 |     0.00 |     0.15 |     5.48 |     0.00 |    -0.26 |
OPTI 10:02:45 :      750 |    16.79 |     1.67 |     0.00 |     0.00 |     0.14 |     5.58 |     0.00 |    -0.26 |
OPTI 10:05:10 :      800 |    16.74 |     1.67 |     0.00 |     0.00 |     0.14 |     5.66 |     0.00 |    -0.26 |
OPTI 10:07:36 :      850 |    16.69 |     1.67 |     0.00 |     0.00 |     0.14 |     5.66 |     0.00 |    -0.26 |
OPTI 10:10:02 :      900 |    16.64 |     1.67 |     0.00 |     0.00 |     0.14 |     5.63 |     0.00 |    -0.26 |
OPTI 10:12:28 :      950 |    16.61 |     1.67 |     0.00 |     0.00 |     0.14 |     5.63 |     0.00 |    -0.26 |
IGM %s :         Iterations   |         Time (y)     |     Time Step (y)   |   Ice Volume (km^3) 
IGM 10:14:55 :           0    |          2000        |        0.24        |          16.59 
IGM 10:14:59 :           4    |          2001        |        0.26        |          16.59 
Computational statistics report:
                      iceflow  |  mean time per it :   1.2140  |  total :   6.0700  |  number it  :        5
                     optimize  |  mean time per it :   2.9316  |  total : 2931.5829  |  number it  :     1000
                    time_step  |  mean time per it :   0.0021  |  total :   0.0105  |  number it  :        5
                          thk  |  mean time per it :   0.0043  |  total :   0.0216  |  number it  :        5
                write_ncdf_ex  |  mean time per it :   0.0277  |  total :   0.0553  |  number it  :        2
                 write_plot2d  |  mean time per it :   0.3633  |  total :   0.7266  |  number it  :        2
