2023-10-06 14:01:59.182182: I tensorflow/tsl/cuda/cudart_stub.cc:28] Could not find cuda drivers on your machine, GPU will not be used.
2023-10-06 14:01:59.230066: E tensorflow/compiler/xla/stream_executor/cuda/cuda_dnn.cc:9342] Unable to register cuDNN factory: Attempting to register factory for plugin cuDNN when one has already been registered
2023-10-06 14:01:59.230093: E tensorflow/compiler/xla/stream_executor/cuda/cuda_fft.cc:609] Unable to register cuFFT factory: Attempting to register factory for plugin cuFFT when one has already been registered
2023-10-06 14:01:59.230117: E tensorflow/compiler/xla/stream_executor/cuda/cuda_blas.cc:1518] Unable to register cuBLAS factory: Attempting to register factory for plugin cuBLAS when one has already been registered
2023-10-06 14:01:59.238886: I tensorflow/tsl/cuda/cudart_stub.cc:28] Could not find cuda drivers on your machine, GPU will not be used.
2023-10-06 14:01:59.239111: I tensorflow/core/platform/cpu_feature_guard.cc:182] This TensorFlow binary is optimized to use available CPU instructions in performance-critical operations.
To enable the following instructions: AVX2 FMA, in other operations, rebuild TensorFlow with the appropriate compiler flags.
2023-10-06 14:02:00.508109: W tensorflow/compiler/tf2tensorrt/utils/py_utils.cc:38] TF-TRT Warning: Could not find TensorRT
/projects/etpi5866/igm/igm/modules/preproc/optimize.py:755: RuntimeWarning: invalid value encountered in divide
  costs[:, i] /= np.max(costs[:, i])
WARNING: the following parameters of the json file do not exist in igm:  opti_velobs_std
                   Step  |  ICE_VOL |  COST_U  |  COST_H  |  COST_D  |  COST_S  |   REGU_H |   REGU_S | COST_GLEN  
OPTI 14:02:13 :        0 |    23.33 |    34.07 |     0.00 |     0.00 |     0.00 |     3.10 |     0.00 |    -0.26 |
OPTI 14:04:40 :       50 |    22.36 |     7.10 |     0.00 |     0.00 |     1.75 |     2.54 |     0.00 |    -0.25 |
OPTI 14:07:06 :      100 |    21.95 |     4.43 |     0.00 |     0.00 |     1.05 |     2.31 |     0.00 |    -0.25 |
OPTI 14:09:33 :      150 |    21.68 |     2.95 |     0.00 |     0.00 |     0.72 |     2.20 |     0.00 |    -0.26 |
OPTI 14:11:59 :      200 |    21.38 |     2.11 |     0.00 |     0.00 |     0.56 |     2.15 |     0.00 |    -0.27 |
OPTI 14:14:26 :      250 |    21.11 |     1.71 |     0.00 |     0.00 |     0.47 |     2.13 |     0.00 |    -0.27 |
OPTI 14:16:53 :      300 |    20.87 |     1.50 |     0.00 |     0.00 |     0.42 |     2.08 |     0.00 |    -0.27 |
OPTI 14:19:20 :      350 |    20.62 |     1.34 |     0.00 |     0.00 |     0.38 |     2.06 |     0.00 |    -0.28 |
OPTI 14:21:47 :      400 |    20.38 |     1.25 |     0.00 |     0.00 |     0.36 |     2.07 |     0.00 |    -0.28 |
OPTI 14:24:13 :      450 |    20.13 |     1.20 |     0.00 |     0.00 |     0.33 |     2.07 |     0.00 |    -0.28 |
IGM %s :         Iterations   |         Time (y)     |     Time Step (y)   |   Ice Volume (km^3) 
IGM 14:26:42 :           0    |          2000        |        0.18        |          19.92 
IGM 14:26:45 :           1    |          2000        |        0.19        |          19.92 
Computational statistics report:
                      iceflow  |  mean time per it :   2.7942  |  total :   5.5884  |  number it  :        2
                     optimize  |  mean time per it :   2.9426  |  total : 1471.2773  |  number it  :      500
                    time_step  |  mean time per it :   0.0032  |  total :   0.0065  |  number it  :        2
                          thk  |  mean time per it :   0.0102  |  total :   0.0204  |  number it  :        2
                write_ncdf_ex  |  mean time per it :   0.0270  |  total :   0.0541  |  number it  :        2
                 write_plot2d  |  mean time per it :   0.3835  |  total :   0.7671  |  number it  :        2
