2023-08-09 16:09:49.266326: W tensorflow/stream_executor/platform/default/dso_loader.cc:64] Could not load dynamic library 'libcudart.so.11.0'; dlerror: libcudart.so.11.0: cannot open shared object file: No such file or directory
2023-08-09 16:09:49.266369: I tensorflow/stream_executor/cuda/cudart_stub.cc:29] Ignore above cudart dlerror if you do not have a GPU set up on your machine.
2023-08-09 16:09:58.142565: W tensorflow/stream_executor/platform/default/dso_loader.cc:64] Could not load dynamic library 'libcuda.so.1'; dlerror: libcuda.so.1: cannot open shared object file: No such file or directory
2023-08-09 16:09:58.142598: W tensorflow/stream_executor/cuda/cuda_driver.cc:269] failed call to cuInit: UNKNOWN ERROR (303)
2023-08-09 16:09:58.142620: I tensorflow/stream_executor/cuda/cuda_diagnostics.cc:156] kernel driver does not appear to be running on this host (bnode0316.rc.int.colorado.edu): /proc/driver/nvidia/version does not exist
2023-08-09 16:09:58.142936: I tensorflow/core/platform/cpu_feature_guard.cc:151] This TensorFlow binary is optimized with oneAPI Deep Neural Network Library (oneDNN) to use the following CPU instructions in performance-critical operations:  AVX2 FMA
To enable them in other operations, rebuild TensorFlow with the appropriate compiler flags.
WARNING:tensorflow:No training configuration found in the save file, so the model was *not* compiled. Compile it manually.
/projects/etpi5866/igm2/igm/modules/preproc/optimize.py:736: RuntimeWarning: invalid value encountered in divide
  costs[:, i] /= np.max(costs[:, i])
WARNING:tensorflow:No training configuration found in the save file, so the model was *not* compiled. Compile it manually.
                   Step  |  ICE_VOL |  COST_U  |  COST_H  |  COST_D  |  COST_S  |   REGU_H |   REGU_S | COST_GLEN  
OPTI 16:10:10 :        0 |    22.74 |   3950.08 |     0.00 |     0.00 |     0.00 |    31.03 |     0.00 |    74.07 |
OPTI 16:20:16 :      100 |    22.74 |    22.37 |     0.00 |     0.00 |     0.00 |    38.44 |     0.00 |    -1.01 |
OPTI 16:30:24 :      200 |    22.74 |    77.77 |     0.00 |     0.00 |     0.00 |    36.64 |     0.00 |    -2.70 |
OPTI 16:40:25 :      300 |    22.74 |   177.06 |     0.00 |     0.00 |     0.00 |    36.29 |     0.00 |    -3.82 |
OPTI 16:50:20 :      400 |    22.74 |   212.47 |     0.00 |     0.00 |     0.00 |    36.03 |     0.00 |    -4.21 |
OPTI 17:00:14 :      500 |    22.74 |   235.02 |     0.00 |     0.00 |     0.00 |    36.31 |     0.00 |    -4.44 |
OPTI 17:10:11 :      600 |    22.74 |   253.79 |     0.00 |     0.00 |     0.00 |    36.69 |     0.00 |    -4.61 |
OPTI 17:20:11 :      700 |    22.74 |   271.68 |     0.00 |     0.00 |     0.00 |    37.00 |     0.00 |    -4.75 |
OPTI 17:30:09 :      800 |    22.74 |   289.25 |     0.00 |     0.00 |     0.00 |    37.25 |     0.00 |    -4.87 |
OPTI 17:40:02 :      900 |    22.74 |   306.63 |     0.00 |     0.00 |     0.00 |    36.93 |     0.00 |    -4.99 |
OPTI 17:50:02 :     1000 |    22.74 |   322.98 |     0.00 |     0.00 |     0.00 |    36.95 |     0.00 |    -5.10 |
OPTI 18:00:02 :     1100 |    22.74 |   338.30 |     0.00 |     0.00 |     0.00 |    36.91 |     0.00 |    -5.20 |
OPTI 18:09:58 :     1200 |    22.74 |   351.83 |     0.00 |     0.00 |     0.00 |    36.98 |     0.00 |    -5.29 |
OPTI 18:19:52 :     1300 |    22.74 |   362.57 |     0.00 |     0.00 |     0.00 |    37.11 |     0.00 |    -5.36 |
OPTI 18:29:52 :     1400 |    22.74 |   374.63 |     0.00 |     0.00 |     0.00 |    37.21 |     0.00 |    -5.44 |
OPTI 18:39:47 :     1500 |    22.74 |   386.12 |     0.00 |     0.00 |     0.00 |    37.22 |     0.00 |    -5.51 |
OPTI 18:49:41 :     1600 |    22.74 |   397.49 |     0.00 |     0.00 |     0.00 |    37.22 |     0.00 |    -5.59 |
OPTI 18:59:40 :     1700 |    22.74 |   409.43 |     0.00 |     0.00 |     0.00 |    37.19 |     0.00 |    -5.65 |
OPTI 19:09:37 :     1800 |    22.74 |   422.23 |     0.00 |     0.00 |     0.00 |    37.08 |     0.00 |    -5.71 |
OPTI 19:19:38 :     1900 |    22.74 |   433.47 |     0.00 |     0.00 |     0.00 |    37.05 |     0.00 |    -5.77 |
IGM %s :         Iterations   |         Time (y)     |     Time Step (y)   |   Ice Volume (km^3) 
IGM 19:31:24 :         107    |          2005        |        0.12        |          22.74 
IGM 19:32:00 :         145    |          2010        |        0.14        |          22.74 
IGM 19:32:31 :         178    |          2015        |        0.17        |          22.74 
IGM 19:32:58 :         205    |          2020        |        0.21        |          22.74 
IGM 19:33:20 :         229    |          2025        |        0.20        |          22.74 
IGM 19:33:48 :         257    |          2030        |        0.17        |          22.74 
IGM 19:34:16 :         286    |          2035        |        0.18        |          22.74 
IGM 19:34:42 :         313    |          2040        |        0.20        |          22.74 
IGM 19:35:03 :         337    |          2045        |        0.22        |          22.74 
IGM 19:35:22 :         359    |          2050        |        0.25        |          22.74 
IGM 19:35:40 :         378    |          2055        |        0.29        |          22.74 
IGM 19:35:58 :         397    |          2060        |        0.26        |          22.74 
IGM 19:36:16 :         417    |          2065        |        0.25        |          22.74 
IGM 19:36:36 :         438    |          2070        |        0.25        |          22.73 
IGM 19:36:55 :         458    |          2075        |        0.27        |          22.73 
IGM 19:37:13 :         477    |          2080        |        0.28        |          22.73 
IGM 19:37:31 :         495    |          2085        |        0.30        |          22.73 
IGM 19:37:46 :         512    |          2090        |        0.32        |          22.72 
IGM 19:37:58 :         528    |          2095        |        0.32        |          22.70 
IGM 19:38:12 :         543    |          2100        |        0.34        |          22.68 
Computational statistics report:
                      iceflow  |  mean time per it :   0.9337  |  total : 506.9838  |  number it  :      543
                     optimize  |  mean time per it :   5.9894  |  total : 11978.8343  |  number it  :     2000
                    time_step  |  mean time per it :   0.0012  |  total :   0.6274  |  number it  :      543
                          thk  |  mean time per it :   0.0029  |  total :   1.5518  |  number it  :      543
