2023-10-09 12:55:08.908234: I tensorflow/tsl/cuda/cudart_stub.cc:28] Could not find cuda drivers on your machine, GPU will not be used.
2023-10-09 12:55:08.956568: E tensorflow/compiler/xla/stream_executor/cuda/cuda_dnn.cc:9342] Unable to register cuDNN factory: Attempting to register factory for plugin cuDNN when one has already been registered
2023-10-09 12:55:08.956592: E tensorflow/compiler/xla/stream_executor/cuda/cuda_fft.cc:609] Unable to register cuFFT factory: Attempting to register factory for plugin cuFFT when one has already been registered
2023-10-09 12:55:08.956619: E tensorflow/compiler/xla/stream_executor/cuda/cuda_blas.cc:1518] Unable to register cuBLAS factory: Attempting to register factory for plugin cuBLAS when one has already been registered
2023-10-09 12:55:08.965642: I tensorflow/tsl/cuda/cudart_stub.cc:28] Could not find cuda drivers on your machine, GPU will not be used.
2023-10-09 12:55:08.965890: I tensorflow/core/platform/cpu_feature_guard.cc:182] This TensorFlow binary is optimized to use available CPU instructions in performance-critical operations.
To enable the following instructions: AVX2 FMA, in other operations, rebuild TensorFlow with the appropriate compiler flags.
2023-10-09 12:55:11.285322: W tensorflow/compiler/tf2tensorrt/utils/py_utils.cc:38] TF-TRT Warning: Could not find TensorRT
/projects/etpi5866/igm/igm/modules/preproc/optimize.py:755: RuntimeWarning: invalid value encountered in divide
  costs[:, i] /= np.max(costs[:, i])
WARNING: the following parameters of the json file do not exist in igm:  opti_velobs_std
                   Step  |  ICE_VOL |  COST_U  |  COST_H  |  COST_D  |  COST_S  |   REGU_H |   REGU_S | COST_GLEN  
OPTI 12:55:26 :        0 |    23.33 |    71.51 |     0.00 |     0.00 |     0.00 |     0.00 |     0.00 |    -0.39 |
OPTI 12:57:46 :       50 |    23.33 |    16.41 |     0.00 |     0.00 |     1.37 |     0.00 |     6.98 |    -0.25 |
OPTI 13:00:05 :      100 |    23.33 |    17.26 |     0.00 |     0.00 |     1.15 |     0.00 |    14.93 |    -0.31 |
OPTI 13:02:25 :      150 |    23.33 |    19.20 |     0.00 |     0.00 |     1.31 |     0.00 |    18.77 |    -0.33 |
OPTI 13:04:44 :      200 |    23.33 |    21.30 |     0.00 |     0.00 |     1.73 |     0.00 |    19.78 |    -0.35 |
OPTI 13:07:04 :      250 |    23.33 |    23.37 |     0.00 |     0.00 |     2.34 |     0.00 |    20.34 |    -0.38 |
OPTI 13:09:25 :      300 |    23.33 |    24.56 |     0.00 |     0.00 |     2.70 |     0.00 |    20.92 |    -0.39 |
OPTI 13:11:44 :      350 |    23.33 |    25.67 |     0.00 |     0.00 |     2.93 |     0.00 |    20.12 |    -0.40 |
OPTI 13:14:03 :      400 |    23.33 |    26.29 |     0.00 |     0.00 |     3.25 |     0.00 |    19.77 |    -0.41 |
OPTI 13:16:21 :      450 |    23.33 |    26.59 |     0.00 |     0.00 |     3.50 |     0.00 |    20.10 |    -0.42 |
OPTI 13:18:39 :      500 |    23.33 |    26.85 |     0.00 |     0.00 |     3.92 |     0.00 |    19.84 |    -0.42 |
OPTI 13:20:56 :      550 |    23.33 |    27.14 |     0.00 |     0.00 |     4.30 |     0.00 |    19.84 |    -0.43 |
OPTI 13:23:13 :      600 |    23.33 |    27.45 |     0.00 |     0.00 |     4.49 |     0.00 |    20.05 |    -0.43 |
OPTI 13:25:32 :      650 |    23.33 |    28.40 |     0.00 |     0.00 |     4.52 |     0.00 |    20.39 |    -0.43 |
OPTI 13:27:51 :      700 |    23.33 |    28.65 |     0.00 |     0.00 |     4.62 |     0.00 |    20.53 |    -0.44 |
OPTI 13:30:11 :      750 |    23.33 |    28.25 |     0.00 |     0.00 |     4.83 |     0.00 |    20.12 |    -0.44 |
OPTI 13:32:30 :      800 |    23.33 |    29.27 |     0.00 |     0.00 |     5.06 |     0.00 |    19.86 |    -0.45 |
OPTI 13:34:49 :      850 |    23.33 |    29.64 |     0.00 |     0.00 |     5.22 |     0.00 |    19.96 |    -0.45 |
OPTI 13:37:08 :      900 |    23.33 |    29.56 |     0.00 |     0.00 |     5.36 |     0.00 |    19.52 |    -0.45 |
OPTI 13:39:28 :      950 |    23.33 |    30.32 |     0.00 |     0.00 |     5.33 |     0.00 |    18.72 |    -0.45 |
OPTI 13:41:46 :     1000 |    23.33 |    30.15 |     0.00 |     0.00 |     5.39 |     0.00 |    18.46 |    -0.45 |
OPTI 13:44:04 :     1050 |    23.33 |    30.16 |     0.00 |     0.00 |     5.57 |     0.00 |    18.57 |    -0.46 |
OPTI 13:46:22 :     1100 |    23.33 |    30.99 |     0.00 |     0.00 |     5.53 |     0.00 |    18.96 |    -0.46 |
OPTI 13:48:40 :     1150 |    23.33 |    30.74 |     0.00 |     0.00 |     5.67 |     0.00 |    20.01 |    -0.46 |
OPTI 13:50:58 :     1200 |    23.33 |    31.81 |     0.00 |     0.00 |     5.73 |     0.00 |    20.27 |    -0.46 |
OPTI 13:53:16 :     1250 |    23.33 |    30.87 |     0.00 |     0.00 |     5.88 |     0.00 |    19.69 |    -0.46 |
OPTI 13:55:35 :     1300 |    23.33 |    30.50 |     0.00 |     0.00 |     6.07 |     0.00 |    19.60 |    -0.46 |
OPTI 13:57:54 :     1350 |    23.33 |    30.60 |     0.00 |     0.00 |     6.17 |     0.00 |    19.90 |    -0.47 |
OPTI 14:00:12 :     1400 |    23.33 |    32.09 |     0.00 |     0.00 |     6.36 |     0.00 |    19.61 |    -0.47 |
OPTI 14:02:31 :     1450 |    23.33 |    31.22 |     0.00 |     0.00 |     6.57 |     0.00 |    18.85 |    -0.47 |
OPTI 14:04:50 :     1500 |    23.33 |    31.58 |     0.00 |     0.00 |     6.56 |     0.00 |    19.47 |    -0.47 |
OPTI 14:07:08 :     1550 |    23.33 |    31.08 |     0.00 |     0.00 |     6.68 |     0.00 |    18.54 |    -0.47 |
OPTI 14:09:25 :     1600 |    23.33 |    30.60 |     0.00 |     0.00 |     6.72 |     0.00 |    17.65 |    -0.47 |
OPTI 14:11:45 :     1650 |    23.33 |    30.68 |     0.00 |     0.00 |     6.77 |     0.00 |    17.87 |    -0.47 |
OPTI 14:14:03 :     1700 |    23.33 |    31.70 |     0.00 |     0.00 |     6.76 |     0.00 |    17.92 |    -0.47 |
OPTI 14:16:21 :     1750 |    23.33 |    32.18 |     0.00 |     0.00 |     6.90 |     0.00 |    17.54 |    -0.47 |
OPTI 14:18:39 :     1800 |    23.33 |    31.18 |     0.00 |     0.00 |     6.99 |     0.00 |    17.75 |    -0.47 |
OPTI 14:20:57 :     1850 |    23.33 |    32.15 |     0.00 |     0.00 |     7.15 |     0.00 |    17.80 |    -0.47 |
OPTI 14:23:15 :     1900 |    23.33 |    32.63 |     0.00 |     0.00 |     7.18 |     0.00 |    18.19 |    -0.47 |
OPTI 14:25:34 :     1950 |    23.33 |    31.49 |     0.00 |     0.00 |     7.28 |     0.00 |    17.33 |    -0.47 |
IGM %s :         Iterations   |         Time (y)     |     Time Step (y)   |   Ice Volume (km^3) 
IGM 14:27:55 :           0    |          2000        |        0.03        |          23.33 
IGM 14:27:58 :           4    |          2000        |        0.04        |          23.33 
Computational statistics report:
                      iceflow  |  mean time per it :   1.2040  |  total :   6.0199  |  number it  :        5
                     optimize  |  mean time per it :   2.7651  |  total : 5530.2843  |  number it  :     2000
                    time_step  |  mean time per it :   0.0020  |  total :   0.0102  |  number it  :        5
                          thk  |  mean time per it :   0.0160  |  total :   0.0800  |  number it  :        5
                write_ncdf_ex  |  mean time per it :   0.0269  |  total :   0.0538  |  number it  :        2
                 write_plot2d  |  mean time per it :   0.3621  |  total :   0.7243  |  number it  :        2
