2023-06-27 12:34:44.260076: I tensorflow/core/platform/cpu_feature_guard.cc:142] This TensorFlow binary is optimized with oneAPI Deep Neural Network Library (oneDNN) to use the following CPU instructions in performance-critical operations:  SSE4.1 SSE4.2 AVX AVX2 FMA
To enable them in other operations, rebuild TensorFlow with the appropriate compiler flags.
2023-06-27 12:34:45.357567: I tensorflow/compiler/mlir/mlir_graph_optimization_pass.cc:116] None of the MLIR optimization passes are enabled (registered 2)
2023-06-27 12:34:45.485608: I tensorflow/core/platform/profile_utils/cpu_utils.cc:112] CPU Frequency: 2794895000 Hz
/projects/etpi5866/igm/src/igm.py:3157: RuntimeWarning: invalid value encountered in divide
  costs[:, i] /= np.max(costs[:, i])
Build IGM class
+++++++++++++++++++ START IGM ++++++++++++++++++++++++++++++++++++++++++
PARAMETERS ARE ...... 
                   working_dir : 
                  geology_file : geology.nc
                      resample : 1
                        tstart : 0.0
                          tend : 100.0
                restartingfile : 
                     verbosity : 0
                         tsave : 10
                   plot_result : False
                     plot_live : False
                        usegpu : True
                          stop : False
              init_strflowctrl : 100
                init_slidingco : 0
                init_arrhenius : 78
                            dz : 20
                        maxthk : 1000.0
              clim_update_freq : 1
                  type_climate : 
               erosion_include : False
                   erosion_cst : 2.7e-07
                   erosion_exp : 2
           erosion_update_freq : 100
                uplift_include : False
                   uplift_rate : 0.002
            uplift_update_freq : 100
        iceflow_model_lib_path : /projects/etpi5866/igm/model-lib/f15_cfsflow_GJ_22_a/50
          multiple_window_size : 0
              force_max_velbar : 0
                      optimize : False
             opti_vars_to_save : ['topg', 'usurf', 'thk', 'strflowctrl', 'arrhenius', 'slidingco', 'velsurf_mag', 'velsurfobs_mag', 'divflux', 'uvelbase', 'vvelbase', 'uvelsurf', 'vvelsurf']
              observation_file : ./inputs/observation.nc
             thk_profiles_file : 
                     mode_opti : thkstrflowctrl
          opti_thr_strflowctrl : 100
            opti_init_zero_thk : False
           opti_regu_param_thk : 10.0
   opti_regu_param_strflowctrl : 5.0
 opti_smooth_anisotropy_factor : 0.2
         opti_convexity_weight : 0.002
             opti_usurfobs_std : 5.0
          opti_strflowctrl_std : 20.0
           opti_velsurfobs_std : 3.0
               opti_thkobs_std : 20.0
           opti_divfluxobs_std : 1.0
                  opti_control : ['thk', 'strflowctrl', 'usurf']
                     opti_cost : ['velsurf', 'thk', 'usurf', 'icemask']
                  opti_nbitmin : 50
                  opti_nbitmax : 2000
                opti_step_size : 0.01
       opti_make_holes_in_data : 0
              opti_output_freq : 50
        geology_optimized_file : geology-optimized.nc
                  vars_to_save : ['topg', 'usurf', 'thk', 'smb', 'velbar_mag', 'velsurf_mag']
                       varplot : velbar_mag
                   varplot_max : 500
                mb_update_freq : 1
             type_mass_balance : simple
                    mb_scaling : 1.0
                mb_simple_file : mb_simple_param.txt
            smb_model_lib_path : ../../model-lib/smb_meteoswissglamos
    smoothing_thk_filter_shape : 3
           smoothing_thk_sigma : 3
     smoothing_thk_update_freq : 100
                           cfl : 0.3
                         dtmax : 10.0
               tracking_method : 3d
             frequency_seeding : 10
               density_seeding : 0.2
 OPTI, step     0 , ICE_VOL:   24.83 , COST_U:   81.27 , COST_H:    0.00 , COST_D :    0.00 , COST_S :    0.00 , REGU_H :  -18.75 , REGU_A :    0.00 
 OPTI, step    50 , ICE_VOL:   30.95 , COST_U:   20.36 , COST_H:    7.32 , COST_D :    0.00 , COST_S :    2.52 , REGU_H :  -80.26 , REGU_A :    0.44 
 OPTI, step   100 , ICE_VOL:   35.09 , COST_U:   11.56 , COST_H:   14.48 , COST_D :    0.00 , COST_S :    3.87 , REGU_H :  -93.48 , REGU_A :    0.22 
 OPTI, step   150 , ICE_VOL:   35.39 , COST_U:    9.63 , COST_H:   15.38 , COST_D :    0.00 , COST_S :    4.08 , REGU_H :  -95.96 , REGU_A :    0.18 
 OPTI, step   200 , ICE_VOL:   35.31 , COST_U:    8.88 , COST_H:   15.36 , COST_D :    0.00 , COST_S :    4.13 , REGU_H :  -96.88 , REGU_A :    0.17 
 OPTI, step   250 , ICE_VOL:   35.25 , COST_U:    8.48 , COST_H:   15.32 , COST_D :    0.00 , COST_S :    4.13 , REGU_H :  -97.33 , REGU_A :    0.16 
 OPTI, step   300 , ICE_VOL:   35.20 , COST_U:    8.21 , COST_H:   15.29 , COST_D :    0.00 , COST_S :    4.14 , REGU_H :  -97.78 , REGU_A :    0.16 
 OPTI, step   350 , ICE_VOL:   35.15 , COST_U:    8.03 , COST_H:   15.25 , COST_D :    0.00 , COST_S :    4.13 , REGU_H :  -98.14 , REGU_A :    0.17 
 OPTI, step   400 , ICE_VOL:   35.12 , COST_U:    7.89 , COST_H:   15.23 , COST_D :    0.00 , COST_S :    4.14 , REGU_H :  -98.38 , REGU_A :    0.17 
 OPTI, step   450 , ICE_VOL:   35.10 , COST_U:    7.77 , COST_H:   15.23 , COST_D :    0.00 , COST_S :    4.14 , REGU_H :  -98.56 , REGU_A :    0.17 
 OPTI, step   500 , ICE_VOL:   35.09 , COST_U:    7.66 , COST_H:   15.23 , COST_D :    0.00 , COST_S :    4.15 , REGU_H :  -98.70 , REGU_A :    0.17 
 OPTI, step   550 , ICE_VOL:   35.07 , COST_U:    7.58 , COST_H:   15.22 , COST_D :    0.00 , COST_S :    4.14 , REGU_H :  -98.80 , REGU_A :    0.17 
 OPTI, step   600 , ICE_VOL:   35.07 , COST_U:    7.52 , COST_H:   15.23 , COST_D :    0.00 , COST_S :    4.13 , REGU_H :  -98.91 , REGU_A :    0.18 
 OPTI, step   650 , ICE_VOL:   35.06 , COST_U:    7.46 , COST_H:   15.24 , COST_D :    0.00 , COST_S :    4.13 , REGU_H :  -98.98 , REGU_A :    0.18 
 OPTI, step   700 , ICE_VOL:   35.06 , COST_U:    7.42 , COST_H:   15.24 , COST_D :    0.00 , COST_S :    4.12 , REGU_H :  -99.04 , REGU_A :    0.18 
 OPTI, step   750 , ICE_VOL:   35.05 , COST_U:    7.38 , COST_H:   15.24 , COST_D :    0.00 , COST_S :    4.12 , REGU_H :  -99.08 , REGU_A :    0.18 
 OPTI, step   800 , ICE_VOL:   35.05 , COST_U:    7.36 , COST_H:   15.25 , COST_D :    0.00 , COST_S :    4.12 , REGU_H :  -99.11 , REGU_A :    0.19 
 OPTI, step   850 , ICE_VOL:   35.06 , COST_U:    7.33 , COST_H:   15.26 , COST_D :    0.00 , COST_S :    4.12 , REGU_H :  -99.16 , REGU_A :    0.19 
 OPTI, step   900 , ICE_VOL:   35.06 , COST_U:    7.30 , COST_H:   15.27 , COST_D :    0.00 , COST_S :    4.12 , REGU_H :  -99.19 , REGU_A :    0.19 
 OPTI, step   950 , ICE_VOL:   35.06 , COST_U:    7.28 , COST_H:   15.28 , COST_D :    0.00 , COST_S :    4.12 , REGU_H :  -99.21 , REGU_A :    0.20 
 OPTI, step  1000 , ICE_VOL:   35.07 , COST_U:    7.26 , COST_H:   15.29 , COST_D :    0.00 , COST_S :    4.12 , REGU_H :  -99.24 , REGU_A :    0.20 
 OPTI, step  1050 , ICE_VOL:   35.07 , COST_U:    7.24 , COST_H:   15.31 , COST_D :    0.00 , COST_S :    4.12 , REGU_H :  -99.27 , REGU_A :    0.20 
 OPTI, step  1100 , ICE_VOL:   35.07 , COST_U:    7.22 , COST_H:   15.31 , COST_D :    0.00 , COST_S :    4.13 , REGU_H :  -99.28 , REGU_A :    0.19 
 OPTI, step  1150 , ICE_VOL:   35.08 , COST_U:    7.19 , COST_H:   15.32 , COST_D :    0.00 , COST_S :    4.13 , REGU_H :  -99.30 , REGU_A :    0.20 
 OPTI, step  1200 , ICE_VOL:   35.08 , COST_U:    7.18 , COST_H:   15.33 , COST_D :    0.00 , COST_S :    4.13 , REGU_H :  -99.32 , REGU_A :    0.20 
 OPTI, step  1250 , ICE_VOL:   35.08 , COST_U:    7.15 , COST_H:   15.34 , COST_D :    0.00 , COST_S :    4.13 , REGU_H :  -99.32 , REGU_A :    0.21 
 OPTI, step  1300 , ICE_VOL:   35.08 , COST_U:    7.13 , COST_H:   15.34 , COST_D :    0.00 , COST_S :    4.13 , REGU_H :  -99.35 , REGU_A :    0.20 
 OPTI, step  1350 , ICE_VOL:   35.10 , COST_U:    7.14 , COST_H:   15.36 , COST_D :    0.00 , COST_S :    4.17 , REGU_H :  -99.18 , REGU_A :    0.22 
 OPTI, step  1400 , ICE_VOL:   35.08 , COST_U:    7.10 , COST_H:   15.35 , COST_D :    0.00 , COST_S :    4.13 , REGU_H :  -99.36 , REGU_A :    0.20 
 OPTI, step  1450 , ICE_VOL:   35.08 , COST_U:    7.08 , COST_H:   15.36 , COST_D :    0.00 , COST_S :    4.13 , REGU_H :  -99.37 , REGU_A :    0.20 
 OPTI, step  1500 , ICE_VOL:   35.08 , COST_U:    7.07 , COST_H:   15.36 , COST_D :    0.00 , COST_S :    4.13 , REGU_H :  -99.38 , REGU_A :    0.21 
 OPTI, step  1550 , ICE_VOL:   35.08 , COST_U:    7.05 , COST_H:   15.36 , COST_D :    0.00 , COST_S :    4.12 , REGU_H :  -99.38 , REGU_A :    0.20 
 OPTI, step  1600 , ICE_VOL:   35.09 , COST_U:    7.05 , COST_H:   15.38 , COST_D :    0.00 , COST_S :    4.12 , REGU_H :  -99.39 , REGU_A :    0.19 
 OPTI, step  1650 , ICE_VOL:   35.09 , COST_U:    7.04 , COST_H:   15.38 , COST_D :    0.00 , COST_S :    4.12 , REGU_H :  -99.40 , REGU_A :    0.21 
 OPTI, step  1700 , ICE_VOL:   35.10 , COST_U:    7.02 , COST_H:   15.40 , COST_D :    0.00 , COST_S :    4.14 , REGU_H :  -99.42 , REGU_A :    0.20 
 OPTI, step  1750 , ICE_VOL:   35.09 , COST_U:    7.02 , COST_H:   15.38 , COST_D :    0.00 , COST_S :    4.11 , REGU_H :  -99.41 , REGU_A :    0.19 
 OPTI, step  1800 , ICE_VOL:   35.09 , COST_U:    7.01 , COST_H:   15.39 , COST_D :    0.00 , COST_S :    4.11 , REGU_H :  -99.42 , REGU_A :    0.20 
 OPTI, step  1850 , ICE_VOL:   35.09 , COST_U:    7.00 , COST_H:   15.39 , COST_D :    0.00 , COST_S :    4.11 , REGU_H :  -99.42 , REGU_A :    0.20 
 OPTI, step  1900 , ICE_VOL:   35.09 , COST_U:    6.98 , COST_H:   15.39 , COST_D :    0.00 , COST_S :    4.11 , REGU_H :  -99.43 , REGU_A :    0.20 
 OPTI, step  1950 , ICE_VOL:   35.09 , COST_U:    6.98 , COST_H:   15.39 , COST_D :    0.00 , COST_S :    4.11 , REGU_H :  -99.42 , REGU_A :    0.19 
Traceback (most recent call last):
  File "basal.py", line 71, in <module>
    np.savetxt(output_dir + 'sliding_velocity_magnitude.txt', Ub)
  File "<__array_function__ internals>", line 180, in savetxt
  File "/projects/etpi5866/software/anaconda/envs/igm/lib/python3.8/site-packages/numpy/lib/npyio.py", line 1523, in savetxt
    open(fname, 'wt').close()
FileNotFoundError: [Errno 2] No such file or directory: './outputs/scalar_thkobs_std/sliding_velocity_magnitude.txt'
