2023-06-29 22:29:07.882728: I tensorflow/core/platform/cpu_feature_guard.cc:142] This TensorFlow binary is optimized with oneAPI Deep Neural Network Library (oneDNN) to use the following CPU instructions in performance-critical operations:  SSE4.1 SSE4.2 AVX AVX2 FMA
To enable them in other operations, rebuild TensorFlow with the appropriate compiler flags.
2023-06-29 22:29:08.075943: I tensorflow/compiler/mlir/mlir_graph_optimization_pass.cc:116] None of the MLIR optimization passes are enabled (registered 2)
2023-06-29 22:29:08.088582: I tensorflow/core/platform/profile_utils/cpu_utils.cc:112] CPU Frequency: 2794895000 Hz
/projects/etpi5866/igm/src/igm.py:3157: RuntimeWarning: invalid value encountered in divide
  costs[:, i] /= np.max(costs[:, i])
Build IGM class
+++++++++++++++++++ START IGM ++++++++++++++++++++++++++++++++++++++++++
PARAMETERS ARE ...... 
                   working_dir : 
                  geology_file : geology.nc
                      resample : 1
                        tstart : 0.0
                          tend : 100.0
                restartingfile : 
                     verbosity : 0
                         tsave : 10
                   plot_result : False
                     plot_live : False
                        usegpu : True
                          stop : False
              init_strflowctrl : 78.0
                init_slidingco : 0
                init_arrhenius : 78
                            dz : 20
                        maxthk : 1000.0
              clim_update_freq : 1
                  type_climate : 
               erosion_include : False
                   erosion_cst : 2.7e-07
                   erosion_exp : 2
           erosion_update_freq : 100
                uplift_include : False
                   uplift_rate : 0.002
            uplift_update_freq : 100
        iceflow_model_lib_path : /projects/etpi5866/igm/model-lib/f15_cfsflow_GJ_22_a/50
          multiple_window_size : 0
              force_max_velbar : 0
                      optimize : False
             opti_vars_to_save : ['topg', 'usurf', 'thk', 'strflowctrl', 'arrhenius', 'slidingco', 'velsurf_mag', 'velsurfobs_mag', 'divflux', 'uvelbase', 'vvelbase', 'uvelsurf', 'vvelsurf']
              observation_file : ./inputs/observation.nc
             thk_profiles_file : 
                     mode_opti : thkstrflowctrl
          opti_thr_strflowctrl : 78.0
            opti_init_zero_thk : False
           opti_regu_param_thk : 10.0
   opti_regu_param_strflowctrl : 5.0
 opti_smooth_anisotropy_factor : 0.2
         opti_convexity_weight : 0.002
             opti_usurfobs_std : 5.0
          opti_strflowctrl_std : 20.0
           opti_velsurfobs_std : 3.0
               opti_thkobs_std : 15.0
           opti_divfluxobs_std : 1.0
                  opti_control : ['thk', 'strflowctrl', 'usurf']
                     opti_cost : ['velsurf', 'thk', 'usurf', 'icemask']
                  opti_nbitmin : 50
                  opti_nbitmax : 2000
                opti_step_size : 0.01
       opti_make_holes_in_data : 0
              opti_output_freq : 50
        geology_optimized_file : geology-optimized.nc
                  vars_to_save : ['topg', 'usurf', 'thk', 'smb', 'velbar_mag', 'velsurf_mag']
                       varplot : velbar_mag
                   varplot_max : 500
                mb_update_freq : 1
             type_mass_balance : simple
                    mb_scaling : 1.0
                mb_simple_file : mb_simple_param.txt
            smb_model_lib_path : ../../model-lib/smb_meteoswissglamos
    smoothing_thk_filter_shape : 3
           smoothing_thk_sigma : 3
     smoothing_thk_update_freq : 100
                           cfl : 0.3
                         dtmax : 10.0
               tracking_method : 3d
             frequency_seeding : 10
               density_seeding : 0.2
 OPTI, step     0 , ICE_VOL:   24.83 , COST_U:   72.65 , COST_H:    0.00 , COST_D :    0.00 , COST_S :    0.00 , REGU_H :  -18.75 , REGU_A :    0.00 
 OPTI, step    50 , ICE_VOL:   30.35 , COST_U:   20.48 , COST_H:   10.25 , COST_D :    0.00 , COST_S :    2.37 , REGU_H :  -78.93 , REGU_A :    0.48 
 OPTI, step   100 , ICE_VOL:   31.71 , COST_U:   12.11 , COST_H:   13.58 , COST_D :    0.00 , COST_S :    3.52 , REGU_H :  -85.37 , REGU_A :    0.28 
 OPTI, step   150 , ICE_VOL:   31.44 , COST_U:   10.31 , COST_H:   13.13 , COST_D :    0.00 , COST_S :    3.72 , REGU_H :  -86.31 , REGU_A :    0.23 
 OPTI, step   200 , ICE_VOL:   31.33 , COST_U:    9.47 , COST_H:   12.98 , COST_D :    0.00 , COST_S :    3.83 , REGU_H :  -86.93 , REGU_A :    0.21 
 OPTI, step   250 , ICE_VOL:   31.26 , COST_U:    8.99 , COST_H:   12.88 , COST_D :    0.00 , COST_S :    3.87 , REGU_H :  -87.44 , REGU_A :    0.20 
 OPTI, step   300 , ICE_VOL:   31.20 , COST_U:    8.68 , COST_H:   12.80 , COST_D :    0.00 , COST_S :    3.89 , REGU_H :  -87.74 , REGU_A :    0.20 
 OPTI, step   350 , ICE_VOL:   31.16 , COST_U:    8.50 , COST_H:   12.77 , COST_D :    0.00 , COST_S :    3.89 , REGU_H :  -88.03 , REGU_A :    0.19 
 OPTI, step   400 , ICE_VOL:   31.13 , COST_U:    8.34 , COST_H:   12.75 , COST_D :    0.00 , COST_S :    3.88 , REGU_H :  -88.25 , REGU_A :    0.19 
 OPTI, step   450 , ICE_VOL:   31.11 , COST_U:    8.23 , COST_H:   12.73 , COST_D :    0.00 , COST_S :    3.88 , REGU_H :  -88.41 , REGU_A :    0.20 
 OPTI, step   500 , ICE_VOL:   31.09 , COST_U:    8.14 , COST_H:   12.71 , COST_D :    0.00 , COST_S :    3.87 , REGU_H :  -88.51 , REGU_A :    0.20 
 OPTI, step   550 , ICE_VOL:   31.07 , COST_U:    8.04 , COST_H:   12.71 , COST_D :    0.00 , COST_S :    3.88 , REGU_H :  -88.59 , REGU_A :    0.20 
 OPTI, step   600 , ICE_VOL:   31.06 , COST_U:    7.97 , COST_H:   12.69 , COST_D :    0.00 , COST_S :    3.88 , REGU_H :  -88.64 , REGU_A :    0.21 
 OPTI, step   650 , ICE_VOL:   31.05 , COST_U:    7.92 , COST_H:   12.69 , COST_D :    0.00 , COST_S :    3.87 , REGU_H :  -88.69 , REGU_A :    0.21 
 OPTI, step   700 , ICE_VOL:   31.05 , COST_U:    7.88 , COST_H:   12.69 , COST_D :    0.00 , COST_S :    3.87 , REGU_H :  -88.69 , REGU_A :    0.21 
 OPTI, step   750 , ICE_VOL:   31.04 , COST_U:    7.83 , COST_H:   12.69 , COST_D :    0.00 , COST_S :    3.88 , REGU_H :  -88.75 , REGU_A :    0.22 
 OPTI, step   800 , ICE_VOL:   31.04 , COST_U:    7.79 , COST_H:   12.69 , COST_D :    0.00 , COST_S :    3.87 , REGU_H :  -88.76 , REGU_A :    0.21 
 OPTI, step   850 , ICE_VOL:   31.04 , COST_U:    7.76 , COST_H:   12.69 , COST_D :    0.00 , COST_S :    3.87 , REGU_H :  -88.76 , REGU_A :    0.22 
 OPTI, step   900 , ICE_VOL:   31.03 , COST_U:    7.69 , COST_H:   12.70 , COST_D :    0.00 , COST_S :    3.89 , REGU_H :  -88.79 , REGU_A :    0.22 
 OPTI, step   950 , ICE_VOL:   31.03 , COST_U:    7.64 , COST_H:   12.70 , COST_D :    0.00 , COST_S :    3.89 , REGU_H :  -88.81 , REGU_A :    0.21 
 OPTI, step  1000 , ICE_VOL:   31.02 , COST_U:    7.61 , COST_H:   12.70 , COST_D :    0.00 , COST_S :    3.89 , REGU_H :  -88.80 , REGU_A :    0.22 
 OPTI, step  1050 , ICE_VOL:   31.02 , COST_U:    7.58 , COST_H:   12.69 , COST_D :    0.00 , COST_S :    3.88 , REGU_H :  -88.80 , REGU_A :    0.22 
 OPTI, step  1100 , ICE_VOL:   31.01 , COST_U:    7.54 , COST_H:   12.68 , COST_D :    0.00 , COST_S :    3.89 , REGU_H :  -88.80 , REGU_A :    0.22 
 OPTI, step  1150 , ICE_VOL:   31.01 , COST_U:    7.51 , COST_H:   12.68 , COST_D :    0.00 , COST_S :    3.89 , REGU_H :  -88.80 , REGU_A :    0.21 
 OPTI, step  1200 , ICE_VOL:   31.01 , COST_U:    7.50 , COST_H:   12.68 , COST_D :    0.00 , COST_S :    3.88 , REGU_H :  -88.80 , REGU_A :    0.22 
 OPTI, step  1250 , ICE_VOL:   31.01 , COST_U:    7.47 , COST_H:   12.68 , COST_D :    0.00 , COST_S :    3.88 , REGU_H :  -88.81 , REGU_A :    0.22 
 OPTI, step  1300 , ICE_VOL:   31.01 , COST_U:    7.45 , COST_H:   12.68 , COST_D :    0.00 , COST_S :    3.88 , REGU_H :  -88.82 , REGU_A :    0.22 
 OPTI, step  1350 , ICE_VOL:   31.01 , COST_U:    7.42 , COST_H:   12.67 , COST_D :    0.00 , COST_S :    3.88 , REGU_H :  -88.80 , REGU_A :    0.22 
 OPTI, step  1400 , ICE_VOL:   31.00 , COST_U:    7.40 , COST_H:   12.66 , COST_D :    0.00 , COST_S :    3.87 , REGU_H :  -88.80 , REGU_A :    0.23 
 OPTI, step  1450 , ICE_VOL:   31.00 , COST_U:    7.38 , COST_H:   12.66 , COST_D :    0.00 , COST_S :    3.87 , REGU_H :  -88.80 , REGU_A :    0.23 
 OPTI, step  1500 , ICE_VOL:   31.00 , COST_U:    7.36 , COST_H:   12.65 , COST_D :    0.00 , COST_S :    3.87 , REGU_H :  -88.79 , REGU_A :    0.23 
 OPTI, step  1550 , ICE_VOL:   30.99 , COST_U:    7.35 , COST_H:   12.65 , COST_D :    0.00 , COST_S :    3.87 , REGU_H :  -88.79 , REGU_A :    0.21 
 OPTI, step  1600 , ICE_VOL:   30.99 , COST_U:    7.34 , COST_H:   12.65 , COST_D :    0.00 , COST_S :    3.87 , REGU_H :  -88.79 , REGU_A :    0.21 
 OPTI, step  1650 , ICE_VOL:   30.99 , COST_U:    7.32 , COST_H:   12.65 , COST_D :    0.00 , COST_S :    3.87 , REGU_H :  -88.79 , REGU_A :    0.21 
 OPTI, step  1700 , ICE_VOL:   30.99 , COST_U:    7.31 , COST_H:   12.65 , COST_D :    0.00 , COST_S :    3.87 , REGU_H :  -88.79 , REGU_A :    0.22 
 OPTI, step  1750 , ICE_VOL:   30.99 , COST_U:    7.30 , COST_H:   12.65 , COST_D :    0.00 , COST_S :    3.87 , REGU_H :  -88.80 , REGU_A :    0.23 
 OPTI, step  1800 , ICE_VOL:   31.02 , COST_U:    7.55 , COST_H:   12.68 , COST_D :    0.00 , COST_S :    3.93 , REGU_H :  -88.46 , REGU_A :    0.27 
 OPTI, step  1850 , ICE_VOL:   30.98 , COST_U:    7.29 , COST_H:   12.63 , COST_D :    0.00 , COST_S :    3.87 , REGU_H :  -88.78 , REGU_A :    0.22 
 OPTI, step  1900 , ICE_VOL:   30.99 , COST_U:    7.27 , COST_H:   12.63 , COST_D :    0.00 , COST_S :    3.85 , REGU_H :  -88.79 , REGU_A :    0.21 
 OPTI, step  1950 , ICE_VOL:   30.98 , COST_U:    7.27 , COST_H:   12.63 , COST_D :    0.00 , COST_S :    3.85 , REGU_H :  -88.78 , REGU_A :    0.22 
Traceback (most recent call last):
  File "basal.py", line 71, in <module>
    np.savetxt(output_dir + 'sliding_velocity_magnitude.txt', Ub)
  File "<__array_function__ internals>", line 180, in savetxt
  File "/projects/etpi5866/software/anaconda/envs/igm/lib/python3.8/site-packages/numpy/lib/npyio.py", line 1523, in savetxt
    open(fname, 'wt').close()
FileNotFoundError: [Errno 2] No such file or directory: './outputs/scalar_thkobs_std/threshold_78/sliding_velocity_magnitude.txt'
