2023-10-05 11:32:31.312780: I tensorflow/tsl/cuda/cudart_stub.cc:28] Could not find cuda drivers on your machine, GPU will not be used.
2023-10-05 11:32:31.360546: E tensorflow/compiler/xla/stream_executor/cuda/cuda_dnn.cc:9342] Unable to register cuDNN factory: Attempting to register factory for plugin cuDNN when one has already been registered
2023-10-05 11:32:31.360577: E tensorflow/compiler/xla/stream_executor/cuda/cuda_fft.cc:609] Unable to register cuFFT factory: Attempting to register factory for plugin cuFFT when one has already been registered
2023-10-05 11:32:31.360601: E tensorflow/compiler/xla/stream_executor/cuda/cuda_blas.cc:1518] Unable to register cuBLAS factory: Attempting to register factory for plugin cuBLAS when one has already been registered
2023-10-05 11:32:31.369579: I tensorflow/tsl/cuda/cudart_stub.cc:28] Could not find cuda drivers on your machine, GPU will not be used.
2023-10-05 11:32:31.369824: I tensorflow/core/platform/cpu_feature_guard.cc:182] This TensorFlow binary is optimized to use available CPU instructions in performance-critical operations.
To enable the following instructions: AVX2 FMA, in other operations, rebuild TensorFlow with the appropriate compiler flags.
2023-10-05 11:32:34.402927: W tensorflow/compiler/tf2tensorrt/utils/py_utils.cc:38] TF-TRT Warning: Could not find TensorRT
/projects/etpi5866/igm/igm/modules/preproc/optimize.py:755: RuntimeWarning: invalid value encountered in divide
  costs[:, i] /= np.max(costs[:, i])
/projects/etpi5866/software/anaconda/envs/igm/lib/python3.10/site-packages/numpy/core/fromnumeric.py:3504: RuntimeWarning: Mean of empty slice.
  return _methods._mean(a, axis=axis, dtype=dtype,
/projects/etpi5866/software/anaconda/envs/igm/lib/python3.10/site-packages/numpy/core/_methods.py:129: RuntimeWarning: invalid value encountered in scalar divide
  ret = ret.dtype.type(ret / rcount)
                   Step  |  ICE_VOL |  COST_U  |  COST_H  |  COST_D  |  COST_S  |   REGU_H |   REGU_S | COST_GLEN  
OPTI 11:32:51 :        0 |    23.33 |   294.15 |     0.00 |     0.00 |     0.00 |    11.81 |     0.00 |     1.77 |
OPTI 11:35:20 :       50 |    21.56 |    17.02 |     0.00 |     0.00 |     2.19 |    10.07 |     0.00 |    -0.37 |
OPTI 11:37:46 :      100 |    20.16 |     8.35 |     0.00 |     0.00 |     1.16 |     9.32 |     0.00 |    -0.29 |
OPTI 11:40:14 :      150 |    19.21 |     5.13 |     0.00 |     0.00 |     0.62 |     8.86 |     0.00 |    -0.26 |
OPTI 11:42:41 :      200 |    18.54 |     3.49 |     0.00 |     0.00 |     0.39 |     8.56 |     0.00 |    -0.25 |
OPTI 11:45:10 :      250 |    17.95 |     2.78 |     0.00 |     0.00 |     0.30 |     8.37 |     0.00 |    -0.24 |
OPTI 11:47:37 :      300 |    17.42 |     2.38 |     0.00 |     0.00 |     0.26 |     8.17 |     0.00 |    -0.23 |
OPTI 11:50:03 :      350 |    16.98 |     2.16 |     0.00 |     0.00 |     0.24 |     8.01 |     0.00 |    -0.23 |
OPTI 11:52:31 :      400 |    16.59 |     2.01 |     0.00 |     0.00 |     0.22 |     7.84 |     0.00 |    -0.22 |
OPTI 11:54:58 :      450 |    16.27 |     1.91 |     0.00 |     0.00 |     0.20 |     7.70 |     0.00 |    -0.22 |
OPTI 11:57:25 :      500 |    16.00 |     1.84 |     0.00 |     0.00 |     0.19 |     7.53 |     0.00 |    -0.22 |
OPTI 11:59:52 :      550 |    15.76 |     1.79 |     0.00 |     0.00 |     0.19 |     7.39 |     0.00 |    -0.22 |
OPTI 12:02:17 :      600 |    15.57 |     1.73 |     0.00 |     0.00 |     0.18 |     7.26 |     0.00 |    -0.22 |
OPTI 12:04:45 :      650 |    15.39 |     1.69 |     0.00 |     0.00 |     0.18 |     7.15 |     0.00 |    -0.22 |
OPTI 12:07:11 :      700 |    15.23 |     1.65 |     0.00 |     0.00 |     0.17 |     7.05 |     0.00 |    -0.22 |
OPTI 12:09:36 :      750 |    15.08 |     1.63 |     0.00 |     0.00 |     0.17 |     6.95 |     0.00 |    -0.22 |
OPTI 12:12:01 :      800 |    14.94 |     1.61 |     0.00 |     0.00 |     0.16 |     6.83 |     0.00 |    -0.22 |
OPTI 12:14:27 :      850 |    14.81 |     1.59 |     0.00 |     0.00 |     0.16 |     6.71 |     0.00 |    -0.22 |
OPTI 12:16:53 :      900 |    14.68 |     1.58 |     0.00 |     0.00 |     0.15 |     6.63 |     0.00 |    -0.22 |
OPTI 12:19:19 :      950 |    14.56 |     1.58 |     0.00 |     0.00 |     0.15 |     6.55 |     0.00 |    -0.22 |
OPTI 12:21:43 :     1000 |    14.44 |     1.57 |     0.00 |     0.00 |     0.14 |     6.47 |     0.00 |    -0.21 |
OPTI 12:24:08 :     1050 |    14.34 |     1.58 |     0.00 |     0.00 |     0.14 |     6.39 |     0.00 |    -0.21 |
OPTI 12:26:34 :     1100 |    14.23 |     1.58 |     0.00 |     0.00 |     0.14 |     6.32 |     0.00 |    -0.21 |
OPTI 12:29:00 :     1150 |    14.13 |     1.59 |     0.00 |     0.00 |     0.14 |     6.24 |     0.00 |    -0.21 |
OPTI 12:31:25 :     1200 |    14.04 |     1.60 |     0.00 |     0.00 |     0.14 |     6.17 |     0.00 |    -0.21 |
OPTI 12:33:51 :     1250 |    13.96 |     1.61 |     0.00 |     0.00 |     0.14 |     6.12 |     0.00 |    -0.21 |
OPTI 12:36:16 :     1300 |    13.89 |     1.60 |     0.00 |     0.00 |     0.13 |     6.10 |     0.00 |    -0.21 |
OPTI 12:38:42 :     1350 |    13.83 |     1.56 |     0.00 |     0.00 |     0.13 |     6.06 |     0.00 |    -0.21 |
OPTI 12:41:09 :     1400 |    13.79 |     1.53 |     0.00 |     0.00 |     0.13 |     6.03 |     0.00 |    -0.21 |
OPTI 12:43:35 :     1450 |    13.76 |     1.49 |     0.00 |     0.00 |     0.12 |     5.99 |     0.00 |    -0.22 |
OPTI 12:46:01 :     1500 |    13.72 |     1.46 |     0.00 |     0.00 |     0.12 |     5.95 |     0.00 |    -0.22 |
OPTI 12:48:28 :     1550 |    13.70 |     1.44 |     0.00 |     0.00 |     0.12 |     5.92 |     0.00 |    -0.22 |
OPTI 12:50:53 :     1600 |    13.66 |     1.43 |     0.00 |     0.00 |     0.12 |     5.88 |     0.00 |    -0.22 |
OPTI 12:53:20 :     1650 |    13.63 |     1.42 |     0.00 |     0.00 |     0.11 |     5.85 |     0.00 |    -0.22 |
OPTI 12:55:46 :     1700 |    13.60 |     1.42 |     0.00 |     0.00 |     0.11 |     5.82 |     0.00 |    -0.22 |
OPTI 12:58:11 :     1750 |    13.57 |     1.41 |     0.00 |     0.00 |     0.11 |     5.80 |     0.00 |    -0.22 |
OPTI 13:00:37 :     1800 |    13.54 |     1.41 |     0.00 |     0.00 |     0.11 |     5.79 |     0.00 |    -0.22 |
OPTI 13:03:04 :     1850 |    13.51 |     1.41 |     0.00 |     0.00 |     0.11 |     5.78 |     0.00 |    -0.22 |
OPTI 13:05:30 :     1900 |    13.48 |     1.41 |     0.00 |     0.00 |     0.11 |     5.76 |     0.00 |    -0.22 |
OPTI 13:07:54 :     1950 |    13.45 |     1.41 |     0.00 |     0.00 |     0.12 |     5.74 |     0.00 |    -0.22 |
IGM %s :         Iterations   |         Time (y)     |     Time Step (y)   |   Ice Volume (km^3) 
Computational statistics report:
                      iceflow  |  mean time per it :      nan  |  total :   0.0000  |  number it  :        0
                     optimize  |  mean time per it :   2.9129  |  total : 5825.7006  |  number it  :     2000
                    time_step  |  mean time per it :      nan  |  total :   0.0000  |  number it  :        0
                          thk  |  mean time per it :      nan  |  total :   0.0000  |  number it  :        0
                write_ncdf_ex  |  mean time per it :      nan  |  total :   0.0000  |  number it  :        0
                 write_plot2d  |  mean time per it :      nan  |  total :   0.0000  |  number it  :        0
