2023-10-06 14:01:47.405948: I tensorflow/tsl/cuda/cudart_stub.cc:28] Could not find cuda drivers on your machine, GPU will not be used.
2023-10-06 14:01:47.454404: E tensorflow/compiler/xla/stream_executor/cuda/cuda_dnn.cc:9342] Unable to register cuDNN factory: Attempting to register factory for plugin cuDNN when one has already been registered
2023-10-06 14:01:47.454435: E tensorflow/compiler/xla/stream_executor/cuda/cuda_fft.cc:609] Unable to register cuFFT factory: Attempting to register factory for plugin cuFFT when one has already been registered
2023-10-06 14:01:47.454460: E tensorflow/compiler/xla/stream_executor/cuda/cuda_blas.cc:1518] Unable to register cuBLAS factory: Attempting to register factory for plugin cuBLAS when one has already been registered
2023-10-06 14:01:47.463380: I tensorflow/tsl/cuda/cudart_stub.cc:28] Could not find cuda drivers on your machine, GPU will not be used.
2023-10-06 14:01:47.463629: I tensorflow/core/platform/cpu_feature_guard.cc:182] This TensorFlow binary is optimized to use available CPU instructions in performance-critical operations.
To enable the following instructions: AVX2 FMA, in other operations, rebuild TensorFlow with the appropriate compiler flags.
2023-10-06 14:01:50.524505: W tensorflow/compiler/tf2tensorrt/utils/py_utils.cc:38] TF-TRT Warning: Could not find TensorRT
/projects/etpi5866/igm/igm/modules/preproc/optimize.py:755: RuntimeWarning: invalid value encountered in divide
  costs[:, i] /= np.max(costs[:, i])
WARNING: the following parameters of the json file do not exist in igm:  opti_velobs_std
                   Step  |  ICE_VOL |  COST_U  |  COST_H  |  COST_D  |  COST_S  |   REGU_H |   REGU_S | COST_GLEN  
OPTI 14:02:08 :        0 |    23.33 |   294.15 |     0.00 |     0.00 |     0.00 |     3.68 |     0.00 |     1.77 |
OPTI 14:04:34 :       50 |    21.75 |    12.45 |     0.00 |     0.00 |     2.13 |     3.14 |     0.00 |    -0.35 |
OPTI 14:07:00 :      100 |    20.67 |     5.75 |     0.00 |     0.00 |     2.21 |     2.95 |     0.00 |    -0.29 |
OPTI 14:09:26 :      150 |    19.94 |     3.86 |     0.00 |     0.00 |     1.55 |     2.84 |     0.00 |    -0.27 |
OPTI 14:11:51 :      200 |    19.35 |     2.83 |     0.00 |     0.00 |     1.12 |     2.77 |     0.00 |    -0.26 |
OPTI 14:14:17 :      250 |    18.89 |     2.32 |     0.00 |     0.00 |     0.83 |     2.75 |     0.00 |    -0.25 |
OPTI 14:16:42 :      300 |    18.50 |     2.01 |     0.00 |     0.00 |     0.66 |     2.74 |     0.00 |    -0.25 |
OPTI 14:19:08 :      350 |    18.10 |     1.84 |     0.00 |     0.00 |     0.56 |     2.71 |     0.00 |    -0.24 |
OPTI 14:21:33 :      400 |    17.74 |     1.68 |     0.00 |     0.00 |     0.51 |     2.67 |     0.00 |    -0.24 |
OPTI 14:23:59 :      450 |    17.42 |     1.57 |     0.00 |     0.00 |     0.47 |     2.64 |     0.00 |    -0.24 |
OPTI 14:26:21 :      500 |    17.17 |     1.47 |     0.00 |     0.00 |     0.43 |     2.59 |     0.00 |    -0.24 |
OPTI 14:28:40 :      550 |    16.96 |     1.39 |     0.00 |     0.00 |     0.40 |     2.55 |     0.00 |    -0.24 |
OPTI 14:30:58 :      600 |    16.77 |     1.31 |     0.00 |     0.00 |     0.37 |     2.51 |     0.00 |    -0.24 |
OPTI 14:33:16 :      650 |    16.61 |     1.23 |     0.00 |     0.00 |     0.34 |     2.47 |     0.00 |    -0.23 |
OPTI 14:35:34 :      700 |    16.47 |     1.17 |     0.00 |     0.00 |     0.32 |     2.43 |     0.00 |    -0.23 |
OPTI 14:37:50 :      750 |    16.34 |     1.13 |     0.00 |     0.00 |     0.30 |     2.39 |     0.00 |    -0.23 |
OPTI 14:40:08 :      800 |    16.21 |     1.06 |     0.00 |     0.00 |     0.29 |     2.35 |     0.00 |    -0.23 |
OPTI 14:42:26 :      850 |    16.08 |     1.02 |     0.00 |     0.00 |     0.28 |     2.31 |     0.00 |    -0.23 |
OPTI 14:44:44 :      900 |    15.96 |     0.97 |     0.00 |     0.00 |     0.26 |     2.27 |     0.00 |    -0.23 |
OPTI 14:47:00 :      950 |    15.84 |     0.93 |     0.00 |     0.00 |     0.25 |     2.24 |     0.00 |    -0.23 |
OPTI 14:49:16 :     1000 |    15.72 |     0.90 |     0.00 |     0.00 |     0.24 |     2.22 |     0.00 |    -0.23 |
OPTI 14:51:33 :     1050 |    15.61 |     0.88 |     0.00 |     0.00 |     0.23 |     2.19 |     0.00 |    -0.23 |
OPTI 14:53:50 :     1100 |    15.50 |     0.86 |     0.00 |     0.00 |     0.23 |     2.16 |     0.00 |    -0.23 |
OPTI 14:56:08 :     1150 |    15.41 |     0.85 |     0.00 |     0.00 |     0.22 |     2.13 |     0.00 |    -0.23 |
OPTI 14:58:25 :     1200 |    15.33 |     0.83 |     0.00 |     0.00 |     0.22 |     2.12 |     0.00 |    -0.24 |
OPTI 15:00:42 :     1250 |    15.25 |     0.82 |     0.00 |     0.00 |     0.21 |     2.09 |     0.00 |    -0.24 |
OPTI 15:03:00 :     1300 |    15.18 |     0.79 |     0.00 |     0.00 |     0.21 |     2.07 |     0.00 |    -0.24 |
OPTI 15:05:17 :     1350 |    15.11 |     0.78 |     0.00 |     0.00 |     0.21 |     2.04 |     0.00 |    -0.24 |
OPTI 15:07:34 :     1400 |    15.04 |     0.77 |     0.00 |     0.00 |     0.20 |     2.01 |     0.00 |    -0.24 |
OPTI 15:09:51 :     1450 |    14.97 |     0.76 |     0.00 |     0.00 |     0.20 |     1.99 |     0.00 |    -0.24 |
OPTI 15:12:10 :     1500 |    14.91 |     0.74 |     0.00 |     0.00 |     0.20 |     1.96 |     0.00 |    -0.24 |
OPTI 15:14:29 :     1550 |    14.83 |     0.74 |     0.00 |     0.00 |     0.20 |     1.94 |     0.00 |    -0.24 |
OPTI 15:16:46 :     1600 |    14.77 |     0.74 |     0.00 |     0.00 |     0.20 |     1.93 |     0.00 |    -0.24 |
OPTI 15:19:04 :     1650 |    14.72 |     0.73 |     0.00 |     0.00 |     0.20 |     1.91 |     0.00 |    -0.24 |
OPTI 15:21:23 :     1700 |    14.66 |     0.73 |     0.00 |     0.00 |     0.19 |     1.90 |     0.00 |    -0.24 |
OPTI 15:23:42 :     1750 |    14.62 |     0.73 |     0.00 |     0.00 |     0.19 |     1.89 |     0.00 |    -0.24 |
OPTI 15:26:00 :     1800 |    14.58 |     0.73 |     0.00 |     0.00 |     0.19 |     1.89 |     0.00 |    -0.24 |
OPTI 15:28:19 :     1850 |    14.54 |     0.73 |     0.00 |     0.00 |     0.19 |     1.88 |     0.00 |    -0.24 |
OPTI 15:30:37 :     1900 |    14.49 |     0.74 |     0.00 |     0.00 |     0.19 |     1.88 |     0.00 |    -0.24 |
OPTI 15:32:57 :     1950 |    14.45 |     0.74 |     0.00 |     0.00 |     0.19 |     1.87 |     0.00 |    -0.24 |
IGM %s :         Iterations   |         Time (y)     |     Time Step (y)   |   Ice Volume (km^3) 
IGM 15:35:18 :           0    |          2000        |        0.12        |          14.41 
IGM 15:35:20 :           1    |          2000        |        0.12        |          14.41 
Computational statistics report:
                      iceflow  |  mean time per it :   2.7062  |  total :   5.4125  |  number it  :        2
                     optimize  |  mean time per it :   2.7863  |  total : 5572.5547  |  number it  :     2000
                    time_step  |  mean time per it :   0.0031  |  total :   0.0062  |  number it  :        2
                          thk  |  mean time per it :   0.0033  |  total :   0.0067  |  number it  :        2
                write_ncdf_ex  |  mean time per it :   0.0300  |  total :   0.0599  |  number it  :        2
                 write_plot2d  |  mean time per it :   0.3616  |  total :   0.7231  |  number it  :        2
