2023-10-13 10:26:29.978616: I tensorflow/tsl/cuda/cudart_stub.cc:28] Could not find cuda drivers on your machine, GPU will not be used.
2023-10-13 10:26:31.475039: E tensorflow/compiler/xla/stream_executor/cuda/cuda_dnn.cc:9342] Unable to register cuDNN factory: Attempting to register factory for plugin cuDNN when one has already been registered
2023-10-13 10:26:31.475170: E tensorflow/compiler/xla/stream_executor/cuda/cuda_fft.cc:609] Unable to register cuFFT factory: Attempting to register factory for plugin cuFFT when one has already been registered
2023-10-13 10:26:31.475230: E tensorflow/compiler/xla/stream_executor/cuda/cuda_blas.cc:1518] Unable to register cuBLAS factory: Attempting to register factory for plugin cuBLAS when one has already been registered
2023-10-13 10:26:32.205151: I tensorflow/tsl/cuda/cudart_stub.cc:28] Could not find cuda drivers on your machine, GPU will not be used.
2023-10-13 10:26:32.205830: I tensorflow/core/platform/cpu_feature_guard.cc:182] This TensorFlow binary is optimized to use available CPU instructions in performance-critical operations.
To enable the following instructions: AVX2 FMA, in other operations, rebuild TensorFlow with the appropriate compiler flags.
2023-10-13 10:26:53.793253: W tensorflow/compiler/tf2tensorrt/utils/py_utils.cc:38] TF-TRT Warning: Could not find TensorRT
/projects/etpi5866/igm/igm/modules/preproc/optimize.py:755: RuntimeWarning: invalid value encountered in divide
  costs[:, i] /= np.max(costs[:, i])
WARNING: the following parameters of the json file do not exist in igm:  opti_velobs_std
                   Step  |  ICE_VOL |  COST_U  |  COST_H  |  COST_D  |  COST_S  |   REGU_H |   REGU_S | COST_GLEN  
OPTI 10:28:14 :        0 |    23.33 |   144.16 |     0.00 |     0.00 |     0.00 |    36.40 |     0.00 |     0.16 |
OPTI 10:34:25 :       50 |    21.04 |    11.92 |     0.00 |     0.00 |     2.81 |    28.46 |     0.00 |    -0.33 |
OPTI 10:40:40 :      100 |    19.38 |     6.33 |     0.00 |     0.00 |     0.94 |    25.24 |     0.00 |    -0.27 |
OPTI 10:46:49 :      150 |    18.23 |     4.20 |     0.00 |     0.00 |     0.53 |    23.13 |     0.00 |    -0.25 |
OPTI 10:53:03 :      200 |    17.27 |     3.28 |     0.00 |     0.00 |     0.37 |    21.79 |     0.00 |    -0.23 |
OPTI 10:59:16 :      250 |    16.42 |     2.93 |     0.00 |     0.00 |     0.29 |    20.73 |     0.00 |    -0.21 |
OPTI 11:05:29 :      300 |    15.72 |     2.95 |     0.00 |     0.00 |     0.26 |    19.83 |     0.00 |    -0.20 |
OPTI 11:11:46 :      350 |    15.18 |     2.96 |     0.00 |     0.00 |     0.23 |    19.21 |     0.00 |    -0.20 |
OPTI 11:17:56 :      400 |    14.75 |     2.95 |     0.00 |     0.00 |     0.22 |    18.78 |     0.00 |    -0.20 |
OPTI 11:24:03 :      450 |    14.40 |     2.95 |     0.00 |     0.00 |     0.22 |    18.41 |     0.00 |    -0.20 |
IGM %s :         Iterations   |         Time (y)     |     Time Step (y)   |   Ice Volume (km^3) 
IGM 11:30:31 :           0    |          2000        |        0.17        |          14.09 
IGM 11:30:37 :           1    |          2000        |        0.18        |          14.09 
Computational statistics report:
                      iceflow  |  mean time per it :   7.5361  |  total :  15.0722  |  number it  :        2
                     optimize  |  mean time per it :   7.4904  |  total : 3745.2142  |  number it  :      500
                    time_step  |  mean time per it :   0.0094  |  total :   0.0189  |  number it  :        2
                          thk  |  mean time per it :   0.0103  |  total :   0.0206  |  number it  :        2
                write_ncdf_ex  |  mean time per it :   0.0560  |  total :   0.1119  |  number it  :        2
                 write_plot2d  |  mean time per it :   0.8705  |  total :   1.7409  |  number it  :        2
