2023-10-09 09:42:50.003853: I tensorflow/tsl/cuda/cudart_stub.cc:28] Could not find cuda drivers on your machine, GPU will not be used.
2023-10-09 09:42:50.057029: E tensorflow/compiler/xla/stream_executor/cuda/cuda_dnn.cc:9342] Unable to register cuDNN factory: Attempting to register factory for plugin cuDNN when one has already been registered
2023-10-09 09:42:50.057056: E tensorflow/compiler/xla/stream_executor/cuda/cuda_fft.cc:609] Unable to register cuFFT factory: Attempting to register factory for plugin cuFFT when one has already been registered
2023-10-09 09:42:50.057080: E tensorflow/compiler/xla/stream_executor/cuda/cuda_blas.cc:1518] Unable to register cuBLAS factory: Attempting to register factory for plugin cuBLAS when one has already been registered
2023-10-09 09:42:50.067059: I tensorflow/tsl/cuda/cudart_stub.cc:28] Could not find cuda drivers on your machine, GPU will not be used.
2023-10-09 09:42:50.067304: I tensorflow/core/platform/cpu_feature_guard.cc:182] This TensorFlow binary is optimized to use available CPU instructions in performance-critical operations.
To enable the following instructions: AVX2 FMA, in other operations, rebuild TensorFlow with the appropriate compiler flags.
2023-10-09 09:42:51.301943: W tensorflow/compiler/tf2tensorrt/utils/py_utils.cc:38] TF-TRT Warning: Could not find TensorRT
/projects/etpi5866/igm/igm/modules/preproc/optimize.py:755: RuntimeWarning: invalid value encountered in divide
  costs[:, i] /= np.max(costs[:, i])
WARNING: the following parameters of the json file do not exist in igm:  opti_velobs_std
                   Step  |  ICE_VOL |  COST_U  |  COST_H  |  COST_D  |  COST_S  |   REGU_H |   REGU_S | COST_GLEN  
OPTI 09:43:04 :        0 |    23.33 |   594.04 |     0.00 |     0.00 |     0.00 |    37.22 |     0.00 |     4.48 |
OPTI 09:45:31 :       50 |    21.73 |    20.59 |     0.00 |     0.00 |     1.01 |    31.70 |     0.00 |    -0.41 |
OPTI 09:47:54 :      100 |    20.34 |    11.86 |     0.00 |     0.00 |     1.91 |    29.01 |     0.00 |    -0.33 |
OPTI 09:50:19 :      150 |    19.02 |     6.68 |     0.00 |     0.00 |     0.92 |    27.24 |     0.00 |    -0.27 |
OPTI 09:52:44 :      200 |    18.04 |     4.49 |     0.00 |     0.00 |     0.53 |    26.12 |     0.00 |    -0.24 |
OPTI 09:55:10 :      250 |    17.28 |     3.45 |     0.00 |     0.00 |     0.37 |    25.39 |     0.00 |    -0.23 |
OPTI 09:57:35 :      300 |    16.65 |     2.98 |     0.00 |     0.00 |     0.30 |    24.79 |     0.00 |    -0.22 |
OPTI 10:00:01 :      350 |    16.09 |     2.73 |     0.00 |     0.00 |     0.26 |    24.31 |     0.00 |    -0.21 |
OPTI 10:02:27 :      400 |    15.61 |     2.57 |     0.00 |     0.00 |     0.24 |    23.84 |     0.00 |    -0.21 |
OPTI 10:04:53 :      450 |    15.18 |     2.49 |     0.00 |     0.00 |     0.22 |    23.29 |     0.00 |    -0.21 |
IGM %s :         Iterations   |         Time (y)     |     Time Step (y)   |   Ice Volume (km^3) 
IGM 10:07:22 :           0    |          2000        |        0.12        |          14.78 
IGM 10:07:24 :           1    |          2000        |        0.17        |          14.78 
Computational statistics report:
                      iceflow  |  mean time per it :   2.7778  |  total :   5.5557  |  number it  :        2
                     optimize  |  mean time per it :   2.9173  |  total : 1458.6504  |  number it  :      500
                    time_step  |  mean time per it :   0.0032  |  total :   0.0065  |  number it  :        2
                          thk  |  mean time per it :   0.0033  |  total :   0.0066  |  number it  :        2
                write_ncdf_ex  |  mean time per it :   0.0278  |  total :   0.0555  |  number it  :        2
                 write_plot2d  |  mean time per it :   0.3803  |  total :   0.7605  |  number it  :        2
