2023-09-29 14:17:10.629255: I tensorflow/tsl/cuda/cudart_stub.cc:28] Could not find cuda drivers on your machine, GPU will not be used.
2023-09-29 14:17:10.685571: E tensorflow/compiler/xla/stream_executor/cuda/cuda_dnn.cc:9342] Unable to register cuDNN factory: Attempting to register factory for plugin cuDNN when one has already been registered
2023-09-29 14:17:10.685622: E tensorflow/compiler/xla/stream_executor/cuda/cuda_fft.cc:609] Unable to register cuFFT factory: Attempting to register factory for plugin cuFFT when one has already been registered
2023-09-29 14:17:10.685651: E tensorflow/compiler/xla/stream_executor/cuda/cuda_blas.cc:1518] Unable to register cuBLAS factory: Attempting to register factory for plugin cuBLAS when one has already been registered
2023-09-29 14:17:10.696400: I tensorflow/tsl/cuda/cudart_stub.cc:28] Could not find cuda drivers on your machine, GPU will not be used.
2023-09-29 14:17:10.696705: I tensorflow/core/platform/cpu_feature_guard.cc:182] This TensorFlow binary is optimized to use available CPU instructions in performance-critical operations.
To enable the following instructions: AVX2 FMA, in other operations, rebuild TensorFlow with the appropriate compiler flags.
2023-09-29 14:17:13.805123: W tensorflow/compiler/tf2tensorrt/utils/py_utils.cc:38] TF-TRT Warning: Could not find TensorRT
/projects/etpi5866/igm/igm/modules/preproc/optimize.py:755: RuntimeWarning: invalid value encountered in divide
  costs[:, i] /= np.max(costs[:, i])
                   Step  |  ICE_VOL |  COST_U  |  COST_H  |  COST_D  |  COST_S  |   REGU_H |   REGU_S | COST_GLEN  
OPTI 14:17:32 :        0 |    23.33 |   594.04 |     0.00 |     0.00 |     0.00 |     3.72 |     0.00 |     4.48 |
OPTI 14:21:07 :       50 |    21.96 |    20.71 |     0.00 |     0.00 |     0.91 |     3.31 |     0.00 |    -0.41 |
OPTI 14:24:45 :      100 |    20.89 |    12.24 |     0.00 |     0.00 |     1.90 |     3.12 |     0.00 |    -0.33 |
OPTI 14:28:18 :      150 |    19.87 |     6.90 |     0.00 |     0.00 |     0.87 |     3.02 |     0.00 |    -0.28 |
OPTI 14:31:49 :      200 |    19.22 |     4.58 |     0.00 |     0.00 |     0.48 |     2.95 |     0.00 |    -0.26 |
OPTI 14:35:27 :      250 |    18.78 |     3.43 |     0.00 |     0.00 |     0.35 |     2.92 |     0.00 |    -0.25 |
OPTI 14:38:58 :      300 |    18.43 |     2.81 |     0.00 |     0.00 |     0.28 |     2.91 |     0.00 |    -0.25 |
OPTI 14:42:28 :      350 |    18.14 |     2.42 |     0.00 |     0.00 |     0.25 |     2.89 |     0.00 |    -0.24 |
OPTI 14:45:57 :      400 |    17.88 |     2.13 |     0.00 |     0.00 |     0.22 |     2.86 |     0.00 |    -0.24 |
OPTI 14:48:48 :      450 |    17.64 |     1.93 |     0.00 |     0.00 |     0.21 |     2.83 |     0.00 |    -0.24 |
IGM %s :         Iterations   |         Time (y)     |     Time Step (y)   |   Ice Volume (km^3) 
IGM 14:51:48 :           0    |          2000        |        0.11        |          17.40 
IGM 14:51:53 :           7    |          2001        |        0.13        |          17.40 
Computational statistics report:
                      iceflow  |  mean time per it :   1.0642  |  total :   8.5136  |  number it  :        8
                     optimize  |  mean time per it :   4.1158  |  total : 2057.9193  |  number it  :      500
                    time_step  |  mean time per it :   0.0024  |  total :   0.0189  |  number it  :        8
                          thk  |  mean time per it :   0.0030  |  total :   0.0242  |  number it  :        8
                write_ncdf_ex  |  mean time per it :   0.0292  |  total :   0.0583  |  number it  :        2
                 write_plot2d  |  mean time per it :   0.4458  |  total :   0.8916  |  number it  :        2
