2023-08-24 10:01:51.912817: W tensorflow/stream_executor/platform/default/dso_loader.cc:64] Could not load dynamic library 'libcudart.so.11.0'; dlerror: libcudart.so.11.0: cannot open shared object file: No such file or directory
2023-08-24 10:01:51.912855: I tensorflow/stream_executor/cuda/cudart_stub.cc:29] Ignore above cudart dlerror if you do not have a GPU set up on your machine.
2023-08-24 10:02:13.763865: W tensorflow/stream_executor/platform/default/dso_loader.cc:64] Could not load dynamic library 'libcuda.so.1'; dlerror: libcuda.so.1: cannot open shared object file: No such file or directory
2023-08-24 10:02:13.763897: W tensorflow/stream_executor/cuda/cuda_driver.cc:269] failed call to cuInit: UNKNOWN ERROR (303)
2023-08-24 10:02:13.763922: I tensorflow/stream_executor/cuda/cuda_diagnostics.cc:156] kernel driver does not appear to be running on this host (bnode0316.rc.int.colorado.edu): /proc/driver/nvidia/version does not exist
2023-08-24 10:02:13.764377: I tensorflow/core/platform/cpu_feature_guard.cc:151] This TensorFlow binary is optimized with oneAPI Deep Neural Network Library (oneDNN) to use the following CPU instructions in performance-critical operations:  AVX2 FMA
To enable them in other operations, rebuild TensorFlow with the appropriate compiler flags.
WARNING:tensorflow:No training configuration found in the save file, so the model was *not* compiled. Compile it manually.
/projects/etpi5866/igm2/igm/modules/preproc/optimize.py:736: RuntimeWarning: invalid value encountered in divide
  costs[:, i] /= np.max(costs[:, i])
WARNING:tensorflow:No training configuration found in the save file, so the model was *not* compiled. Compile it manually.
/projects/etpi5866/software/anaconda/envs/igm2/lib/python3.10/site-packages/numpy/core/fromnumeric.py:3504: RuntimeWarning: Mean of empty slice.
  return _methods._mean(a, axis=axis, dtype=dtype,
/projects/etpi5866/software/anaconda/envs/igm2/lib/python3.10/site-packages/numpy/core/_methods.py:129: RuntimeWarning: invalid value encountered in scalar divide
  ret = ret.dtype.type(ret / rcount)
                   Step  |  ICE_VOL |  COST_U  |  COST_H  |  COST_D  |  COST_S  |   REGU_H |   REGU_S | COST_GLEN  
OPTI 10:02:27 :        0 |    22.74 |   6444.71 |     0.00 |     0.00 |     0.00 |   346.92 |     0.00 |    21.86 |
OPTI 10:03:33 :       10 |    22.74 |   744.61 |     0.00 |     0.00 |     0.00 |   320.35 |     0.00 |     0.81 |
OPTI 10:04:40 :       20 |    22.74 |   514.66 |     0.00 |     0.00 |     0.00 |   300.97 |     0.00 |    -0.10 |
OPTI 10:05:45 :       30 |    22.74 |   496.84 |     0.00 |     0.00 |     0.00 |   293.71 |     0.00 |    -0.23 |
OPTI 10:06:50 :       40 |    22.74 |   484.60 |     0.00 |     0.00 |     0.00 |   291.25 |     0.00 |    -0.27 |
OPTI 10:07:56 :       50 |    22.74 |   492.23 |     0.00 |     0.00 |     0.00 |   289.40 |     0.00 |    -0.30 |
OPTI 10:09:01 :       60 |    22.74 |   492.95 |     0.00 |     0.00 |     0.00 |   288.62 |     0.00 |    -0.32 |
OPTI 10:10:07 :       70 |    22.74 |   496.34 |     0.00 |     0.00 |     0.00 |   288.14 |     0.00 |    -0.34 |
OPTI 10:11:11 :       80 |    22.74 |   499.05 |     0.00 |     0.00 |     0.00 |   287.39 |     0.00 |    -0.35 |
OPTI 10:12:15 :       90 |    22.74 |   502.65 |     0.00 |     0.00 |     0.00 |   285.96 |     0.00 |    -0.36 |
OPTI 10:13:20 :      100 |    22.74 |   505.18 |     0.00 |     0.00 |     0.00 |   284.84 |     0.00 |    -0.37 |
OPTI 10:14:23 :      110 |    22.74 |   508.26 |     0.00 |     0.00 |     0.00 |   283.98 |     0.00 |    -0.38 |
OPTI 10:15:28 :      120 |    22.74 |   511.04 |     0.00 |     0.00 |     0.00 |   283.29 |     0.00 |    -0.39 |
OPTI 10:16:33 :      130 |    22.74 |   513.27 |     0.00 |     0.00 |     0.00 |   282.60 |     0.00 |    -0.39 |
OPTI 10:17:38 :      140 |    22.74 |   515.37 |     0.00 |     0.00 |     0.00 |   281.85 |     0.00 |    -0.40 |
OPTI 10:18:44 :      150 |    22.74 |   516.94 |     0.00 |     0.00 |     0.00 |   281.07 |     0.00 |    -0.40 |
OPTI 10:19:51 :      160 |    22.74 |   518.20 |     0.00 |     0.00 |     0.00 |   280.30 |     0.00 |    -0.41 |
OPTI 10:20:57 :      170 |    22.74 |   519.37 |     0.00 |     0.00 |     0.00 |   279.60 |     0.00 |    -0.41 |
OPTI 10:22:03 :      180 |    22.74 |   520.30 |     0.00 |     0.00 |     0.00 |   278.96 |     0.00 |    -0.41 |
OPTI 10:23:08 :      190 |    22.74 |   521.31 |     0.00 |     0.00 |     0.00 |   278.33 |     0.00 |    -0.42 |
OPTI 10:24:14 :      200 |    22.74 |   522.17 |     0.00 |     0.00 |     0.00 |   277.72 |     0.00 |    -0.42 |
OPTI 10:25:20 :      210 |    22.74 |   523.32 |     0.00 |     0.00 |     0.00 |   277.15 |     0.00 |    -0.43 |
OPTI 10:26:25 :      220 |    22.74 |   524.21 |     0.00 |     0.00 |     0.00 |   276.63 |     0.00 |    -0.43 |
OPTI 10:27:30 :      230 |    22.74 |   525.01 |     0.00 |     0.00 |     0.00 |   276.19 |     0.00 |    -0.43 |
OPTI 10:28:33 :      240 |    22.74 |   525.89 |     0.00 |     0.00 |     0.00 |   275.78 |     0.00 |    -0.44 |
OPTI 10:29:39 :      250 |    22.74 |   526.65 |     0.00 |     0.00 |     0.00 |   275.43 |     0.00 |    -0.44 |
OPTI 10:30:46 :      260 |    22.74 |   527.65 |     0.00 |     0.00 |     0.00 |   275.08 |     0.00 |    -0.44 |
OPTI 10:31:49 :      270 |    22.74 |   528.75 |     0.00 |     0.00 |     0.00 |   274.80 |     0.00 |    -0.44 |
OPTI 10:32:54 :      280 |    22.74 |   529.97 |     0.00 |     0.00 |     0.00 |   274.53 |     0.00 |    -0.45 |
OPTI 10:33:58 :      290 |    22.74 |   531.15 |     0.00 |     0.00 |     0.00 |   274.28 |     0.00 |    -0.45 |
OPTI 10:35:04 :      300 |    22.74 |   532.22 |     0.00 |     0.00 |     0.00 |   274.03 |     0.00 |    -0.45 |
OPTI 10:36:10 :      310 |    22.74 |   533.42 |     0.00 |     0.00 |     0.00 |   273.79 |     0.00 |    -0.45 |
OPTI 10:37:14 :      320 |    22.74 |   534.55 |     0.00 |     0.00 |     0.00 |   273.56 |     0.00 |    -0.46 |
OPTI 10:38:18 :      330 |    22.74 |   535.79 |     0.00 |     0.00 |     0.00 |   273.36 |     0.00 |    -0.46 |
OPTI 10:39:23 :      340 |    22.74 |   536.86 |     0.00 |     0.00 |     0.00 |   273.21 |     0.00 |    -0.46 |
OPTI 10:40:27 :      350 |    22.74 |   537.96 |     0.00 |     0.00 |     0.00 |   273.06 |     0.00 |    -0.46 |
OPTI 10:41:30 :      360 |    22.74 |   538.99 |     0.00 |     0.00 |     0.00 |   272.91 |     0.00 |    -0.46 |
OPTI 10:42:34 :      370 |    22.74 |   540.00 |     0.00 |     0.00 |     0.00 |   272.74 |     0.00 |    -0.47 |
OPTI 10:43:38 :      380 |    22.74 |   541.15 |     0.00 |     0.00 |     0.00 |   272.58 |     0.00 |    -0.47 |
OPTI 10:44:41 :      390 |    22.74 |   542.14 |     0.00 |     0.00 |     0.00 |   272.46 |     0.00 |    -0.47 |
OPTI 10:45:45 :      400 |    22.74 |   543.16 |     0.00 |     0.00 |     0.00 |   272.41 |     0.00 |    -0.47 |
OPTI 10:46:48 :      410 |    22.74 |   544.23 |     0.00 |     0.00 |     0.00 |   272.34 |     0.00 |    -0.47 |
OPTI 10:47:52 :      420 |    22.74 |   545.19 |     0.00 |     0.00 |     0.00 |   272.28 |     0.00 |    -0.48 |
OPTI 10:48:55 :      430 |    22.74 |   546.29 |     0.00 |     0.00 |     0.00 |   272.22 |     0.00 |    -0.48 |
OPTI 10:50:00 :      440 |    22.74 |   547.24 |     0.00 |     0.00 |     0.00 |   272.21 |     0.00 |    -0.48 |
OPTI 10:51:04 :      450 |    22.74 |   548.28 |     0.00 |     0.00 |     0.00 |   272.24 |     0.00 |    -0.48 |
OPTI 10:52:07 :      460 |    22.74 |   549.10 |     0.00 |     0.00 |     0.00 |   272.28 |     0.00 |    -0.48 |
OPTI 10:53:12 :      470 |    22.74 |   550.12 |     0.00 |     0.00 |     0.00 |   272.30 |     0.00 |    -0.49 |
OPTI 10:54:16 :      480 |    22.74 |   550.94 |     0.00 |     0.00 |     0.00 |   272.38 |     0.00 |    -0.49 |
OPTI 10:55:20 :      490 |    22.74 |   551.82 |     0.00 |     0.00 |     0.00 |   272.50 |     0.00 |    -0.49 |
IGM %s :         Iterations   |         Time (y)     |     Time Step (y)   |   Ice Volume (km^3) 
Computational statistics report:
                      iceflow  |  mean time per it :      nan  |  total :   0.0000  |  number it  :        0
                     optimize  |  mean time per it :   6.4833  |  total : 3241.6551  |  number it  :      500
                    time_step  |  mean time per it :      nan  |  total :   0.0000  |  number it  :        0
                          thk  |  mean time per it :      nan  |  total :   0.0000  |  number it  :        0
                write_ncdf_ex  |  mean time per it :      nan  |  total :   0.0000  |  number it  :        0
Traceback (most recent call last):
  File "/projects/etpi5866/igm-alpine/igm-2.0/results/13/igm-run.py", line 84, in <module>
    Ub = state.uvelbase
AttributeError: 'State' object has no attribute 'uvelbase'
