2023-08-01 13:58:35.168925: W tensorflow/stream_executor/platform/default/dso_loader.cc:64] Could not load dynamic library 'libcudart.so.11.0'; dlerror: libcudart.so.11.0: cannot open shared object file: No such file or directory
2023-08-01 13:58:35.168968: I tensorflow/stream_executor/cuda/cudart_stub.cc:29] Ignore above cudart dlerror if you do not have a GPU set up on your machine.
2023-08-01 13:58:39.332581: W tensorflow/stream_executor/platform/default/dso_loader.cc:64] Could not load dynamic library 'libcuda.so.1'; dlerror: libcuda.so.1: cannot open shared object file: No such file or directory
2023-08-01 13:58:39.332616: W tensorflow/stream_executor/cuda/cuda_driver.cc:269] failed call to cuInit: UNKNOWN ERROR (303)
2023-08-01 13:58:39.332638: I tensorflow/stream_executor/cuda/cuda_diagnostics.cc:156] kernel driver does not appear to be running on this host (bnode0316.rc.int.colorado.edu): /proc/driver/nvidia/version does not exist
2023-08-01 13:58:39.332947: I tensorflow/core/platform/cpu_feature_guard.cc:151] This TensorFlow binary is optimized with oneAPI Deep Neural Network Library (oneDNN) to use the following CPU instructions in performance-critical operations:  AVX2 FMA
To enable them in other operations, rebuild TensorFlow with the appropriate compiler flags.
WARNING:tensorflow:No training configuration found in the save file, so the model was *not* compiled. Compile it manually.
/projects/etpi5866/igm2/igm/modules/preproc/optimize.py:736: RuntimeWarning: invalid value encountered in divide
  costs[:, i] /= np.max(costs[:, i])
WARNING:tensorflow:No training configuration found in the save file, so the model was *not* compiled. Compile it manually.
/projects/etpi5866/software/anaconda/envs/igm2/lib/python3.10/site-packages/numpy/core/fromnumeric.py:3504: RuntimeWarning: Mean of empty slice.
  return _methods._mean(a, axis=axis, dtype=dtype,
/projects/etpi5866/software/anaconda/envs/igm2/lib/python3.10/site-packages/numpy/core/_methods.py:129: RuntimeWarning: invalid value encountered in scalar divide
  ret = ret.dtype.type(ret / rcount)
                   Step  |  ICE_VOL |  COST_U  |  COST_H  |  COST_D  |  COST_S  |   REGU_H |   REGU_S | COST_GLEN  
OPTI 13:58:51 :        0 |    24.83 |   9606.95 |     0.00 |     0.00 |   365.55 |   1932.39 |     0.00 |     2.41 |
OPTI 14:03:52 :       50 |    24.82 |   5255.51 |     0.00 |     0.00 |   365.52 |   1892.23 |     0.00 |   -40.47 |
OPTI 14:08:53 :      100 |    24.82 |   7492.40 |     0.00 |     0.00 |   365.48 |   1846.75 |     0.00 |   -46.23 |
OPTI 14:13:55 :      150 |    24.82 |   9194.53 |     0.00 |     0.00 |   365.45 |   1828.83 |     0.01 |   -49.71 |
OPTI 14:18:55 :      200 |    24.81 |   10605.28 |     0.00 |     0.00 |   365.41 |   1835.16 |     0.02 |   -52.25 |
OPTI 14:23:54 :      250 |    24.81 |   11786.61 |     0.00 |     0.00 |   365.37 |   1835.86 |     0.03 |   -54.34 |
OPTI 14:28:56 :      300 |    24.80 |   12855.63 |     0.00 |     0.00 |   365.33 |   1836.37 |     0.04 |   -56.02 |
OPTI 14:33:57 :      350 |    24.80 |   13793.03 |     0.00 |     0.00 |   365.28 |   1842.23 |     0.06 |   -57.36 |
OPTI 14:38:58 :      400 |    24.79 |   14643.59 |     0.00 |     0.00 |   365.24 |   1847.65 |     0.08 |   -58.50 |
OPTI 14:43:59 :      450 |    24.79 |   15409.42 |     0.00 |     0.00 |   365.20 |   1869.02 |     0.10 |   -59.48 |
OPTI 14:49:05 :      500 |    24.78 |   16107.77 |     0.00 |     0.00 |   365.16 |   1873.23 |     0.13 |   -60.34 |
OPTI 14:54:34 :      550 |    24.78 |   16748.27 |     0.00 |     0.00 |   365.12 |   1875.53 |     0.16 |   -61.12 |
OPTI 14:59:36 :      600 |    24.77 |   17365.02 |     0.00 |     0.00 |   365.08 |   1876.76 |     0.19 |   -61.85 |
OPTI 15:04:38 :      650 |    24.77 |   17939.16 |     0.00 |     0.00 |   365.04 |   1880.78 |     0.22 |   -62.51 |
OPTI 15:09:39 :      700 |    24.76 |   18452.36 |     0.00 |     0.00 |   365.00 |   1884.43 |     0.26 |   -63.11 |
OPTI 15:14:41 :      750 |    24.76 |   18979.57 |     0.00 |     0.00 |   364.96 |   1886.87 |     0.31 |   -63.67 |
OPTI 15:19:42 :      800 |    24.76 |   19477.44 |     0.00 |     0.00 |   364.92 |   1888.19 |     0.35 |   -64.19 |
OPTI 15:24:44 :      850 |    24.75 |   19945.61 |     0.00 |     0.00 |   364.88 |   1889.26 |     0.40 |   -64.67 |
OPTI 15:29:45 :      900 |    24.75 |   20363.07 |     0.00 |     0.00 |   364.84 |   1890.83 |     0.45 |   -65.11 |
OPTI 15:34:46 :      950 |    24.74 |   20788.11 |     0.00 |     0.00 |   364.81 |   1891.31 |     0.51 |   -65.53 |
OPTI 15:39:48 :     1000 |    24.74 |   21183.96 |     0.00 |     0.00 |   364.77 |   1890.45 |     0.57 |   -65.90 |
OPTI 15:44:49 :     1050 |    24.73 |   21532.54 |     0.00 |     0.00 |   364.73 |   1889.21 |     0.63 |   -66.27 |
OPTI 15:49:50 :     1100 |    24.73 |   21911.51 |     0.00 |     0.00 |   364.69 |   1890.96 |     0.69 |   -66.61 |
OPTI 15:54:52 :     1150 |    24.72 |   22298.88 |     0.00 |     0.00 |   364.65 |   1892.09 |     0.76 |   -66.93 |
OPTI 15:59:52 :     1200 |    24.72 |   22606.42 |     0.00 |     0.00 |   364.61 |   1892.46 |     0.83 |   -67.23 |
OPTI 16:04:55 :     1250 |    24.72 |   22935.64 |     0.00 |     0.00 |   364.57 |   1891.68 |     0.90 |   -67.52 |
OPTI 16:09:57 :     1300 |    24.71 |   23237.14 |     0.00 |     0.00 |   364.53 |   1889.09 |     0.98 |   -67.78 |
OPTI 16:14:59 :     1350 |    24.71 |   23515.93 |     0.00 |     0.00 |   364.49 |   1889.34 |     1.06 |   -68.03 |
OPTI 16:20:01 :     1400 |    24.70 |   23743.33 |     0.00 |     0.00 |   364.45 |   1886.47 |     1.15 |   -68.27 |
OPTI 16:25:02 :     1450 |    24.70 |   24023.16 |     0.00 |     0.00 |   364.41 |   1884.34 |     1.23 |   -68.49 |
OPTI 16:30:04 :     1500 |    24.70 |   24292.14 |     0.00 |     0.00 |   364.37 |   1883.14 |     1.32 |   -68.70 |
OPTI 16:35:06 :     1550 |    24.69 |   24461.45 |     0.00 |     0.00 |   364.34 |   1879.99 |     1.41 |   -68.89 |
OPTI 16:40:09 :     1600 |    24.69 |   24857.66 |     0.00 |     0.00 |   364.30 |   1879.43 |     1.51 |   -69.07 |
OPTI 16:45:11 :     1650 |    24.68 |   24837.86 |     0.00 |     0.00 |   364.26 |   1873.43 |     1.61 |   -69.25 |
OPTI 16:50:14 :     1700 |    24.68 |   25165.79 |     0.00 |     0.00 |   364.22 |   1872.09 |     1.71 |   -69.42 |
OPTI 16:55:17 :     1750 |    24.68 |   25402.13 |     0.00 |     0.00 |   364.18 |   1871.11 |     1.81 |   -69.58 |
OPTI 17:00:19 :     1800 |    24.67 |   25503.29 |     0.00 |     0.00 |   364.14 |   1867.41 |     1.92 |   -69.72 |
OPTI 17:05:22 :     1850 |    24.67 |   25659.22 |     0.00 |     0.00 |   364.10 |   1866.46 |     2.02 |   -69.87 |
OPTI 17:10:24 :     1900 |    24.67 |   26043.41 |     0.00 |     0.00 |   364.06 |   1867.86 |     2.13 |   -70.00 |
OPTI 17:15:27 :     1950 |    24.66 |   26093.63 |     0.00 |     0.00 |   364.02 |   1863.61 |     2.25 |   -70.12 |
IGM %s :         Iterations   |         Time (y)     |     Time Step (y)   |   Ice Volume (km^3) 
Computational statistics report:
                      iceflow  |  mean time per it :      nan  |  total :   0.0000  |  number it  :        0
                     optimize  |  mean time per it :   6.0363  |  total : 12072.6128  |  number it  :     2000
                    time_step  |  mean time per it :      nan  |  total :   0.0000  |  number it  :        0
                          thk  |  mean time per it :      nan  |  total :   0.0000  |  number it  :        0
             vertical_iceflow  |  mean time per it :      nan  |  total :   0.0000  |  number it  :        0
