2023-08-24 13:05:24.032418: W tensorflow/stream_executor/platform/default/dso_loader.cc:64] Could not load dynamic library 'libcudart.so.11.0'; dlerror: libcudart.so.11.0: cannot open shared object file: No such file or directory
2023-08-24 13:05:24.032459: I tensorflow/stream_executor/cuda/cudart_stub.cc:29] Ignore above cudart dlerror if you do not have a GPU set up on your machine.
2023-08-24 13:05:28.569985: W tensorflow/stream_executor/platform/default/dso_loader.cc:64] Could not load dynamic library 'libcuda.so.1'; dlerror: libcuda.so.1: cannot open shared object file: No such file or directory
2023-08-24 13:05:28.570017: W tensorflow/stream_executor/cuda/cuda_driver.cc:269] failed call to cuInit: UNKNOWN ERROR (303)
2023-08-24 13:05:28.570041: I tensorflow/stream_executor/cuda/cuda_diagnostics.cc:156] kernel driver does not appear to be running on this host (bnode0316.rc.int.colorado.edu): /proc/driver/nvidia/version does not exist
2023-08-24 13:05:28.570427: I tensorflow/core/platform/cpu_feature_guard.cc:151] This TensorFlow binary is optimized with oneAPI Deep Neural Network Library (oneDNN) to use the following CPU instructions in performance-critical operations:  AVX2 FMA
To enable them in other operations, rebuild TensorFlow with the appropriate compiler flags.
WARNING:tensorflow:No training configuration found in the save file, so the model was *not* compiled. Compile it manually.
/projects/etpi5866/igm2/igm/modules/preproc/optimize.py:736: RuntimeWarning: invalid value encountered in divide
  costs[:, i] /= np.max(costs[:, i])
WARNING:tensorflow:No training configuration found in the save file, so the model was *not* compiled. Compile it manually.
                   Step  |  ICE_VOL |  COST_U  |  COST_H  |  COST_D  |  COST_S  |   REGU_H |   REGU_S | COST_GLEN  
OPTI 13:05:41 :        0 |    22.74 |   6444.71 |     0.00 |     0.00 |     0.00 |   346.92 |     0.00 |    21.86 |
OPTI 13:06:47 :       10 |    22.22 |   587.25 |     0.00 |     0.00 |     0.89 |   277.81 |    18.14 |     1.40 |
OPTI 13:07:52 :       20 |    21.91 |   440.46 |     0.01 |     0.00 |     1.93 |   240.42 |    30.94 |     0.91 |
OPTI 13:08:56 :       30 |    21.69 |   407.12 |     0.02 |     0.00 |     2.74 |   224.14 |    33.72 |     0.52 |
OPTI 13:10:01 :       40 |    21.50 |   377.49 |     0.02 |     0.00 |     3.39 |   215.24 |    31.48 |     0.31 |
OPTI 13:11:05 :       50 |    21.33 |   360.00 |     0.03 |     0.00 |     3.97 |   209.52 |    28.17 |     0.22 |
OPTI 13:12:10 :       60 |    21.15 |   351.16 |     0.04 |     0.00 |     4.51 |   203.08 |    25.58 |     0.14 |
OPTI 13:13:15 :       70 |    20.97 |   344.42 |     0.04 |     0.00 |     5.05 |   196.87 |    24.40 |     0.08 |
OPTI 13:14:19 :       80 |    20.78 |   337.94 |     0.06 |     0.00 |     5.60 |   191.59 |    23.94 |     0.02 |
OPTI 13:15:24 :       90 |    20.58 |   331.15 |     0.07 |     0.00 |     6.17 |   186.53 |    23.69 |    -0.05 |
OPTI 13:16:29 :      100 |    20.39 |   325.60 |     0.08 |     0.00 |     6.79 |   181.70 |    23.47 |    -0.12 |
OPTI 13:17:33 :      110 |    20.18 |   321.34 |     0.10 |     0.00 |     7.45 |   177.08 |    23.23 |    -0.19 |
OPTI 13:18:38 :      120 |    19.98 |   316.82 |     0.11 |     0.00 |     8.15 |   172.56 |    23.09 |    -0.26 |
OPTI 13:19:43 :      130 |    19.77 |   311.85 |     0.13 |     0.00 |     8.89 |   168.30 |    23.02 |    -0.33 |
OPTI 13:20:47 :      140 |    19.55 |   307.11 |     0.15 |     0.00 |     9.66 |   164.33 |    22.80 |    -0.40 |
OPTI 13:21:52 :      150 |    19.33 |   302.77 |     0.17 |     0.00 |    10.46 |   160.40 |    22.47 |    -0.46 |
OPTI 13:22:55 :      160 |    19.10 |   298.61 |     0.20 |     0.00 |    11.29 |   156.82 |    22.16 |    -0.53 |
OPTI 13:24:00 :      170 |    18.87 |   294.07 |     0.22 |     0.00 |    12.14 |   153.61 |    21.86 |    -0.59 |
OPTI 13:25:04 :      180 |    18.63 |   289.84 |     0.25 |     0.00 |    13.00 |   150.76 |    21.27 |    -0.65 |
OPTI 13:26:09 :      190 |    18.39 |   286.58 |     0.28 |     0.00 |    13.84 |   148.01 |    20.94 |    -0.70 |
OPTI 13:27:12 :      200 |    18.14 |   282.69 |     0.32 |     0.00 |    14.66 |   145.40 |    20.62 |    -0.73 |
OPTI 13:28:16 :      210 |    17.88 |   278.30 |     0.36 |     0.00 |    15.42 |   143.08 |    20.32 |    -0.76 |
OPTI 13:29:20 :      220 |    17.63 |   273.93 |     0.40 |     0.00 |    16.14 |   140.94 |    20.02 |    -0.78 |
OPTI 13:30:24 :      230 |    17.38 |   269.61 |     0.44 |     0.00 |    16.81 |   138.68 |    19.62 |    -0.79 |
OPTI 13:31:29 :      240 |    17.13 |   265.88 |     0.48 |     0.00 |    17.41 |   136.54 |    19.21 |    -0.79 |
OPTI 13:32:34 :      250 |    16.89 |   261.56 |     0.53 |     0.00 |    17.97 |   134.75 |    18.99 |    -0.79 |
OPTI 13:33:37 :      260 |    16.66 |   257.76 |     0.57 |     0.00 |    18.51 |   133.18 |    18.56 |    -0.78 |
OPTI 13:34:42 :      270 |    16.44 |   252.97 |     0.62 |     0.00 |    19.03 |   132.19 |    18.37 |    -0.77 |
OPTI 13:35:44 :      280 |    16.23 |   248.49 |     0.67 |     0.00 |    19.55 |   130.47 |    18.12 |    -0.76 |
OPTI 13:36:48 :      290 |    16.03 |   244.29 |     0.71 |     0.00 |    20.05 |   128.93 |    17.64 |    -0.76 |
OPTI 13:37:50 :      300 |    15.85 |   240.18 |     0.76 |     0.00 |    20.56 |   127.86 |    17.53 |    -0.75 |
OPTI 13:38:51 :      310 |    15.68 |   236.48 |     0.80 |     0.00 |    21.07 |   126.70 |    17.61 |    -0.75 |
OPTI 13:39:54 :      320 |    15.52 |   233.00 |     0.84 |     0.00 |    21.57 |   125.71 |    17.55 |    -0.74 |
OPTI 13:40:59 :      330 |    15.36 |   229.88 |     0.88 |     0.00 |    22.06 |   124.76 |    17.38 |    -0.74 |
OPTI 13:42:01 :      340 |    15.21 |   226.78 |     0.93 |     0.00 |    22.51 |   124.09 |    17.01 |    -0.74 |
OPTI 13:43:05 :      350 |    15.07 |   223.99 |     0.97 |     0.00 |    22.94 |   123.41 |    16.74 |    -0.74 |
OPTI 13:44:08 :      360 |    14.93 |   221.33 |     1.01 |     0.00 |    23.35 |   122.94 |    16.63 |    -0.74 |
OPTI 13:45:09 :      370 |    14.80 |   218.76 |     1.05 |     0.00 |    23.74 |   122.69 |    16.34 |    -0.75 |
OPTI 13:46:12 :      380 |    14.67 |   216.44 |     1.09 |     0.00 |    24.12 |   122.56 |    16.02 |    -0.75 |
OPTI 13:47:15 :      390 |    14.54 |   214.48 |     1.12 |     0.00 |    24.49 |   122.55 |    15.74 |    -0.76 |
OPTI 13:48:18 :      400 |    14.41 |   212.77 |     1.16 |     0.00 |    24.83 |   122.97 |    15.30 |    -0.76 |
OPTI 13:49:22 :      410 |    14.29 |   211.16 |     1.20 |     0.00 |    25.15 |   123.66 |    14.83 |    -0.77 |
OPTI 13:50:23 :      420 |    14.17 |   209.57 |     1.24 |     0.00 |    25.45 |   124.64 |    14.38 |    -0.77 |
OPTI 13:51:26 :      430 |    14.05 |   207.59 |     1.28 |     0.00 |    25.76 |   126.00 |    14.05 |    -0.78 |
OPTI 13:52:30 :      440 |    13.93 |   205.51 |     1.31 |     0.00 |    26.05 |   127.40 |    13.80 |    -0.79 |
OPTI 13:53:34 :      450 |    13.82 |   203.47 |     1.35 |     0.00 |    26.33 |   128.91 |    13.48 |    -0.79 |
OPTI 13:54:39 :      460 |    13.71 |   201.42 |     1.38 |     0.00 |    26.62 |   130.14 |    13.16 |    -0.80 |
OPTI 13:55:43 :      470 |    13.61 |   199.18 |     1.42 |     0.00 |    26.92 |   131.19 |    12.90 |    -0.81 |
OPTI 13:56:45 :      480 |    13.51 |   196.81 |     1.45 |     0.00 |    27.22 |   131.97 |    12.63 |    -0.82 |
OPTI 13:57:49 :      490 |    13.41 |   194.61 |     1.48 |     0.00 |    27.51 |   132.34 |    12.29 |    -0.83 |
IGM %s :         Iterations   |         Time (y)     |     Time Step (y)   |   Ice Volume (km^3) 
IGM 13:59:14 :          23    |          2001        |        0.08        |          13.32 
Computational statistics report:
                      iceflow  |  mean time per it :   1.1446  |  total :  26.3255  |  number it  :       23
                     optimize  |  mean time per it :   6.3859  |  total : 3192.9615  |  number it  :      500
                    time_step  |  mean time per it :   0.0012  |  total :   0.0270  |  number it  :       23
                          thk  |  mean time per it :   0.0028  |  total :   0.0655  |  number it  :       23
                write_ncdf_ex  |  mean time per it :   0.0521  |  total :   0.0521  |  number it  :        1
