2023-08-24 11:57:33.537545: W tensorflow/stream_executor/platform/default/dso_loader.cc:64] Could not load dynamic library 'libcudart.so.11.0'; dlerror: libcudart.so.11.0: cannot open shared object file: No such file or directory
2023-08-24 11:57:33.537584: I tensorflow/stream_executor/cuda/cudart_stub.cc:29] Ignore above cudart dlerror if you do not have a GPU set up on your machine.
2023-08-24 11:57:37.512418: W tensorflow/stream_executor/platform/default/dso_loader.cc:64] Could not load dynamic library 'libcuda.so.1'; dlerror: libcuda.so.1: cannot open shared object file: No such file or directory
2023-08-24 11:57:37.512452: W tensorflow/stream_executor/cuda/cuda_driver.cc:269] failed call to cuInit: UNKNOWN ERROR (303)
2023-08-24 11:57:37.512477: I tensorflow/stream_executor/cuda/cuda_diagnostics.cc:156] kernel driver does not appear to be running on this host (bnode0316.rc.int.colorado.edu): /proc/driver/nvidia/version does not exist
2023-08-24 11:57:37.512831: I tensorflow/core/platform/cpu_feature_guard.cc:151] This TensorFlow binary is optimized with oneAPI Deep Neural Network Library (oneDNN) to use the following CPU instructions in performance-critical operations:  AVX2 FMA
To enable them in other operations, rebuild TensorFlow with the appropriate compiler flags.
WARNING:tensorflow:No training configuration found in the save file, so the model was *not* compiled. Compile it manually.
/projects/etpi5866/igm2/igm/modules/preproc/optimize.py:736: RuntimeWarning: invalid value encountered in divide
  costs[:, i] /= np.max(costs[:, i])
WARNING:tensorflow:No training configuration found in the save file, so the model was *not* compiled. Compile it manually.
                   Step  |  ICE_VOL |  COST_U  |  COST_H  |  COST_D  |  COST_S  |   REGU_H |   REGU_S | COST_GLEN  
OPTI 11:57:50 :        0 |    22.74 |   6444.71 |     0.00 |     0.00 |     0.00 |   346.92 |     0.00 |    21.86 |
OPTI 11:58:54 :       10 |    22.74 |   744.61 |     0.00 |     0.00 |     0.00 |   320.35 |     0.00 |     0.81 |
OPTI 11:59:57 :       20 |    22.74 |   514.66 |     0.00 |     0.00 |     0.00 |   300.97 |     0.00 |    -0.10 |
OPTI 12:01:02 :       30 |    22.74 |   496.84 |     0.00 |     0.00 |     0.00 |   293.71 |     0.00 |    -0.23 |
OPTI 12:02:05 :       40 |    22.74 |   484.60 |     0.00 |     0.00 |     0.00 |   291.25 |     0.00 |    -0.27 |
OPTI 12:03:08 :       50 |    22.74 |   492.23 |     0.00 |     0.00 |     0.00 |   289.40 |     0.00 |    -0.30 |
OPTI 12:04:12 :       60 |    22.74 |   492.95 |     0.00 |     0.00 |     0.00 |   288.62 |     0.00 |    -0.32 |
OPTI 12:05:16 :       70 |    22.74 |   496.34 |     0.00 |     0.00 |     0.00 |   288.14 |     0.00 |    -0.34 |
OPTI 12:06:20 :       80 |    22.74 |   499.05 |     0.00 |     0.00 |     0.00 |   287.39 |     0.00 |    -0.35 |
OPTI 12:07:22 :       90 |    22.74 |   502.65 |     0.00 |     0.00 |     0.00 |   285.96 |     0.00 |    -0.36 |
OPTI 12:08:25 :      100 |    22.74 |   505.18 |     0.00 |     0.00 |     0.00 |   284.84 |     0.00 |    -0.37 |
OPTI 12:09:29 :      110 |    22.74 |   508.26 |     0.00 |     0.00 |     0.00 |   283.98 |     0.00 |    -0.38 |
OPTI 12:10:34 :      120 |    22.74 |   511.04 |     0.00 |     0.00 |     0.00 |   283.29 |     0.00 |    -0.39 |
OPTI 12:11:38 :      130 |    22.74 |   513.27 |     0.00 |     0.00 |     0.00 |   282.61 |     0.00 |    -0.39 |
OPTI 12:12:43 :      140 |    22.74 |   515.37 |     0.00 |     0.00 |     0.00 |   281.85 |     0.00 |    -0.40 |
OPTI 12:13:47 :      150 |    22.74 |   516.94 |     0.00 |     0.00 |     0.00 |   281.07 |     0.00 |    -0.40 |
OPTI 12:14:52 :      160 |    22.74 |   518.20 |     0.00 |     0.00 |     0.00 |   280.30 |     0.00 |    -0.41 |
OPTI 12:15:56 :      170 |    22.74 |   519.37 |     0.00 |     0.00 |     0.00 |   279.60 |     0.00 |    -0.41 |
OPTI 12:16:59 :      180 |    22.74 |   520.30 |     0.00 |     0.00 |     0.00 |   278.96 |     0.00 |    -0.41 |
OPTI 12:18:03 :      190 |    22.74 |   521.30 |     0.00 |     0.00 |     0.00 |   278.33 |     0.00 |    -0.42 |
OPTI 12:19:08 :      200 |    22.74 |   522.17 |     0.00 |     0.00 |     0.00 |   277.72 |     0.00 |    -0.42 |
OPTI 12:20:12 :      210 |    22.74 |   523.32 |     0.00 |     0.00 |     0.00 |   277.15 |     0.00 |    -0.43 |
OPTI 12:21:15 :      220 |    22.74 |   524.21 |     0.00 |     0.00 |     0.00 |   276.63 |     0.00 |    -0.43 |
OPTI 12:22:20 :      230 |    22.74 |   525.01 |     0.00 |     0.00 |     0.00 |   276.19 |     0.00 |    -0.43 |
OPTI 12:23:24 :      240 |    22.74 |   525.89 |     0.00 |     0.00 |     0.00 |   275.78 |     0.00 |    -0.44 |
OPTI 12:24:28 :      250 |    22.74 |   526.65 |     0.00 |     0.00 |     0.00 |   275.43 |     0.00 |    -0.44 |
OPTI 12:25:33 :      260 |    22.74 |   527.65 |     0.00 |     0.00 |     0.00 |   275.08 |     0.00 |    -0.44 |
OPTI 12:26:36 :      270 |    22.74 |   528.75 |     0.00 |     0.00 |     0.00 |   274.80 |     0.00 |    -0.44 |
OPTI 12:27:41 :      280 |    22.74 |   529.97 |     0.00 |     0.00 |     0.00 |   274.53 |     0.00 |    -0.45 |
OPTI 12:28:45 :      290 |    22.74 |   531.15 |     0.00 |     0.00 |     0.00 |   274.28 |     0.00 |    -0.45 |
OPTI 12:29:49 :      300 |    22.74 |   532.22 |     0.00 |     0.00 |     0.00 |   274.03 |     0.00 |    -0.45 |
OPTI 12:30:54 :      310 |    22.74 |   533.42 |     0.00 |     0.00 |     0.00 |   273.79 |     0.00 |    -0.45 |
OPTI 12:31:58 :      320 |    22.74 |   534.55 |     0.00 |     0.00 |     0.00 |   273.56 |     0.00 |    -0.46 |
OPTI 12:33:03 :      330 |    22.74 |   535.79 |     0.00 |     0.00 |     0.00 |   273.36 |     0.00 |    -0.46 |
OPTI 12:34:07 :      340 |    22.74 |   536.86 |     0.00 |     0.00 |     0.00 |   273.21 |     0.00 |    -0.46 |
OPTI 12:35:11 :      350 |    22.74 |   537.96 |     0.00 |     0.00 |     0.00 |   273.06 |     0.00 |    -0.46 |
OPTI 12:36:14 :      360 |    22.74 |   538.99 |     0.00 |     0.00 |     0.00 |   272.91 |     0.00 |    -0.46 |
OPTI 12:37:19 :      370 |    22.74 |   540.00 |     0.00 |     0.00 |     0.00 |   272.74 |     0.00 |    -0.47 |
OPTI 12:38:23 :      380 |    22.74 |   541.15 |     0.00 |     0.00 |     0.00 |   272.58 |     0.00 |    -0.47 |
OPTI 12:39:27 :      390 |    22.74 |   542.14 |     0.00 |     0.00 |     0.00 |   272.46 |     0.00 |    -0.47 |
OPTI 12:40:30 :      400 |    22.74 |   543.16 |     0.00 |     0.00 |     0.00 |   272.41 |     0.00 |    -0.47 |
OPTI 12:41:34 :      410 |    22.74 |   544.23 |     0.00 |     0.00 |     0.00 |   272.34 |     0.00 |    -0.47 |
OPTI 12:42:38 :      420 |    22.74 |   545.19 |     0.00 |     0.00 |     0.00 |   272.28 |     0.00 |    -0.48 |
OPTI 12:43:42 :      430 |    22.74 |   546.29 |     0.00 |     0.00 |     0.00 |   272.22 |     0.00 |    -0.48 |
OPTI 12:44:45 :      440 |    22.74 |   547.24 |     0.00 |     0.00 |     0.00 |   272.21 |     0.00 |    -0.48 |
OPTI 12:45:49 :      450 |    22.74 |   548.28 |     0.00 |     0.00 |     0.00 |   272.24 |     0.00 |    -0.48 |
OPTI 12:46:53 :      460 |    22.74 |   549.10 |     0.00 |     0.00 |     0.00 |   272.28 |     0.00 |    -0.48 |
OPTI 12:47:57 :      470 |    22.74 |   550.12 |     0.00 |     0.00 |     0.00 |   272.30 |     0.00 |    -0.49 |
OPTI 12:49:01 :      480 |    22.74 |   550.94 |     0.00 |     0.00 |     0.00 |   272.38 |     0.00 |    -0.49 |
OPTI 12:50:05 :      490 |    22.74 |   551.82 |     0.00 |     0.00 |     0.00 |   272.50 |     0.00 |    -0.49 |
IGM %s :         Iterations   |         Time (y)     |     Time Step (y)   |   Ice Volume (km^3) 
IGM 12:51:36 :          30    |          2001        |        0.05        |          22.74 
Computational statistics report:
                      iceflow  |  mean time per it :   0.9831  |  total :  29.4938  |  number it  :       30
                     optimize  |  mean time per it :   6.4047  |  total : 3202.3310  |  number it  :      500
                    time_step  |  mean time per it :   0.0011  |  total :   0.0340  |  number it  :       30
                          thk  |  mean time per it :   0.0028  |  total :   0.0852  |  number it  :       30
                write_ncdf_ex  |  mean time per it :   0.0746  |  total :   0.0746  |  number it  :        1
