2023-07-03 10:43:37.781788: I tensorflow/core/platform/cpu_feature_guard.cc:142] This TensorFlow binary is optimized with oneAPI Deep Neural Network Library (oneDNN) to use the following CPU instructions in performance-critical operations:  SSE4.1 SSE4.2 AVX AVX2 FMA
To enable them in other operations, rebuild TensorFlow with the appropriate compiler flags.
2023-07-03 10:43:37.996778: I tensorflow/compiler/mlir/mlir_graph_optimization_pass.cc:116] None of the MLIR optimization passes are enabled (registered 2)
2023-07-03 10:43:38.009587: I tensorflow/core/platform/profile_utils/cpu_utils.cc:112] CPU Frequency: 2794895000 Hz
/projects/etpi5866/igm/src/igm.py:3157: RuntimeWarning: invalid value encountered in divide
  costs[:, i] /= np.max(costs[:, i])
Build IGM class
+++++++++++++++++++ START IGM ++++++++++++++++++++++++++++++++++++++++++
PARAMETERS ARE ...... 
                   working_dir : 
                  geology_file : geology.nc
                      resample : 1
                        tstart : 0.0
                          tend : 100.0
                restartingfile : 
                     verbosity : 0
                         tsave : 10
                   plot_result : False
                     plot_live : False
                        usegpu : True
                          stop : False
              init_strflowctrl : 78.0
                init_slidingco : 0
                init_arrhenius : 78
                            dz : 20
                        maxthk : 1000.0
              clim_update_freq : 1
                  type_climate : 
               erosion_include : False
                   erosion_cst : 2.7e-07
                   erosion_exp : 2
           erosion_update_freq : 100
                uplift_include : False
                   uplift_rate : 0.002
            uplift_update_freq : 100
        iceflow_model_lib_path : /projects/etpi5866/igm/model-lib/f15_cfsflow_GJ_22_a/50
          multiple_window_size : 0
              force_max_velbar : 0
                      optimize : False
             opti_vars_to_save : ['topg', 'usurf', 'thk', 'strflowctrl', 'arrhenius', 'slidingco', 'velsurf_mag', 'velsurfobs_mag', 'divflux', 'uvelbase', 'vvelbase', 'uvelsurf', 'vvelsurf']
              observation_file : ../../../inputs/observation.nc
             thk_profiles_file : 
                     mode_opti : thkstrflowctrl
          opti_thr_strflowctrl : 78.0
            opti_init_zero_thk : False
           opti_regu_param_thk : 10.0
   opti_regu_param_strflowctrl : 10.0
 opti_smooth_anisotropy_factor : 0.2
         opti_convexity_weight : 0.002
             opti_usurfobs_std : 8.0
          opti_strflowctrl_std : 20.0
           opti_velsurfobs_std : 3.0
               opti_thkobs_std : 15.0
           opti_divfluxobs_std : 1.0
                  opti_control : ['thk', 'strflowctrl', 'usurf']
                     opti_cost : ['velsurf', 'thk', 'usurf', 'icemask']
                  opti_nbitmin : 50
                  opti_nbitmax : 2000
                opti_step_size : 0.01
       opti_make_holes_in_data : 0
              opti_output_freq : 50
        geology_optimized_file : geology-optimized.nc
                  vars_to_save : ['topg', 'usurf', 'thk', 'smb', 'velbar_mag', 'velsurf_mag']
                       varplot : velbar_mag
                   varplot_max : 500
                mb_update_freq : 1
             type_mass_balance : simple
                    mb_scaling : 1.0
                mb_simple_file : mb_simple_param.txt
            smb_model_lib_path : ../../model-lib/smb_meteoswissglamos
    smoothing_thk_filter_shape : 3
           smoothing_thk_sigma : 3
     smoothing_thk_update_freq : 100
                           cfl : 0.3
                         dtmax : 10.0
               tracking_method : 3d
             frequency_seeding : 10
               density_seeding : 0.2
 OPTI, step     0 , ICE_VOL:   24.83 , COST_U:   72.65 , COST_H:    0.00 , COST_D :    0.00 , COST_S :    0.00 , REGU_H :  -18.75 , REGU_A :    0.00 
 OPTI, step    50 , ICE_VOL:   30.51 , COST_U:   20.43 , COST_H:   10.46 , COST_D :    0.00 , COST_S :    1.19 , REGU_H :  -79.12 , REGU_A :    0.39 
 OPTI, step   100 , ICE_VOL:   31.94 , COST_U:   11.68 , COST_H:   14.03 , COST_D :    0.00 , COST_S :    1.96 , REGU_H :  -85.76 , REGU_A :    0.18 
 OPTI, step   150 , ICE_VOL:   31.66 , COST_U:    9.57 , COST_H:   13.55 , COST_D :    0.00 , COST_S :    2.21 , REGU_H :  -86.88 , REGU_A :    0.14 
 OPTI, step   200 , ICE_VOL:   31.49 , COST_U:    8.62 , COST_H:   13.30 , COST_D :    0.00 , COST_S :    2.32 , REGU_H :  -87.35 , REGU_A :    0.12 
 OPTI, step   250 , ICE_VOL:   31.38 , COST_U:    8.11 , COST_H:   13.11 , COST_D :    0.00 , COST_S :    2.39 , REGU_H :  -87.81 , REGU_A :    0.12 
 OPTI, step   300 , ICE_VOL:   31.30 , COST_U:    7.78 , COST_H:   13.00 , COST_D :    0.00 , COST_S :    2.43 , REGU_H :  -88.17 , REGU_A :    0.11 
 OPTI, step   350 , ICE_VOL:   31.24 , COST_U:    7.55 , COST_H:   12.91 , COST_D :    0.00 , COST_S :    2.45 , REGU_H :  -88.37 , REGU_A :    0.11 
 OPTI, step   400 , ICE_VOL:   31.20 , COST_U:    7.37 , COST_H:   12.86 , COST_D :    0.00 , COST_S :    2.47 , REGU_H :  -88.57 , REGU_A :    0.12 
 OPTI, step   450 , ICE_VOL:   31.16 , COST_U:    7.22 , COST_H:   12.82 , COST_D :    0.00 , COST_S :    2.48 , REGU_H :  -88.68 , REGU_A :    0.12 
 OPTI, step   500 , ICE_VOL:   31.14 , COST_U:    7.10 , COST_H:   12.79 , COST_D :    0.00 , COST_S :    2.49 , REGU_H :  -88.78 , REGU_A :    0.12 
 OPTI, step   550 , ICE_VOL:   31.12 , COST_U:    7.00 , COST_H:   12.78 , COST_D :    0.00 , COST_S :    2.50 , REGU_H :  -88.85 , REGU_A :    0.13 
 OPTI, step   600 , ICE_VOL:   31.10 , COST_U:    6.91 , COST_H:   12.76 , COST_D :    0.00 , COST_S :    2.51 , REGU_H :  -88.90 , REGU_A :    0.14 
 OPTI, step   650 , ICE_VOL:   31.09 , COST_U:    6.83 , COST_H:   12.75 , COST_D :    0.00 , COST_S :    2.52 , REGU_H :  -88.93 , REGU_A :    0.13 
 OPTI, step   700 , ICE_VOL:   31.08 , COST_U:    6.76 , COST_H:   12.74 , COST_D :    0.00 , COST_S :    2.53 , REGU_H :  -88.96 , REGU_A :    0.14 
 OPTI, step   750 , ICE_VOL:   31.07 , COST_U:    6.70 , COST_H:   12.74 , COST_D :    0.00 , COST_S :    2.53 , REGU_H :  -88.98 , REGU_A :    0.15 
 OPTI, step   800 , ICE_VOL:   31.06 , COST_U:    6.63 , COST_H:   12.73 , COST_D :    0.00 , COST_S :    2.54 , REGU_H :  -88.99 , REGU_A :    0.14 
 OPTI, step   850 , ICE_VOL:   31.06 , COST_U:    6.57 , COST_H:   12.73 , COST_D :    0.00 , COST_S :    2.55 , REGU_H :  -88.99 , REGU_A :    0.15 
 OPTI, step   900 , ICE_VOL:   31.06 , COST_U:    6.47 , COST_H:   12.74 , COST_D :    0.00 , COST_S :    2.56 , REGU_H :  -89.01 , REGU_A :    0.15 
 OPTI, step   950 , ICE_VOL:   31.05 , COST_U:    6.40 , COST_H:   12.74 , COST_D :    0.00 , COST_S :    2.56 , REGU_H :  -89.02 , REGU_A :    0.19 
 OPTI, step  1000 , ICE_VOL:   31.05 , COST_U:    6.35 , COST_H:   12.74 , COST_D :    0.00 , COST_S :    2.57 , REGU_H :  -89.02 , REGU_A :    0.16 
 OPTI, step  1050 , ICE_VOL:   31.04 , COST_U:    6.31 , COST_H:   12.73 , COST_D :    0.00 , COST_S :    2.57 , REGU_H :  -89.02 , REGU_A :    0.14 
 OPTI, step  1100 , ICE_VOL:   31.04 , COST_U:    6.27 , COST_H:   12.73 , COST_D :    0.00 , COST_S :    2.57 , REGU_H :  -89.01 , REGU_A :    0.16 
 OPTI, step  1150 , ICE_VOL:   31.03 , COST_U:    6.24 , COST_H:   12.72 , COST_D :    0.00 , COST_S :    2.57 , REGU_H :  -89.02 , REGU_A :    0.16 
 OPTI, step  1200 , ICE_VOL:   31.03 , COST_U:    6.20 , COST_H:   12.72 , COST_D :    0.00 , COST_S :    2.57 , REGU_H :  -89.01 , REGU_A :    0.18 
 OPTI, step  1250 , ICE_VOL:   31.03 , COST_U:    6.16 , COST_H:   12.72 , COST_D :    0.00 , COST_S :    2.57 , REGU_H :  -89.02 , REGU_A :    0.17 
 OPTI, step  1300 , ICE_VOL:   31.02 , COST_U:    6.13 , COST_H:   12.71 , COST_D :    0.00 , COST_S :    2.57 , REGU_H :  -89.00 , REGU_A :    0.20 
 OPTI, step  1350 , ICE_VOL:   31.02 , COST_U:    6.06 , COST_H:   12.71 , COST_D :    0.00 , COST_S :    2.58 , REGU_H :  -89.01 , REGU_A :    0.16 
 OPTI, step  1400 , ICE_VOL:   31.01 , COST_U:    6.01 , COST_H:   12.69 , COST_D :    0.00 , COST_S :    2.59 , REGU_H :  -88.99 , REGU_A :    0.18 
 OPTI, step  1450 , ICE_VOL:   31.01 , COST_U:    5.98 , COST_H:   12.68 , COST_D :    0.00 , COST_S :    2.60 , REGU_H :  -88.95 , REGU_A :    0.17 
 OPTI, step  1500 , ICE_VOL:   31.00 , COST_U:    5.96 , COST_H:   12.67 , COST_D :    0.00 , COST_S :    2.59 , REGU_H :  -88.97 , REGU_A :    0.18 
 OPTI, step  1550 , ICE_VOL:   31.00 , COST_U:    5.92 , COST_H:   12.67 , COST_D :    0.00 , COST_S :    2.59 , REGU_H :  -88.98 , REGU_A :    0.17 
 OPTI, step  1600 , ICE_VOL:   31.00 , COST_U:    5.91 , COST_H:   12.67 , COST_D :    0.00 , COST_S :    2.59 , REGU_H :  -88.99 , REGU_A :    0.20 
 OPTI, step  1650 , ICE_VOL:   31.00 , COST_U:    5.89 , COST_H:   12.67 , COST_D :    0.00 , COST_S :    2.58 , REGU_H :  -88.98 , REGU_A :    0.15 
 OPTI, step  1700 , ICE_VOL:   31.00 , COST_U:    5.87 , COST_H:   12.67 , COST_D :    0.00 , COST_S :    2.58 , REGU_H :  -88.97 , REGU_A :    0.16 
 OPTI, step  1750 , ICE_VOL:   31.00 , COST_U:    5.85 , COST_H:   12.67 , COST_D :    0.00 , COST_S :    2.59 , REGU_H :  -88.98 , REGU_A :    0.18 
 OPTI, step  1800 , ICE_VOL:   31.00 , COST_U:    5.83 , COST_H:   12.67 , COST_D :    0.00 , COST_S :    2.59 , REGU_H :  -88.97 , REGU_A :    0.18 
 OPTI, step  1850 , ICE_VOL:   31.00 , COST_U:    5.80 , COST_H:   12.66 , COST_D :    0.00 , COST_S :    2.59 , REGU_H :  -88.97 , REGU_A :    0.18 
 OPTI, step  1900 , ICE_VOL:   30.99 , COST_U:    5.78 , COST_H:   12.65 , COST_D :    0.00 , COST_S :    2.59 , REGU_H :  -88.97 , REGU_A :    0.15 
 OPTI, step  1950 , ICE_VOL:   30.99 , COST_U:    5.75 , COST_H:   12.65 , COST_D :    0.00 , COST_S :    2.59 , REGU_H :  -88.96 , REGU_A :    0.16 
