2023-01-24 10:09:39.959220: I tensorflow/core/platform/cpu_feature_guard.cc:142] This TensorFlow binary is optimized with oneAPI Deep Neural Network Library (oneDNN) to use the following CPU instructions in performance-critical operations:  SSE4.1 SSE4.2 AVX AVX2 FMA
To enable them in other operations, rebuild TensorFlow with the appropriate compiler flags.
2023-01-24 10:09:40.860347: I tensorflow/compiler/mlir/mlir_graph_optimization_pass.cc:116] None of the MLIR optimization passes are enabled (registered 2)
2023-01-24 10:09:40.948906: I tensorflow/core/platform/profile_utils/cpu_utils.cc:112] CPU Frequency: 2794670000 Hz
/projects/etpi5866/igm/src/igm.py:3157: RuntimeWarning: invalid value encountered in divide
  costs[:, i] /= np.max(costs[:, i])
/projects/etpi5866/software/anaconda/envs/igm/lib/python3.8/site-packages/numpy/core/fromnumeric.py:3432: RuntimeWarning: Mean of empty slice.
  return _methods._mean(a, axis=axis, dtype=dtype,
/projects/etpi5866/software/anaconda/envs/igm/lib/python3.8/site-packages/numpy/core/_methods.py:190: RuntimeWarning: invalid value encountered in double_scalars
  ret = ret.dtype.type(ret / rcount)
Build IGM class
+++++++++++++++++++ START IGM ++++++++++++++++++++++++++++++++++++++++++
PARAMETERS ARE ...... 
                   working_dir : 
                  geology_file : geology.nc
                      resample : 1
                        tstart : 0.0
                          tend : 100.0
                restartingfile : 
                     verbosity : 0
                         tsave : 10
                   plot_result : False
                     plot_live : False
                        usegpu : True
                          stop : False
              init_strflowctrl : 78
                init_slidingco : 0
                init_arrhenius : 78
                            dz : 20
                        maxthk : 1000.0
              clim_update_freq : 1
                  type_climate : 
               erosion_include : False
                   erosion_cst : 2.7e-07
                   erosion_exp : 2
           erosion_update_freq : 100
                uplift_include : False
                   uplift_rate : 0.002
            uplift_update_freq : 100
        iceflow_model_lib_path : /projects/etpi5866/igm/model-lib/f15_cfsflow_GJ_22_a/50
          multiple_window_size : 0
              force_max_velbar : 0
                      optimize : False
             opti_vars_to_save : ['topg', 'usurf', 'thk', 'strflowctrl', 'arrhenius', 'slidingco', 'velsurf_mag', 'velsurfobs_mag', 'divflux']
              observation_file : ./inputs/observation.nc
             thk_profiles_file : 
                     mode_opti : thkstrflowctrl
          opti_thr_strflowctrl : 78.0
            opti_init_zero_thk : False
           opti_regu_param_thk : 10.0
   opti_regu_param_strflowctrl : 1.0
 opti_smooth_anisotropy_factor : 0.2
         opti_convexity_weight : 0.002
             opti_usurfobs_std : 5
          opti_strflowctrl_std : 5.0
           opti_velsurfobs_std : 5
               opti_thkobs_std : 5
           opti_divfluxobs_std : 1.0
                  opti_control : ['thk', 'strflowctrl', 'usurf']
                     opti_cost : ['velsurf', 'thk', 'usurf', 'icemask']
                  opti_nbitmin : 50
                  opti_nbitmax : 1000
                opti_step_size : 0.001
       opti_make_holes_in_data : 0
              opti_output_freq : 50
        geology_optimized_file : geology-optimized.nc
                  vars_to_save : ['topg', 'usurf', 'thk', 'smb', 'velbar_mag', 'velsurf_mag']
                       varplot : velbar_mag
                   varplot_max : 500
                mb_update_freq : 1
             type_mass_balance : simple
                    mb_scaling : 1.0
                mb_simple_file : mb_simple_param.txt
            smb_model_lib_path : ../../model-lib/smb_meteoswissglamos
    smoothing_thk_filter_shape : 3
           smoothing_thk_sigma : 3
     smoothing_thk_update_freq : 100
                           cfl : 0.3
                         dtmax : 10.0
               tracking_method : 3d
             frequency_seeding : 10
               density_seeding : 0.2
 OPTI, step     0 , ICE_VOL:    0.00 , COST_U:   12.08 , COST_H:  619.97 , COST_D :    0.00 , COST_S :    0.00 , REGU_H :    0.00 , REGU_A :    0.00 
 OPTI, step    50 , ICE_VOL:    9.15 , COST_U:   12.38 , COST_H:  307.68 , COST_D :    0.00 , COST_S :    0.02 , REGU_H :  -31.68 , REGU_A :    0.00 
 OPTI, step   100 , ICE_VOL:   14.81 , COST_U:   12.58 , COST_H:  148.08 , COST_D :    0.00 , COST_S :    0.18 , REGU_H :  -50.32 , REGU_A :    0.00 
 OPTI, step   150 , ICE_VOL:   18.46 , COST_U:   12.43 , COST_H:   69.11 , COST_D :    0.00 , COST_S :    0.41 , REGU_H :  -62.04 , REGU_A :    0.00 
 OPTI, step   200 , ICE_VOL:   20.83 , COST_U:   12.03 , COST_H:   31.47 , COST_D :    0.00 , COST_S :    0.64 , REGU_H :  -69.47 , REGU_A :    0.01 
 OPTI, step   250 , ICE_VOL:   22.34 , COST_U:   11.50 , COST_H:   14.51 , COST_D :    0.00 , COST_S :    0.83 , REGU_H :  -74.12 , REGU_A :    0.02 
 OPTI, step   300 , ICE_VOL:   23.30 , COST_U:   10.73 , COST_H:    7.43 , COST_D :    0.00 , COST_S :    1.00 , REGU_H :  -76.96 , REGU_A :    0.06 
 OPTI, step   350 , ICE_VOL:   23.90 , COST_U:    9.83 , COST_H:    4.79 , COST_D :    0.00 , COST_S :    1.16 , REGU_H :  -78.68 , REGU_A :    0.09 
 OPTI, step   400 , ICE_VOL:   24.26 , COST_U:    9.11 , COST_H:    4.02 , COST_D :    0.00 , COST_S :    1.27 , REGU_H :  -79.70 , REGU_A :    0.11 
 OPTI, step   450 , ICE_VOL:   24.48 , COST_U:    8.59 , COST_H:    3.94 , COST_D :    0.00 , COST_S :    1.36 , REGU_H :  -80.30 , REGU_A :    0.12 
 OPTI, step   500 , ICE_VOL:   24.60 , COST_U:    8.23 , COST_H:    4.04 , COST_D :    0.00 , COST_S :    1.42 , REGU_H :  -80.64 , REGU_A :    0.13 
 OPTI, step   550 , ICE_VOL:   24.67 , COST_U:    7.97 , COST_H:    4.16 , COST_D :    0.00 , COST_S :    1.47 , REGU_H :  -80.83 , REGU_A :    0.13 
 OPTI, step   600 , ICE_VOL:   24.71 , COST_U:    7.80 , COST_H:    4.25 , COST_D :    0.00 , COST_S :    1.50 , REGU_H :  -80.94 , REGU_A :    0.13 
 OPTI, step   650 , ICE_VOL:   24.74 , COST_U:    7.65 , COST_H:    4.31 , COST_D :    0.00 , COST_S :    1.53 , REGU_H :  -81.00 , REGU_A :    0.13 
 OPTI, step   700 , ICE_VOL:   24.75 , COST_U:    7.53 , COST_H:    4.34 , COST_D :    0.00 , COST_S :    1.56 , REGU_H :  -81.04 , REGU_A :    0.13 
 OPTI, step   750 , ICE_VOL:   24.76 , COST_U:    7.42 , COST_H:    4.36 , COST_D :    0.00 , COST_S :    1.58 , REGU_H :  -81.05 , REGU_A :    0.13 
 OPTI, step   800 , ICE_VOL:   24.76 , COST_U:    7.33 , COST_H:    4.38 , COST_D :    0.00 , COST_S :    1.60 , REGU_H :  -81.07 , REGU_A :    0.13 
 OPTI, step   850 , ICE_VOL:   24.76 , COST_U:    7.25 , COST_H:    4.39 , COST_D :    0.00 , COST_S :    1.61 , REGU_H :  -81.07 , REGU_A :    0.13 
 OPTI, step   900 , ICE_VOL:   24.76 , COST_U:    7.17 , COST_H:    4.39 , COST_D :    0.00 , COST_S :    1.63 , REGU_H :  -81.08 , REGU_A :    0.13 
 OPTI, step   950 , ICE_VOL:   24.77 , COST_U:    7.11 , COST_H:    4.40 , COST_D :    0.00 , COST_S :    1.64 , REGU_H :  -81.08 , REGU_A :    0.13 
Computational statistics report:
                 All  |  mean time per it :      nan  |  total :   0.0000  |  number it  :        0
            Optimize  |  mean time per it :   1.6761  |  total : 1672.7732  |  number it  :      998
