2023-03-08 13:15:15.319159: I tensorflow/core/platform/cpu_feature_guard.cc:142] This TensorFlow binary is optimized with oneAPI Deep Neural Network Library (oneDNN) to use the following CPU instructions in performance-critical operations:  SSE4.1 SSE4.2 AVX AVX2 FMA
To enable them in other operations, rebuild TensorFlow with the appropriate compiler flags.
2023-03-08 13:15:15.545224: I tensorflow/compiler/mlir/mlir_graph_optimization_pass.cc:116] None of the MLIR optimization passes are enabled (registered 2)
2023-03-08 13:15:15.557376: I tensorflow/core/platform/profile_utils/cpu_utils.cc:112] CPU Frequency: 2794515000 Hz
/projects/etpi5866/igm/src/igm.py:3157: RuntimeWarning: invalid value encountered in divide
  costs[:, i] /= np.max(costs[:, i])
Build IGM class
+++++++++++++++++++ START IGM ++++++++++++++++++++++++++++++++++++++++++
PARAMETERS ARE ...... 
                   working_dir : 
                  geology_file : geology.nc
                      resample : 1
                        tstart : 0.0
                          tend : 100.0
                restartingfile : 
                     verbosity : 0
                         tsave : 10
                   plot_result : False
                     plot_live : False
                        usegpu : True
                          stop : False
              init_strflowctrl : 78
                init_slidingco : 0
                init_arrhenius : 78
                            dz : 20
                        maxthk : 1000.0
              clim_update_freq : 1
                  type_climate : 
               erosion_include : False
                   erosion_cst : 2.7e-07
                   erosion_exp : 2
           erosion_update_freq : 100
                uplift_include : False
                   uplift_rate : 0.002
            uplift_update_freq : 100
        iceflow_model_lib_path : /projects/etpi5866/igm/model-lib/f15_cfsflow_GJ_22_a/50
          multiple_window_size : 0
              force_max_velbar : 0
                      optimize : False
             opti_vars_to_save : ['topg', 'usurf', 'thk', 'strflowctrl', 'arrhenius', 'slidingco', 'velsurf_mag', 'velsurfobs_mag', 'divflux']
              observation_file : ./inputs/observation.nc
             thk_profiles_file : 
                     mode_opti : thkstrflowctrl
          opti_thr_strflowctrl : 78.0
            opti_init_zero_thk : False
           opti_regu_param_thk : 10.0
   opti_regu_param_strflowctrl : 5.0
 opti_smooth_anisotropy_factor : 0.2
         opti_convexity_weight : 0.002
             opti_usurfobs_std : 5.0
          opti_strflowctrl_std : 5.0
           opti_velsurfobs_std : 3.0
               opti_thkobs_std : 5.0
           opti_divfluxobs_std : 1.0
                  opti_control : ['thk', 'strflowctrl', 'usurf']
                     opti_cost : ['velsurf', 'thk', 'usurf', 'icemask']
                  opti_nbitmin : 50
                  opti_nbitmax : 2000
                opti_step_size : 0.0001
       opti_make_holes_in_data : 0
              opti_output_freq : 50
        geology_optimized_file : geology-optimized.nc
                  vars_to_save : ['topg', 'usurf', 'thk', 'smb', 'velbar_mag', 'velsurf_mag']
                       varplot : velbar_mag
                   varplot_max : 500
                mb_update_freq : 1
             type_mass_balance : simple
                    mb_scaling : 1.0
                mb_simple_file : mb_simple_param.txt
            smb_model_lib_path : ../../model-lib/smb_meteoswissglamos
    smoothing_thk_filter_shape : 3
           smoothing_thk_sigma : 3
     smoothing_thk_update_freq : 100
                           cfl : 0.3
                         dtmax : 10.0
               tracking_method : 3d
             frequency_seeding : 10
               density_seeding : 0.2
 OPTI, step     0 , ICE_VOL:   24.83 , COST_U:   72.65 , COST_H:    0.00 , COST_D :    0.00 , COST_S :    0.00 , REGU_H :  -18.75 , REGU_A :    0.00 
 OPTI, step    50 , ICE_VOL:   24.85 , COST_U:   64.82 , COST_H:    0.49 , COST_D :    0.00 , COST_S :    0.00 , REGU_H :  -29.19 , REGU_A :    0.11 
 OPTI, step   100 , ICE_VOL:   24.89 , COST_U:   59.33 , COST_H:    1.31 , COST_D :    0.00 , COST_S :    0.01 , REGU_H :  -35.07 , REGU_A :    0.19 
 OPTI, step   150 , ICE_VOL:   24.93 , COST_U:   55.71 , COST_H:    2.17 , COST_D :    0.00 , COST_S :    0.01 , REGU_H :  -39.31 , REGU_A :    0.24 
 OPTI, step   200 , ICE_VOL:   24.96 , COST_U:   53.17 , COST_H:    2.97 , COST_D :    0.00 , COST_S :    0.02 , REGU_H :  -42.63 , REGU_A :    0.28 
 OPTI, step   250 , ICE_VOL:   24.97 , COST_U:   51.26 , COST_H:    3.70 , COST_D :    0.00 , COST_S :    0.03 , REGU_H :  -45.32 , REGU_A :    0.32 
 OPTI, step   300 , ICE_VOL:   24.98 , COST_U:   49.79 , COST_H:    4.37 , COST_D :    0.00 , COST_S :    0.04 , REGU_H :  -47.57 , REGU_A :    0.35 
 OPTI, step   350 , ICE_VOL:   24.99 , COST_U:   48.58 , COST_H:    4.96 , COST_D :    0.00 , COST_S :    0.05 , REGU_H :  -49.49 , REGU_A :    0.38 
 OPTI, step   400 , ICE_VOL:   24.99 , COST_U:   47.55 , COST_H:    5.50 , COST_D :    0.00 , COST_S :    0.07 , REGU_H :  -51.12 , REGU_A :    0.41 
 OPTI, step   450 , ICE_VOL:   24.99 , COST_U:   46.57 , COST_H:    5.98 , COST_D :    0.00 , COST_S :    0.08 , REGU_H :  -52.50 , REGU_A :    0.43 
 OPTI, step   500 , ICE_VOL:   24.98 , COST_U:   45.78 , COST_H:    6.41 , COST_D :    0.00 , COST_S :    0.10 , REGU_H :  -53.71 , REGU_A :    0.46 
 OPTI, step   550 , ICE_VOL:   24.98 , COST_U:   45.08 , COST_H:    6.79 , COST_D :    0.00 , COST_S :    0.12 , REGU_H :  -54.77 , REGU_A :    0.47 
 OPTI, step   600 , ICE_VOL:   24.98 , COST_U:   44.45 , COST_H:    7.13 , COST_D :    0.00 , COST_S :    0.13 , REGU_H :  -55.69 , REGU_A :    0.49 
 OPTI, step   650 , ICE_VOL:   24.98 , COST_U:   43.87 , COST_H:    7.43 , COST_D :    0.00 , COST_S :    0.15 , REGU_H :  -56.50 , REGU_A :    0.50 
 OPTI, step   700 , ICE_VOL:   24.98 , COST_U:   43.29 , COST_H:    7.71 , COST_D :    0.00 , COST_S :    0.17 , REGU_H :  -57.20 , REGU_A :    0.51 
 OPTI, step   750 , ICE_VOL:   24.98 , COST_U:   42.75 , COST_H:    7.95 , COST_D :    0.00 , COST_S :    0.19 , REGU_H :  -57.81 , REGU_A :    0.52 
 OPTI, step   800 , ICE_VOL:   24.98 , COST_U:   42.22 , COST_H:    8.17 , COST_D :    0.00 , COST_S :    0.21 , REGU_H :  -58.35 , REGU_A :    0.53 
 OPTI, step   850 , ICE_VOL:   24.98 , COST_U:   41.70 , COST_H:    8.36 , COST_D :    0.00 , COST_S :    0.23 , REGU_H :  -58.82 , REGU_A :    0.54 
 OPTI, step   900 , ICE_VOL:   24.98 , COST_U:   41.22 , COST_H:    8.54 , COST_D :    0.00 , COST_S :    0.25 , REGU_H :  -59.23 , REGU_A :    0.55 
 OPTI, step   950 , ICE_VOL:   24.99 , COST_U:   40.74 , COST_H:    8.69 , COST_D :    0.00 , COST_S :    0.28 , REGU_H :  -59.60 , REGU_A :    0.56 
 OPTI, step  1000 , ICE_VOL:   24.99 , COST_U:   40.27 , COST_H:    8.84 , COST_D :    0.00 , COST_S :    0.30 , REGU_H :  -59.92 , REGU_A :    0.58 
 OPTI, step  1050 , ICE_VOL:   25.00 , COST_U:   39.80 , COST_H:    8.96 , COST_D :    0.00 , COST_S :    0.32 , REGU_H :  -60.20 , REGU_A :    0.59 
 OPTI, step  1100 , ICE_VOL:   25.00 , COST_U:   39.34 , COST_H:    9.07 , COST_D :    0.00 , COST_S :    0.35 , REGU_H :  -60.45 , REGU_A :    0.59 
 OPTI, step  1150 , ICE_VOL:   25.01 , COST_U:   38.87 , COST_H:    9.17 , COST_D :    0.00 , COST_S :    0.37 , REGU_H :  -60.68 , REGU_A :    0.60 
 OPTI, step  1200 , ICE_VOL:   25.02 , COST_U:   38.40 , COST_H:    9.27 , COST_D :    0.00 , COST_S :    0.39 , REGU_H :  -60.88 , REGU_A :    0.61 
 OPTI, step  1250 , ICE_VOL:   25.03 , COST_U:   37.94 , COST_H:    9.36 , COST_D :    0.00 , COST_S :    0.42 , REGU_H :  -61.07 , REGU_A :    0.61 
 OPTI, step  1300 , ICE_VOL:   25.04 , COST_U:   37.48 , COST_H:    9.44 , COST_D :    0.00 , COST_S :    0.45 , REGU_H :  -61.23 , REGU_A :    0.62 
 OPTI, step  1350 , ICE_VOL:   25.04 , COST_U:   37.03 , COST_H:    9.51 , COST_D :    0.00 , COST_S :    0.47 , REGU_H :  -61.37 , REGU_A :    0.63 
 OPTI, step  1400 , ICE_VOL:   25.05 , COST_U:   36.59 , COST_H:    9.57 , COST_D :    0.00 , COST_S :    0.50 , REGU_H :  -61.50 , REGU_A :    0.63 
 OPTI, step  1450 , ICE_VOL:   25.06 , COST_U:   36.12 , COST_H:    9.63 , COST_D :    0.00 , COST_S :    0.52 , REGU_H :  -61.61 , REGU_A :    0.64 
 OPTI, step  1500 , ICE_VOL:   25.07 , COST_U:   35.69 , COST_H:    9.67 , COST_D :    0.00 , COST_S :    0.55 , REGU_H :  -61.72 , REGU_A :    0.64 
 OPTI, step  1550 , ICE_VOL:   25.08 , COST_U:   35.27 , COST_H:    9.72 , COST_D :    0.00 , COST_S :    0.58 , REGU_H :  -61.82 , REGU_A :    0.64 
 OPTI, step  1600 , ICE_VOL:   25.09 , COST_U:   34.87 , COST_H:    9.75 , COST_D :    0.00 , COST_S :    0.60 , REGU_H :  -61.91 , REGU_A :    0.64 
 OPTI, step  1650 , ICE_VOL:   25.10 , COST_U:   34.48 , COST_H:    9.78 , COST_D :    0.00 , COST_S :    0.63 , REGU_H :  -61.99 , REGU_A :    0.65 
 OPTI, step  1700 , ICE_VOL:   25.10 , COST_U:   34.09 , COST_H:    9.81 , COST_D :    0.00 , COST_S :    0.66 , REGU_H :  -62.07 , REGU_A :    0.65 
 OPTI, step  1750 , ICE_VOL:   25.11 , COST_U:   33.75 , COST_H:    9.83 , COST_D :    0.00 , COST_S :    0.68 , REGU_H :  -62.15 , REGU_A :    0.65 
 OPTI, step  1800 , ICE_VOL:   25.12 , COST_U:   33.40 , COST_H:    9.85 , COST_D :    0.00 , COST_S :    0.71 , REGU_H :  -62.22 , REGU_A :    0.65 
 OPTI, step  1850 , ICE_VOL:   25.13 , COST_U:   33.07 , COST_H:    9.86 , COST_D :    0.00 , COST_S :    0.74 , REGU_H :  -62.30 , REGU_A :    0.65 
 OPTI, step  1900 , ICE_VOL:   25.14 , COST_U:   32.73 , COST_H:    9.88 , COST_D :    0.00 , COST_S :    0.76 , REGU_H :  -62.37 , REGU_A :    0.65 
 OPTI, step  1950 , ICE_VOL:   25.14 , COST_U:   32.40 , COST_H:    9.89 , COST_D :    0.00 , COST_S :    0.79 , REGU_H :  -62.43 , REGU_A :    0.65 
Build IGM class
+++++++++++++++++++ START IGM ++++++++++++++++++++++++++++++++++++++++++
PARAMETERS ARE ...... 
                   working_dir : 
                  geology_file : ./geology-optimized.nc
                      resample : 1
                        tstart : 0.0
                          tend : 0.1
                restartingfile : 
                     verbosity : 0
                         tsave : 0.1
                   plot_result : False
                     plot_live : False
                        usegpu : True
                          stop : False
              init_strflowctrl : 78
                init_slidingco : 0
                init_arrhenius : 78
                            dz : 20
                        maxthk : 1000.0
              clim_update_freq : 1
                  type_climate : 
               erosion_include : False
                   erosion_cst : 2.7e-07
                   erosion_exp : 2
           erosion_update_freq : 100
                uplift_include : False
                   uplift_rate : 0.002
            uplift_update_freq : 100
        iceflow_model_lib_path : /projects/etpi5866/igm/model-lib/f15_cfsflow_GJ_22_a/50
          multiple_window_size : 0
              force_max_velbar : 0
                      optimize : False
             opti_vars_to_save : ['topg', 'usurf', 'thk', 'strflowctrl', 'arrhenius', 'slidingco', 'velsurf_mag', 'velsurfobs_mag', 'divflux']
              observation_file : observation.nc
             thk_profiles_file : 
                     mode_opti : thkstrflowctrl
          opti_thr_strflowctrl : 78.0
            opti_init_zero_thk : False
           opti_regu_param_thk : 10.0
   opti_regu_param_strflowctrl : 1.0
 opti_smooth_anisotropy_factor : 0.2
         opti_convexity_weight : 0.002
             opti_usurfobs_std : 5.0
          opti_strflowctrl_std : 5.0
           opti_velsurfobs_std : 3.0
               opti_thkobs_std : 5.0
           opti_divfluxobs_std : 1.0
                  opti_control : ['thk', 'strflowctrl', 'usurf']
                     opti_cost : ['velsurf', 'thk', 'usurf', 'divfluxfcz', 'icemask']
                  opti_nbitmin : 50
                  opti_nbitmax : 1000
                opti_step_size : 0.001
       opti_make_holes_in_data : 0
              opti_output_freq : 50
        geology_optimized_file : geology-optimized.nc
                  vars_to_save : ['topg', 'usurf', 'thk', 'velbar_mag', 'velsurf_mag', 'divflux', 'uvelsurf', 'vvelsurf', 'uvelbase', 'vvelbase']
                       varplot : velbar_mag
                   varplot_max : 500
                mb_update_freq : 1
             type_mass_balance : simple
                    mb_scaling : 1.0
                mb_simple_file : mb_simple_param.txt
            smb_model_lib_path : ../../model-lib/smb_meteoswissglamos
    smoothing_thk_filter_shape : 3
           smoothing_thk_sigma : 3
     smoothing_thk_update_freq : 100
                           cfl : 0.3
                         dtmax : 10.0
               tracking_method : 3d
             frequency_seeding : 10
               density_seeding : 0.2
