2023-08-09 15:29:11.085916: W tensorflow/stream_executor/platform/default/dso_loader.cc:64] Could not load dynamic library 'libcudart.so.11.0'; dlerror: libcudart.so.11.0: cannot open shared object file: No such file or directory
2023-08-09 15:29:11.085958: I tensorflow/stream_executor/cuda/cudart_stub.cc:29] Ignore above cudart dlerror if you do not have a GPU set up on your machine.
2023-08-09 15:29:16.108753: W tensorflow/stream_executor/platform/default/dso_loader.cc:64] Could not load dynamic library 'libcuda.so.1'; dlerror: libcuda.so.1: cannot open shared object file: No such file or directory
2023-08-09 15:29:16.108786: W tensorflow/stream_executor/cuda/cuda_driver.cc:269] failed call to cuInit: UNKNOWN ERROR (303)
2023-08-09 15:29:16.108810: I tensorflow/stream_executor/cuda/cuda_diagnostics.cc:156] kernel driver does not appear to be running on this host (bnode0316.rc.int.colorado.edu): /proc/driver/nvidia/version does not exist
2023-08-09 15:29:16.109199: I tensorflow/core/platform/cpu_feature_guard.cc:151] This TensorFlow binary is optimized with oneAPI Deep Neural Network Library (oneDNN) to use the following CPU instructions in performance-critical operations:  AVX2 FMA
To enable them in other operations, rebuild TensorFlow with the appropriate compiler flags.
WARNING:tensorflow:No training configuration found in the save file, so the model was *not* compiled. Compile it manually.
/projects/etpi5866/igm2/igm/modules/preproc/optimize.py:736: RuntimeWarning: invalid value encountered in divide
  costs[:, i] /= np.max(costs[:, i])
WARNING:tensorflow:No training configuration found in the save file, so the model was *not* compiled. Compile it manually.
                   Step  |  ICE_VOL |  COST_U  |  COST_H  |  COST_D  |  COST_S  |   REGU_H |   REGU_S | COST_GLEN  
OPTI 15:29:28 :        0 |    22.74 |   3950.08 |     0.00 |     0.00 |     0.00 |    31.03 |     0.00 |    74.07 |
OPTI 15:29:34 :        1 |    22.74 |   1878.35 |     0.00 |     0.00 |     0.00 |    31.24 |     0.00 |    45.00 |
OPTI 15:29:40 :        2 |    22.74 |   686.01 |     0.00 |     0.00 |     0.00 |    32.41 |     0.00 |    22.41 |
OPTI 15:29:46 :        3 |    22.74 |   240.54 |     0.00 |     0.00 |     0.00 |    34.76 |     0.00 |    10.40 |
OPTI 15:29:52 :        4 |    22.74 |   169.72 |     0.00 |     0.00 |     0.00 |    39.76 |     0.00 |     7.06 |
OPTI 15:29:58 :        5 |    22.74 |   189.00 |     0.00 |     0.00 |     0.00 |    41.46 |     0.00 |     6.85 |
OPTI 15:30:04 :        6 |    22.74 |   171.21 |     0.00 |     0.00 |     0.00 |    42.04 |     0.00 |     6.37 |
OPTI 15:30:10 :        7 |    22.74 |   133.19 |     0.00 |     0.00 |     0.00 |    42.69 |     0.00 |     5.27 |
OPTI 15:30:16 :        8 |    22.74 |    94.73 |     0.00 |     0.00 |     0.00 |    43.14 |     0.00 |     3.71 |
OPTI 15:30:21 :        9 |    22.74 |    64.82 |     0.00 |     0.00 |     0.00 |    43.52 |     0.00 |     2.37 |
OPTI 15:30:27 :       10 |    22.74 |    44.52 |     0.00 |     0.00 |     0.00 |    43.10 |     0.00 |     1.41 |
OPTI 15:30:33 :       11 |    22.74 |    33.18 |     0.00 |     0.00 |     0.00 |    42.70 |     0.00 |     0.82 |
OPTI 15:30:39 :       12 |    22.74 |    26.85 |     0.00 |     0.00 |     0.00 |    42.60 |     0.00 |     0.51 |
OPTI 15:30:44 :       13 |    22.74 |    22.81 |     0.00 |     0.00 |     0.00 |    42.21 |     0.00 |     0.32 |
OPTI 15:30:50 :       14 |    22.74 |    19.99 |     0.00 |     0.00 |     0.00 |    41.70 |     0.00 |     0.18 |
OPTI 15:30:56 :       15 |    22.74 |    17.96 |     0.00 |     0.00 |     0.00 |    41.27 |     0.00 |     0.05 |
OPTI 15:31:02 :       16 |    22.74 |    16.57 |     0.00 |     0.00 |     0.00 |    41.10 |     0.00 |    -0.06 |
OPTI 15:31:08 :       17 |    22.74 |    15.75 |     0.00 |     0.00 |     0.00 |    41.04 |     0.00 |    -0.14 |
OPTI 15:31:14 :       18 |    22.74 |    15.33 |     0.00 |     0.00 |     0.00 |    40.92 |     0.00 |    -0.20 |
OPTI 15:31:19 :       19 |    22.74 |    15.14 |     0.00 |     0.00 |     0.00 |    40.87 |     0.00 |    -0.25 |
OPTI 15:31:26 :       20 |    22.74 |    15.10 |     0.00 |     0.00 |     0.00 |    40.84 |     0.00 |    -0.29 |
OPTI 15:31:32 :       21 |    22.74 |    15.15 |     0.00 |     0.00 |     0.00 |    40.77 |     0.00 |    -0.32 |
OPTI 15:31:38 :       22 |    22.74 |    15.24 |     0.00 |     0.00 |     0.00 |    40.61 |     0.00 |    -0.35 |
OPTI 15:31:44 :       23 |    22.74 |    15.35 |     0.00 |     0.00 |     0.00 |    40.41 |     0.00 |    -0.36 |
OPTI 15:31:49 :       24 |    22.74 |    15.46 |     0.00 |     0.00 |     0.00 |    40.27 |     0.00 |    -0.37 |
OPTI 15:31:56 :       25 |    22.74 |    15.56 |     0.00 |     0.00 |     0.00 |    40.15 |     0.00 |    -0.38 |
OPTI 15:32:02 :       26 |    22.74 |    15.67 |     0.00 |     0.00 |     0.00 |    40.02 |     0.00 |    -0.39 |
OPTI 15:32:08 :       27 |    22.74 |    15.77 |     0.00 |     0.00 |     0.00 |    39.92 |     0.00 |    -0.40 |
OPTI 15:32:14 :       28 |    22.74 |    15.86 |     0.00 |     0.00 |     0.00 |    39.82 |     0.00 |    -0.40 |
OPTI 15:32:20 :       29 |    22.74 |    15.95 |     0.00 |     0.00 |     0.00 |    39.69 |     0.00 |    -0.41 |
OPTI 15:32:25 :       30 |    22.74 |    16.04 |     0.00 |     0.00 |     0.00 |    39.55 |     0.00 |    -0.41 |
OPTI 15:32:31 :       31 |    22.74 |    16.12 |     0.00 |     0.00 |     0.00 |    39.44 |     0.00 |    -0.42 |
OPTI 15:32:37 :       32 |    22.74 |    16.20 |     0.00 |     0.00 |     0.00 |    39.33 |     0.00 |    -0.42 |
OPTI 15:32:43 :       33 |    22.74 |    16.27 |     0.00 |     0.00 |     0.00 |    39.25 |     0.00 |    -0.42 |
OPTI 15:32:49 :       34 |    22.74 |    16.34 |     0.00 |     0.00 |     0.00 |    39.18 |     0.00 |    -0.43 |
OPTI 15:32:55 :       35 |    22.74 |    16.41 |     0.00 |     0.00 |     0.00 |    39.13 |     0.00 |    -0.43 |
OPTI 15:33:01 :       36 |    22.74 |    16.48 |     0.00 |     0.00 |     0.00 |    39.07 |     0.00 |    -0.44 |
OPTI 15:33:07 :       37 |    22.74 |    16.54 |     0.00 |     0.00 |     0.00 |    39.01 |     0.00 |    -0.44 |
OPTI 15:33:13 :       38 |    22.74 |    16.60 |     0.00 |     0.00 |     0.00 |    38.95 |     0.00 |    -0.45 |
OPTI 15:33:19 :       39 |    22.74 |    16.66 |     0.00 |     0.00 |     0.00 |    38.91 |     0.00 |    -0.45 |
OPTI 15:33:25 :       40 |    22.74 |    16.72 |     0.00 |     0.00 |     0.00 |    38.87 |     0.00 |    -0.46 |
OPTI 15:33:31 :       41 |    22.74 |    16.78 |     0.00 |     0.00 |     0.00 |    38.83 |     0.00 |    -0.46 |
OPTI 15:33:37 :       42 |    22.74 |    16.84 |     0.00 |     0.00 |     0.00 |    38.81 |     0.00 |    -0.47 |
OPTI 15:33:43 :       43 |    22.74 |    16.89 |     0.00 |     0.00 |     0.00 |    38.79 |     0.00 |    -0.48 |
OPTI 15:33:49 :       44 |    22.74 |    16.95 |     0.00 |     0.00 |     0.00 |    38.78 |     0.00 |    -0.48 |
OPTI 15:33:55 :       45 |    22.74 |    17.01 |     0.00 |     0.00 |     0.00 |    38.77 |     0.00 |    -0.49 |
OPTI 15:34:01 :       46 |    22.74 |    17.07 |     0.00 |     0.00 |     0.00 |    38.77 |     0.00 |    -0.50 |
OPTI 15:34:07 :       47 |    22.74 |    17.12 |     0.00 |     0.00 |     0.00 |    38.77 |     0.00 |    -0.50 |
OPTI 15:34:13 :       48 |    22.74 |    17.18 |     0.00 |     0.00 |     0.00 |    38.78 |     0.00 |    -0.51 |
OPTI 15:34:19 :       49 |    22.74 |    17.24 |     0.00 |     0.00 |     0.00 |    38.80 |     0.00 |    -0.52 |
OPTI 15:34:25 :       50 |    22.74 |    17.30 |     0.00 |     0.00 |     0.00 |    38.83 |     0.00 |    -0.53 |
OPTI 15:34:31 :       51 |    22.74 |    17.36 |     0.00 |     0.00 |     0.00 |    38.86 |     0.00 |    -0.53 |
OPTI 15:34:37 :       52 |    22.74 |    17.43 |     0.00 |     0.00 |     0.00 |    38.90 |     0.00 |    -0.54 |
OPTI 15:34:43 :       53 |    22.74 |    17.49 |     0.00 |     0.00 |     0.00 |    38.94 |     0.00 |    -0.55 |
OPTI 15:34:49 :       54 |    22.74 |    17.57 |     0.00 |     0.00 |     0.00 |    38.99 |     0.00 |    -0.56 |
OPTI 15:34:55 :       55 |    22.74 |    17.64 |     0.00 |     0.00 |     0.00 |    39.03 |     0.00 |    -0.57 |
OPTI 15:35:01 :       56 |    22.74 |    17.72 |     0.00 |     0.00 |     0.00 |    39.07 |     0.00 |    -0.57 |
OPTI 15:35:07 :       57 |    22.74 |    17.81 |     0.00 |     0.00 |     0.00 |    39.11 |     0.00 |    -0.58 |
OPTI 15:35:13 :       58 |    22.74 |    17.89 |     0.00 |     0.00 |     0.00 |    39.15 |     0.00 |    -0.59 |
OPTI 15:35:19 :       59 |    22.74 |    17.98 |     0.00 |     0.00 |     0.00 |    39.19 |     0.00 |    -0.60 |
OPTI 15:35:25 :       60 |    22.74 |    18.08 |     0.00 |     0.00 |     0.00 |    39.23 |     0.00 |    -0.61 |
OPTI 15:35:31 :       61 |    22.74 |    18.18 |     0.00 |     0.00 |     0.00 |    39.27 |     0.00 |    -0.61 |
OPTI 15:35:37 :       62 |    22.74 |    18.29 |     0.00 |     0.00 |     0.00 |    39.30 |     0.00 |    -0.62 |
OPTI 15:35:43 :       63 |    22.74 |    18.40 |     0.00 |     0.00 |     0.00 |    39.34 |     0.00 |    -0.63 |
OPTI 15:35:49 :       64 |    22.74 |    18.51 |     0.00 |     0.00 |     0.00 |    39.37 |     0.00 |    -0.64 |
OPTI 15:35:55 :       65 |    22.74 |    18.63 |     0.00 |     0.00 |     0.00 |    39.40 |     0.00 |    -0.65 |
OPTI 15:36:01 :       66 |    22.74 |    18.75 |     0.00 |     0.00 |     0.00 |    39.42 |     0.00 |    -0.65 |
OPTI 15:36:07 :       67 |    22.74 |    18.87 |     0.00 |     0.00 |     0.00 |    39.44 |     0.00 |    -0.66 |
OPTI 15:36:13 :       68 |    22.74 |    18.99 |     0.00 |     0.00 |     0.00 |    39.45 |     0.00 |    -0.67 |
OPTI 15:36:19 :       69 |    22.74 |    19.11 |     0.00 |     0.00 |     0.00 |    39.46 |     0.00 |    -0.68 |
OPTI 15:36:25 :       70 |    22.74 |    19.23 |     0.00 |     0.00 |     0.00 |    39.46 |     0.00 |    -0.68 |
OPTI 15:36:31 :       71 |    22.74 |    19.34 |     0.00 |     0.00 |     0.00 |    39.45 |     0.00 |    -0.69 |
OPTI 15:36:37 :       72 |    22.74 |    19.45 |     0.00 |     0.00 |     0.00 |    39.44 |     0.00 |    -0.70 |
OPTI 15:36:43 :       73 |    22.74 |    19.56 |     0.00 |     0.00 |     0.00 |    39.42 |     0.00 |    -0.71 |
OPTI 15:36:49 :       74 |    22.74 |    19.67 |     0.00 |     0.00 |     0.00 |    39.40 |     0.00 |    -0.72 |
OPTI 15:36:55 :       75 |    22.74 |    19.77 |     0.00 |     0.00 |     0.00 |    39.37 |     0.00 |    -0.73 |
OPTI 15:37:01 :       76 |    22.74 |    19.87 |     0.00 |     0.00 |     0.00 |    39.34 |     0.00 |    -0.74 |
OPTI 15:37:07 :       77 |    22.74 |    19.97 |     0.00 |     0.00 |     0.00 |    39.31 |     0.00 |    -0.75 |
OPTI 15:37:13 :       78 |    22.74 |    20.06 |     0.00 |     0.00 |     0.00 |    39.27 |     0.00 |    -0.76 |
OPTI 15:37:20 :       79 |    22.74 |    20.15 |     0.00 |     0.00 |     0.00 |    39.23 |     0.00 |    -0.77 |
OPTI 15:37:26 :       80 |    22.74 |    20.24 |     0.00 |     0.00 |     0.00 |    39.18 |     0.00 |    -0.78 |
OPTI 15:37:32 :       81 |    22.74 |    20.32 |     0.00 |     0.00 |     0.00 |    39.14 |     0.00 |    -0.79 |
OPTI 15:37:38 :       82 |    22.74 |    20.40 |     0.00 |     0.00 |     0.00 |    39.09 |     0.00 |    -0.80 |
OPTI 15:37:44 :       83 |    22.74 |    20.48 |     0.00 |     0.00 |     0.00 |    39.05 |     0.00 |    -0.81 |
OPTI 15:37:51 :       84 |    22.74 |    20.56 |     0.00 |     0.00 |     0.00 |    39.00 |     0.00 |    -0.82 |
OPTI 15:37:57 :       85 |    22.74 |    20.64 |     0.00 |     0.00 |     0.00 |    38.96 |     0.00 |    -0.83 |
OPTI 15:38:04 :       86 |    22.74 |    20.72 |     0.00 |     0.00 |     0.00 |    38.91 |     0.00 |    -0.84 |
OPTI 15:38:10 :       87 |    22.74 |    20.80 |     0.00 |     0.00 |     0.00 |    38.87 |     0.00 |    -0.85 |
OPTI 15:38:17 :       88 |    22.74 |    20.88 |     0.00 |     0.00 |     0.00 |    38.83 |     0.00 |    -0.86 |
OPTI 15:38:23 :       89 |    22.74 |    20.96 |     0.00 |     0.00 |     0.00 |    38.78 |     0.00 |    -0.87 |
OPTI 15:38:30 :       90 |    22.74 |    21.05 |     0.00 |     0.00 |     0.00 |    38.74 |     0.00 |    -0.88 |
OPTI 15:38:37 :       91 |    22.74 |    21.14 |     0.00 |     0.00 |     0.00 |    38.70 |     0.00 |    -0.89 |
OPTI 15:38:44 :       92 |    22.74 |    21.24 |     0.00 |     0.00 |     0.00 |    38.67 |     0.00 |    -0.91 |
OPTI 15:38:50 :       93 |    22.74 |    21.35 |     0.00 |     0.00 |     0.00 |    38.63 |     0.00 |    -0.92 |
OPTI 15:38:57 :       94 |    22.74 |    21.46 |     0.00 |     0.00 |     0.00 |    38.60 |     0.00 |    -0.93 |
OPTI 15:39:04 :       95 |    22.74 |    21.59 |     0.00 |     0.00 |     0.00 |    38.57 |     0.00 |    -0.94 |
OPTI 15:39:11 :       96 |    22.74 |    21.72 |     0.00 |     0.00 |     0.00 |    38.54 |     0.00 |    -0.96 |
OPTI 15:39:17 :       97 |    22.74 |    21.87 |     0.00 |     0.00 |     0.00 |    38.52 |     0.00 |    -0.97 |
OPTI 15:39:24 :       98 |    22.74 |    22.02 |     0.00 |     0.00 |     0.00 |    38.49 |     0.00 |    -0.99 |
OPTI 15:39:30 :       99 |    22.74 |    22.19 |     0.00 |     0.00 |     0.00 |    38.47 |     0.00 |    -1.00 |
IGM %s :         Iterations   |         Time (y)     |     Time Step (y)   |   Ice Volume (km^3) 
IGM 15:41:16 :         107    |          2005        |        0.12        |          22.74 
IGM 15:41:52 :         145    |          2010        |        0.14        |          22.74 
IGM 15:42:22 :         178    |          2015        |        0.17        |          22.74 
IGM 15:42:48 :         205    |          2020        |        0.21        |          22.74 
IGM 15:43:09 :         229    |          2025        |        0.20        |          22.74 
IGM 15:43:35 :         257    |          2030        |        0.17        |          22.74 
IGM 15:44:02 :         286    |          2035        |        0.18        |          22.74 
IGM 15:44:28 :         313    |          2040        |        0.20        |          22.74 
IGM 15:44:48 :         337    |          2045        |        0.22        |          22.74 
IGM 15:45:07 :         359    |          2050        |        0.25        |          22.74 
IGM 15:45:25 :         378    |          2055        |        0.29        |          22.74 
IGM 15:45:42 :         397    |          2060        |        0.26        |          22.74 
IGM 15:46:00 :         417    |          2065        |        0.25        |          22.74 
IGM 15:46:19 :         438    |          2070        |        0.25        |          22.74 
IGM 15:46:37 :         458    |          2075        |        0.27        |          22.74 
IGM 15:46:55 :         477    |          2080        |        0.28        |          22.74 
IGM 15:47:12 :         495    |          2085        |        0.30        |          22.74 
IGM 15:47:28 :         512    |          2090        |        0.32        |          22.73 
IGM 15:47:40 :         528    |          2095        |        0.32        |          22.71 
IGM 15:47:56 :         543    |          2100        |        0.34        |          22.69 
Computational statistics report:
                      iceflow  |  mean time per it :   0.9229  |  total : 501.1462  |  number it  :      543
                     optimize  |  mean time per it :   6.1054  |  total : 610.5424  |  number it  :      100
                    time_step  |  mean time per it :   0.0011  |  total :   0.6000  |  number it  :      543
                          thk  |  mean time per it :   0.0031  |  total :   1.6863  |  number it  :      543
