2023-08-22 13:05:29.890854: W tensorflow/stream_executor/platform/default/dso_loader.cc:64] Could not load dynamic library 'libcudart.so.11.0'; dlerror: libcudart.so.11.0: cannot open shared object file: No such file or directory
2023-08-22 13:05:29.891072: I tensorflow/stream_executor/cuda/cudart_stub.cc:29] Ignore above cudart dlerror if you do not have a GPU set up on your machine.
2023-08-22 13:07:20.025860: W tensorflow/stream_executor/platform/default/dso_loader.cc:64] Could not load dynamic library 'libcuda.so.1'; dlerror: libcuda.so.1: cannot open shared object file: No such file or directory
2023-08-22 13:07:20.026062: W tensorflow/stream_executor/cuda/cuda_driver.cc:269] failed call to cuInit: UNKNOWN ERROR (303)
2023-08-22 13:07:20.026083: I tensorflow/stream_executor/cuda/cuda_diagnostics.cc:156] kernel driver does not appear to be running on this host (bnode0504.rc.int.colorado.edu): /proc/driver/nvidia/version does not exist
2023-08-22 13:07:20.026487: I tensorflow/core/platform/cpu_feature_guard.cc:151] This TensorFlow binary is optimized with oneAPI Deep Neural Network Library (oneDNN) to use the following CPU instructions in performance-critical operations:  AVX2 AVX512F FMA
To enable them in other operations, rebuild TensorFlow with the appropriate compiler flags.
WARNING:tensorflow:No training configuration found in the save file, so the model was *not* compiled. Compile it manually.
2023-08-22 13:07:30.786785: W tensorflow/core/framework/cpu_allocator_impl.cc:82] Allocation of 103532544 exceeds 10% of free system memory.
2023-08-22 13:07:30.875510: W tensorflow/core/framework/cpu_allocator_impl.cc:82] Allocation of 103532544 exceeds 10% of free system memory.
2023-08-22 13:07:31.009925: W tensorflow/core/framework/cpu_allocator_impl.cc:82] Allocation of 103532544 exceeds 10% of free system memory.
2023-08-22 13:07:31.090134: W tensorflow/core/framework/cpu_allocator_impl.cc:82] Allocation of 103532544 exceeds 10% of free system memory.
2023-08-22 13:07:31.208736: W tensorflow/core/framework/cpu_allocator_impl.cc:82] Allocation of 103532544 exceeds 10% of free system memory.
/projects/etpi5866/igm2/igm/modules/preproc/optimize.py:736: RuntimeWarning: invalid value encountered in divide
  costs[:, i] /= np.max(costs[:, i])
WARNING:tensorflow:No training configuration found in the save file, so the model was *not* compiled. Compile it manually.
                   Step  |  ICE_VOL |  COST_U  |  COST_H  |  COST_D  |  COST_S  |   REGU_H |   REGU_S | COST_GLEN  
OPTI 13:07:34 :        0 |    22.74 |   3950.08 |     0.00 |     0.00 |     0.00 |     0.00 |     0.00 |    74.07 |
OPTI 13:08:47 :       10 |    22.74 |    44.51 |     0.00 |     0.00 |     0.00 |     0.00 |     0.00 |     1.41 |
OPTI 13:09:52 :       20 |    22.74 |    15.10 |     0.00 |     0.00 |     0.00 |     0.00 |     0.00 |    -0.29 |
OPTI 13:11:02 :       30 |    22.74 |    16.04 |     0.00 |     0.00 |     0.00 |     0.00 |     0.00 |    -0.41 |
OPTI 13:12:17 :       40 |    22.74 |    16.72 |     0.00 |     0.00 |     0.00 |     0.00 |     0.00 |    -0.46 |
OPTI 13:13:29 :       50 |    22.74 |    17.28 |     0.00 |     0.00 |     0.00 |     0.00 |     0.00 |    -0.53 |
OPTI 13:14:39 :       60 |    22.74 |    17.92 |     0.00 |     0.00 |     0.00 |     0.00 |     0.00 |    -0.62 |
OPTI 13:15:48 :       70 |    22.74 |    19.35 |     0.00 |     0.00 |     0.00 |     0.00 |     0.00 |    -0.70 |
OPTI 13:16:58 :       80 |    22.74 |    20.57 |     0.00 |     0.00 |     0.00 |     0.00 |     0.00 |    -0.78 |
OPTI 13:18:10 :       90 |    22.74 |    21.54 |     0.00 |     0.00 |     0.00 |     0.00 |     0.00 |    -0.88 |
OPTI 13:19:22 :      100 |    22.74 |    23.00 |     0.00 |     0.00 |     0.00 |     0.00 |     0.00 |    -0.99 |
OPTI 13:20:32 :      110 |    22.74 |    24.52 |     0.00 |     0.00 |     0.00 |     0.00 |     0.00 |    -1.11 |
OPTI 13:21:40 :      120 |    22.74 |    27.43 |     0.00 |     0.00 |     0.00 |     0.00 |     0.00 |    -1.25 |
OPTI 13:22:54 :      130 |    22.74 |    30.51 |     0.00 |     0.00 |     0.00 |     0.00 |     0.00 |    -1.41 |
OPTI 13:24:03 :      140 |    22.74 |    34.30 |     0.00 |     0.00 |     0.00 |     0.00 |     0.00 |    -1.60 |
OPTI 13:25:15 :      150 |    22.74 |    37.97 |     0.00 |     0.00 |     0.00 |     0.00 |     0.00 |    -1.80 |
OPTI 13:26:26 :      160 |    22.74 |    46.45 |     0.00 |     0.00 |     0.00 |     0.00 |     0.00 |    -2.04 |
OPTI 13:27:39 :      170 |    22.74 |    51.07 |     0.00 |     0.00 |     0.00 |     0.00 |     0.00 |    -2.25 |
OPTI 13:28:49 :      180 |    22.74 |    61.34 |     0.00 |     0.00 |     0.00 |     0.00 |     0.00 |    -2.45 |
OPTI 13:29:55 :      190 |    22.74 |    73.59 |     0.00 |     0.00 |     0.00 |     0.00 |     0.00 |    -2.64 |
OPTI 13:31:07 :      200 |    22.74 |    86.91 |     0.00 |     0.00 |     0.00 |     0.00 |     0.00 |    -2.83 |
OPTI 13:32:19 :      210 |    22.74 |    99.94 |     0.00 |     0.00 |     0.00 |     0.00 |     0.00 |    -3.00 |
OPTI 13:33:28 :      220 |    22.74 |   111.20 |     0.00 |     0.00 |     0.00 |     0.00 |     0.00 |    -3.17 |
OPTI 13:34:37 :      230 |    22.74 |   123.32 |     0.00 |     0.00 |     0.00 |     0.00 |     0.00 |    -3.30 |
OPTI 13:35:50 :      240 |    22.74 |   135.04 |     0.00 |     0.00 |     0.00 |     0.00 |     0.00 |    -3.41 |
OPTI 13:36:59 :      250 |    22.74 |   147.68 |     0.00 |     0.00 |     0.00 |     0.00 |     0.00 |    -3.51 |
OPTI 13:38:13 :      260 |    22.74 |   158.07 |     0.00 |     0.00 |     0.00 |     0.00 |     0.00 |    -3.60 |
OPTI 13:39:24 :      270 |    22.74 |   162.76 |     0.00 |     0.00 |     0.00 |     0.00 |     0.00 |    -3.67 |
OPTI 13:40:34 :      280 |    22.74 |   168.62 |     0.00 |     0.00 |     0.00 |     0.00 |     0.00 |    -3.73 |
OPTI 13:41:42 :      290 |    22.74 |   174.97 |     0.00 |     0.00 |     0.00 |     0.00 |     0.00 |    -3.79 |
OPTI 13:42:54 :      300 |    22.74 |   178.35 |     0.00 |     0.00 |     0.00 |     0.00 |     0.00 |    -3.84 |
OPTI 13:44:02 :      310 |    22.74 |   184.03 |     0.00 |     0.00 |     0.00 |     0.00 |     0.00 |    -3.90 |
OPTI 13:45:09 :      320 |    22.74 |   187.90 |     0.00 |     0.00 |     0.00 |     0.00 |     0.00 |    -3.95 |
OPTI 13:46:14 :      330 |    22.74 |   191.33 |     0.00 |     0.00 |     0.00 |     0.00 |     0.00 |    -3.99 |
OPTI 13:47:23 :      340 |    22.74 |   196.01 |     0.00 |     0.00 |     0.00 |     0.00 |     0.00 |    -4.03 |
OPTI 13:48:35 :      350 |    22.74 |   202.15 |     0.00 |     0.00 |     0.00 |     0.00 |     0.00 |    -4.07 |
OPTI 13:49:43 :      360 |    22.74 |   206.40 |     0.00 |     0.00 |     0.00 |     0.00 |     0.00 |    -4.11 |
OPTI 13:50:47 :      370 |    22.74 |   208.17 |     0.00 |     0.00 |     0.00 |     0.00 |     0.00 |    -4.14 |
OPTI 13:51:56 :      380 |    22.74 |   209.07 |     0.00 |     0.00 |     0.00 |     0.00 |     0.00 |    -4.17 |
OPTI 13:53:05 :      390 |    22.74 |   211.71 |     0.00 |     0.00 |     0.00 |     0.00 |     0.00 |    -4.21 |
OPTI 13:54:12 :      400 |    22.74 |   215.00 |     0.00 |     0.00 |     0.00 |     0.00 |     0.00 |    -4.23 |
OPTI 13:55:25 :      410 |    22.74 |   217.18 |     0.00 |     0.00 |     0.00 |     0.00 |     0.00 |    -4.26 |
OPTI 13:56:35 :      420 |    22.74 |   219.51 |     0.00 |     0.00 |     0.00 |     0.00 |     0.00 |    -4.29 |
OPTI 13:57:44 :      430 |    22.74 |   222.79 |     0.00 |     0.00 |     0.00 |     0.00 |     0.00 |    -4.31 |
OPTI 13:58:55 :      440 |    22.74 |   224.30 |     0.00 |     0.00 |     0.00 |     0.00 |     0.00 |    -4.34 |
OPTI 14:00:08 :      450 |    22.74 |   227.73 |     0.00 |     0.00 |     0.00 |     0.00 |     0.00 |    -4.36 |
OPTI 14:01:17 :      460 |    22.74 |   230.02 |     0.00 |     0.00 |     0.00 |     0.00 |     0.00 |    -4.38 |
OPTI 14:02:30 :      470 |    22.74 |   231.98 |     0.00 |     0.00 |     0.00 |     0.00 |     0.00 |    -4.41 |
OPTI 14:03:44 :      480 |    22.74 |   233.53 |     0.00 |     0.00 |     0.00 |     0.00 |     0.00 |    -4.43 |
OPTI 14:04:56 :      490 |    22.74 |   235.08 |     0.00 |     0.00 |     0.00 |     0.00 |     0.00 |    -4.45 |
IGM %s :         Iterations   |         Time (y)     |     Time Step (y)   |   Ice Volume (km^3) 
IGM 14:07:33 :         107    |          2005        |        0.12        |          22.74 
IGM 14:08:00 :         145    |          2010        |        0.14        |          22.74 
IGM 14:08:21 :         178    |          2015        |        0.17        |          22.74 
IGM 14:08:41 :         205    |          2020        |        0.21        |          22.74 
IGM 14:08:57 :         229    |          2025        |        0.20        |          22.74 
IGM 14:09:17 :         257    |          2030        |        0.17        |          22.74 
IGM 14:09:38 :         286    |          2035        |        0.18        |          22.74 
IGM 14:09:58 :         313    |          2040        |        0.20        |          22.74 
IGM 14:10:13 :         337    |          2045        |        0.22        |          22.74 
IGM 14:10:27 :         359    |          2050        |        0.25        |          22.74 
IGM 14:10:41 :         378    |          2055        |        0.29        |          22.74 
IGM 14:10:57 :         397    |          2060        |        0.26        |          22.74 
IGM 14:11:10 :         417    |          2065        |        0.25        |          22.74 
IGM 14:11:23 :         438    |          2070        |        0.25        |          22.74 
IGM 14:11:36 :         458    |          2075        |        0.27        |          22.74 
IGM 14:11:50 :         477    |          2080        |        0.28        |          22.74 
IGM 14:12:03 :         495    |          2085        |        0.30        |          22.74 
IGM 14:12:18 :         512    |          2090        |        0.32        |          22.73 
IGM 14:12:27 :         528    |          2095        |        0.32        |          22.71 
IGM 14:12:40 :         543    |          2100        |        0.34        |          22.69 
Computational statistics report:
                      iceflow  |  mean time per it :   0.7214  |  total : 391.6986  |  number it  :      543
                     optimize  |  mean time per it :   7.0416  |  total : 3520.7750  |  number it  :      500
                    time_step  |  mean time per it :   0.0009  |  total :   0.5152  |  number it  :      543
                          thk  |  mean time per it :   0.0028  |  total :   1.5160  |  number it  :      543
